[3.828s] Invoking command in '/home/matin/ros2_ws/src/examples/rclpy/services/minimal_client': CONDA_PROMPT_MODIFIER=(SpaceConcordia) PYTHONPATH=/home/matin/ros2_ws/build/examples_rclpy_minimal_client/prefix_override:/home/matin/ros2_ws/install/examples_rclpy_minimal_client/lib/python3.10/site-packages:${PYTHONPATH} /usr/bin/python3 setup.py egg_info --egg-base ../../../../../build/examples_rclpy_minimal_client build --build-base /home/matin/ros2_ws/build/examples_rclpy_minimal_client/build install --record /home/matin/ros2_ws/build/examples_rclpy_minimal_client/install.log --single-version-externally-managed
[4.601s] running egg_info
[4.608s] writing ../../../../../build/examples_rclpy_minimal_client/examples_rclpy_minimal_client.egg-info/PKG-INFO
[4.608s] writing dependency_links to ../../../../../build/examples_rclpy_minimal_client/examples_rclpy_minimal_client.egg-info/dependency_links.txt
[4.608s] writing entry points to ../../../../../build/examples_rclpy_minimal_client/examples_rclpy_minimal_client.egg-info/entry_points.txt
[4.608s] writing requirements to ../../../../../build/examples_rclpy_minimal_client/examples_rclpy_minimal_client.egg-info/requires.txt
[4.608s] writing top-level names to ../../../../../build/examples_rclpy_minimal_client/examples_rclpy_minimal_client.egg-info/top_level.txt
[4.611s] reading manifest file '../../../../../build/examples_rclpy_minimal_client/examples_rclpy_minimal_client.egg-info/SOURCES.txt'
[4.612s] writing manifest file '../../../../../build/examples_rclpy_minimal_client/examples_rclpy_minimal_client.egg-info/SOURCES.txt'
[4.612s] running build
[4.612s] running build_py
[4.613s] running install
[4.615s] running install_lib
[4.617s] running install_data
[4.620s] running install_egg_info
[4.625s] removing '/home/matin/ros2_ws/install/examples_rclpy_minimal_client/lib/python3.10/site-packages/examples_rclpy_minimal_client-0.15.1-py3.10.egg-info' (and everything under it)
[4.626s] Copying ../../../../../build/examples_rclpy_minimal_client/examples_rclpy_minimal_client.egg-info to /home/matin/ros2_ws/install/examples_rclpy_minimal_client/lib/python3.10/site-packages/examples_rclpy_minimal_client-0.15.1-py3.10.egg-info
[4.628s] running install_scripts
[4.686s] Installing client script to /home/matin/ros2_ws/install/examples_rclpy_minimal_client/lib/examples_rclpy_minimal_client
[4.687s] Installing client_async script to /home/matin/ros2_ws/install/examples_rclpy_minimal_client/lib/examples_rclpy_minimal_client
[4.687s] Installing client_async_callback script to /home/matin/ros2_ws/install/examples_rclpy_minimal_client/lib/examples_rclpy_minimal_client
[4.687s] Installing client_async_member_function script to /home/matin/ros2_ws/install/examples_rclpy_minimal_client/lib/examples_rclpy_minimal_client
[4.687s] writing list of installed files to '/home/matin/ros2_ws/build/examples_rclpy_minimal_client/install.log'
