[3.473s] Invoking command in '/home/matin/ros2_ws/build/examples_rclpy_minimal_action_server': CONDA_PROMPT_MODIFIER=(SpaceConcordia) PYTHONPATH=/home/matin/ros2_ws/build/examples_rclpy_minimal_action_server/prefix_override:/home/matin/ros2_ws/install/examples_rclpy_minimal_action_server/lib/python3.10/site-packages:${PYTHONPATH} /usr/bin/python3 setup.py develop --editable --build-directory /home/matin/ros2_ws/build/examples_rclpy_minimal_action_server/build --no-deps install_data
[4.229s] running develop
[4.231s] /usr/lib/python3/dist-packages/setuptools/command/easy_install.py:158: EasyInstallDeprecationWarning: easy_install command is deprecated. Use build and pip and other standards-based tools.
[4.231s]   warnings.warn(
[4.235s] /usr/lib/python3/dist-packages/setuptools/command/install.py:34: SetuptoolsDeprecationWarning: setup.py install is deprecated. Use build and pip and other standards-based tools.
[4.237s]   warnings.warn(
[4.633s] running egg_info
[4.633s] creating examples_rclpy_minimal_action_server.egg-info
[4.635s] writing examples_rclpy_minimal_action_server.egg-info/PKG-INFO
[4.636s] writing dependency_links to examples_rclpy_minimal_action_server.egg-info/dependency_links.txt
[4.637s] writing entry points to examples_rclpy_minimal_action_server.egg-info/entry_points.txt
[4.638s] writing requirements to examples_rclpy_minimal_action_server.egg-info/requires.txt
[4.638s] writing top-level names to examples_rclpy_minimal_action_server.egg-info/top_level.txt
[4.639s] writing manifest file 'examples_rclpy_minimal_action_server.egg-info/SOURCES.txt'
[4.645s] reading manifest file 'examples_rclpy_minimal_action_server.egg-info/SOURCES.txt'
[4.648s] writing manifest file 'examples_rclpy_minimal_action_server.egg-info/SOURCES.txt'
[4.651s] running build_ext
[4.652s] Creating /home/matin/ros2_ws/install/examples_rclpy_minimal_action_server/lib/python3.10/site-packages/examples-rclpy-minimal-action-server.egg-link (link to .)
[4.655s] Installing server script to /home/matin/ros2_ws/install/examples_rclpy_minimal_action_server/lib/examples_rclpy_minimal_action_server
[4.656s] Installing server_defer script to /home/matin/ros2_ws/install/examples_rclpy_minimal_action_server/lib/examples_rclpy_minimal_action_server
[4.657s] Installing server_not_composable script to /home/matin/ros2_ws/install/examples_rclpy_minimal_action_server/lib/examples_rclpy_minimal_action_server
[4.658s] Installing server_queue_goals script to /home/matin/ros2_ws/install/examples_rclpy_minimal_action_server/lib/examples_rclpy_minimal_action_server
[4.659s] Installing server_single_goal script to /home/matin/ros2_ws/install/examples_rclpy_minimal_action_server/lib/examples_rclpy_minimal_action_server
[4.660s] 
[4.660s] Installed /home/matin/ros2_ws/build/examples_rclpy_minimal_action_server
[4.661s] running install_data
[4.661s] creating /home/matin/ros2_ws/install/examples_rclpy_minimal_action_server/share/ament_index
[4.662s] creating /home/matin/ros2_ws/install/examples_rclpy_minimal_action_server/share/ament_index/resource_index
[4.663s] creating /home/matin/ros2_ws/install/examples_rclpy_minimal_action_server/share/ament_index/resource_index/packages
[4.664s] copying resource/examples_rclpy_minimal_action_server -> /home/matin/ros2_ws/install/examples_rclpy_minimal_action_server/share/ament_index/resource_index/packages
[4.665s] copying package.xml -> /home/matin/ros2_ws/install/examples_rclpy_minimal_action_server/share/examples_rclpy_minimal_action_server
[4.858s] Invoked command in '/home/matin/ros2_ws/build/examples_rclpy_minimal_action_server' returned '0': CONDA_PROMPT_MODIFIER=(SpaceConcordia) PYTHONPATH=/home/matin/ros2_ws/build/examples_rclpy_minimal_action_server/prefix_override:/home/matin/ros2_ws/install/examples_rclpy_minimal_action_server/lib/python3.10/site-packages:${PYTHONPATH} /usr/bin/python3 setup.py develop --editable --build-directory /home/matin/ros2_ws/build/examples_rclpy_minimal_action_server/build --no-deps install_data
