[0.159s] Invoking command in '/home/matin/ros2_ws/build/my_cpp_pkg': CMAKE_PREFIX_PATH=/opt/ros/humble CONDA_PROMPT_MODIFIER=(SpaceConcordia) /usr/bin/cmake --build /home/matin/ros2_ws/build/my_cpp_pkg -- -j8 -l8
[0.526s] Invoked command in '/home/matin/ros2_ws/build/my_cpp_pkg' returned '0': CMAKE_PREFIX_PATH=/opt/ros/humble CONDA_PROMPT_MODIFIER=(SpaceConcordia) /usr/bin/cmake --build /home/matin/ros2_ws/build/my_cpp_pkg -- -j8 -l8
[0.564s] Invoking command in '/home/matin/ros2_ws/build/my_cpp_pkg': CMAKE_PREFIX_PATH=/opt/ros/humble CONDA_PROMPT_MODIFIER=(SpaceConcordia) /usr/bin/cmake --install /home/matin/ros2_ws/build/my_cpp_pkg
[0.571s] -- Install configuration: ""
[0.572s] -- Up-to-date: /home/matin/ros2_ws/install/my_cpp_pkg/share/ament_index/resource_index/package_run_dependencies/my_cpp_pkg
[0.572s] -- Up-to-date: /home/matin/ros2_ws/install/my_cpp_pkg/share/ament_index/resource_index/parent_prefix_path/my_cpp_pkg
[0.573s] -- Up-to-date: /home/matin/ros2_ws/install/my_cpp_pkg/share/my_cpp_pkg/environment/ament_prefix_path.sh
[0.573s] -- Up-to-date: /home/matin/ros2_ws/install/my_cpp_pkg/share/my_cpp_pkg/environment/ament_prefix_path.dsv
[0.573s] -- Up-to-date: /home/matin/ros2_ws/install/my_cpp_pkg/share/my_cpp_pkg/environment/path.sh
[0.573s] -- Up-to-date: /home/matin/ros2_ws/install/my_cpp_pkg/share/my_cpp_pkg/environment/path.dsv
[0.573s] -- Up-to-date: /home/matin/ros2_ws/install/my_cpp_pkg/share/my_cpp_pkg/local_setup.bash
[0.573s] -- Up-to-date: /home/matin/ros2_ws/install/my_cpp_pkg/share/my_cpp_pkg/local_setup.sh
[0.573s] -- Up-to-date: /home/matin/ros2_ws/install/my_cpp_pkg/share/my_cpp_pkg/local_setup.zsh
[0.573s] -- Up-to-date: /home/matin/ros2_ws/install/my_cpp_pkg/share/my_cpp_pkg/local_setup.dsv
[0.573s] -- Up-to-date: /home/matin/ros2_ws/install/my_cpp_pkg/share/my_cpp_pkg/package.dsv
[0.574s] -- Up-to-date: /home/matin/ros2_ws/install/my_cpp_pkg/share/ament_index/resource_index/packages/my_cpp_pkg
[0.574s] -- Up-to-date: /home/matin/ros2_ws/install/my_cpp_pkg/share/my_cpp_pkg/cmake/my_cpp_pkgConfig.cmake
[0.574s] -- Up-to-date: /home/matin/ros2_ws/install/my_cpp_pkg/share/my_cpp_pkg/cmake/my_cpp_pkgConfig-version.cmake
[0.574s] -- Up-to-date: /home/matin/ros2_ws/install/my_cpp_pkg/share/my_cpp_pkg/package.xml
[0.577s] Invoked command in '/home/matin/ros2_ws/build/my_cpp_pkg' returned '0': CMAKE_PREFIX_PATH=/opt/ros/humble CONDA_PROMPT_MODIFIER=(SpaceConcordia) /usr/bin/cmake --install /home/matin/ros2_ws/build/my_cpp_pkg
