[0.363s] Invoking command in '/home/matin/ros2_ws/build/examples_rclcpp_multithreaded_executor': CMAKE_PREFIX_PATH=/opt/ros/humble CONDA_PROMPT_MODIFIER=(SpaceConcordia) /usr/bin/cmake /home/matin/ros2_ws/src/examples/rclcpp/executors/multithreaded_executor -DCMAKE_INSTALL_PREFIX=/home/matin/ros2_ws/install/examples_rclcpp_multithreaded_executor
[0.521s] -- Found ament_cmake: 1.3.7 (/opt/ros/humble/share/ament_cmake/cmake)
[0.644s] -- Override CMake install command with custom implementation using symlinks instead of copying resources
[0.657s] -- Found rclcpp: 16.0.8 (/opt/ros/humble/share/rclcpp/cmake)
[0.814s] -- Found rosidl_generator_c: 3.1.5 (/opt/ros/humble/share/rosidl_generator_c/cmake)
[0.827s] -- Found rosidl_adapter: 3.1.5 (/opt/ros/humble/share/rosidl_adapter/cmake)
[0.847s] -- Found rosidl_generator_cpp: 3.1.5 (/opt/ros/humble/share/rosidl_generator_cpp/cmake)
[0.879s] -- Using all available rosidl_typesupport_c: rosidl_typesupport_fastrtps_c;rosidl_typesupport_introspection_c
[0.923s] -- Using all available rosidl_typesupport_cpp: rosidl_typesupport_fastrtps_cpp;rosidl_typesupport_introspection_cpp
[1.096s] -- Found rmw_implementation_cmake: 6.1.1 (/opt/ros/humble/share/rmw_implementation_cmake/cmake)
[1.106s] -- Found rmw_fastrtps_cpp: 6.2.6 (/opt/ros/humble/share/rmw_fastrtps_cpp/cmake)
[4.119s] -- Using RMW implementation 'rmw_fastrtps_cpp' as default
[4.552s] -- Found ament_lint_auto: 0.12.10 (/opt/ros/humble/share/ament_lint_auto/cmake)
[4.673s] -- Added test 'copyright' to check source files copyright and LICENSE
[4.674s] -- Added test 'cppcheck' to perform static code analysis on C / C++ code
[4.675s] -- Configured cppcheck include dirs: 
[4.675s] -- Configured cppcheck exclude dirs and/or files: 
[4.676s] -- Added test 'cpplint' to check C / C++ code against the Google style
[4.676s] -- Configured cpplint exclude dirs and/or files: 
[4.677s] -- Added test 'lint_cmake' to check CMake code style
[4.679s] -- Added test 'uncrustify' to check C / C++ code style
[4.679s] -- Configured uncrustify additional arguments: 
[4.680s] -- Added test 'xmllint' to check XML markup files
[4.681s] -- Configuring done
[4.699s] -- Generating done
[4.701s] -- Build files have been written to: /home/matin/ros2_ws/build/examples_rclcpp_multithreaded_executor
[5.357s] Invoked command in '/home/matin/ros2_ws/build/examples_rclcpp_multithreaded_executor' returned '0': CMAKE_PREFIX_PATH=/opt/ros/humble CONDA_PROMPT_MODIFIER=(SpaceConcordia) /usr/bin/cmake /home/matin/ros2_ws/src/examples/rclcpp/executors/multithreaded_executor -DCMAKE_INSTALL_PREFIX=/home/matin/ros2_ws/install/examples_rclcpp_multithreaded_executor
[5.363s] Invoking command in '/home/matin/ros2_ws/build/examples_rclcpp_multithreaded_executor': CMAKE_PREFIX_PATH=/opt/ros/humble CONDA_PROMPT_MODIFIER=(SpaceConcordia) /usr/bin/cmake --build /home/matin/ros2_ws/build/examples_rclcpp_multithreaded_executor -- -j8 -l8
[5.441s] [35m[1mConsolidate compiler generated dependencies of target multithreaded_executor[0m
[5.474s] [100%] Built target multithreaded_executor
[5.530s] Invoked command in '/home/matin/ros2_ws/build/examples_rclcpp_multithreaded_executor' returned '0': CMAKE_PREFIX_PATH=/opt/ros/humble CONDA_PROMPT_MODIFIER=(SpaceConcordia) /usr/bin/cmake --build /home/matin/ros2_ws/build/examples_rclcpp_multithreaded_executor -- -j8 -l8
[5.733s] Invoking command in '/home/matin/ros2_ws/build/examples_rclcpp_multithreaded_executor': CMAKE_PREFIX_PATH=/opt/ros/humble CONDA_PROMPT_MODIFIER=(SpaceConcordia) /usr/bin/cmake --install /home/matin/ros2_ws/build/examples_rclcpp_multithreaded_executor
[5.748s] -- Install configuration: ""
[5.748s] -- Execute custom install script
[5.748s] -- Up-to-date symlink: /home/matin/ros2_ws/install/examples_rclcpp_multithreaded_executor/lib/examples_rclcpp_multithreaded_executor/multithreaded_executor
[5.749s] -- Up-to-date symlink: /home/matin/ros2_ws/install/examples_rclcpp_multithreaded_executor/share/ament_index/resource_index/package_run_dependencies/examples_rclcpp_multithreaded_executor
[5.749s] -- Up-to-date symlink: /home/matin/ros2_ws/install/examples_rclcpp_multithreaded_executor/share/ament_index/resource_index/parent_prefix_path/examples_rclcpp_multithreaded_executor
[5.749s] -- Up-to-date symlink: /home/matin/ros2_ws/install/examples_rclcpp_multithreaded_executor/share/examples_rclcpp_multithreaded_executor/environment/ament_prefix_path.sh
[5.749s] -- Up-to-date symlink: /home/matin/ros2_ws/install/examples_rclcpp_multithreaded_executor/share/examples_rclcpp_multithreaded_executor/environment/ament_prefix_path.dsv
[5.750s] -- Up-to-date symlink: /home/matin/ros2_ws/install/examples_rclcpp_multithreaded_executor/share/examples_rclcpp_multithreaded_executor/environment/path.sh
[5.750s] -- Up-to-date symlink: /home/matin/ros2_ws/install/examples_rclcpp_multithreaded_executor/share/examples_rclcpp_multithreaded_executor/environment/path.dsv
[5.750s] -- Up-to-date symlink: /home/matin/ros2_ws/install/examples_rclcpp_multithreaded_executor/share/examples_rclcpp_multithreaded_executor/local_setup.bash
[5.750s] -- Up-to-date symlink: /home/matin/ros2_ws/install/examples_rclcpp_multithreaded_executor/share/examples_rclcpp_multithreaded_executor/local_setup.sh
[5.752s] -- Up-to-date symlink: /home/matin/ros2_ws/install/examples_rclcpp_multithreaded_executor/share/examples_rclcpp_multithreaded_executor/local_setup.zsh
[5.752s] -- Up-to-date symlink: /home/matin/ros2_ws/install/examples_rclcpp_multithreaded_executor/share/examples_rclcpp_multithreaded_executor/local_setup.dsv
[5.752s] -- Symlinking: /home/matin/ros2_ws/install/examples_rclcpp_multithreaded_executor/share/examples_rclcpp_multithreaded_executor/package.dsv
[5.769s] -- Up-to-date symlink: /home/matin/ros2_ws/install/examples_rclcpp_multithreaded_executor/share/ament_index/resource_index/packages/examples_rclcpp_multithreaded_executor
[5.770s] -- Up-to-date symlink: /home/matin/ros2_ws/install/examples_rclcpp_multithreaded_executor/share/examples_rclcpp_multithreaded_executor/cmake/examples_rclcpp_multithreaded_executorConfig.cmake
[5.770s] -- Up-to-date symlink: /home/matin/ros2_ws/install/examples_rclcpp_multithreaded_executor/share/examples_rclcpp_multithreaded_executor/cmake/examples_rclcpp_multithreaded_executorConfig-version.cmake
[5.783s] -- Up-to-date symlink: /home/matin/ros2_ws/install/examples_rclcpp_multithreaded_executor/share/examples_rclcpp_multithreaded_executor/package.xml
[5.797s] Invoked command in '/home/matin/ros2_ws/build/examples_rclcpp_multithreaded_executor' returned '0': CMAKE_PREFIX_PATH=/opt/ros/humble CONDA_PROMPT_MODIFIER=(SpaceConcordia) /usr/bin/cmake --install /home/matin/ros2_ws/build/examples_rclcpp_multithreaded_executor
