[3.507s] Invoking command in '/home/matin/ros2_ws/src/examples/rclpy/services/minimal_service': CONDA_PROMPT_MODIFIER=(SpaceConcordia) PYTHONPATH=/home/matin/ros2_ws/build/examples_rclpy_minimal_service/prefix_override:/home/matin/ros2_ws/install/examples_rclpy_minimal_service/lib/python3.10/site-packages:${PYTHONPATH} /usr/bin/python3 setup.py egg_info --egg-base ../../../../../build/examples_rclpy_minimal_service build --build-base /home/matin/ros2_ws/build/examples_rclpy_minimal_service/build install --record /home/matin/ros2_ws/build/examples_rclpy_minimal_service/install.log --single-version-externally-managed
[4.109s] running egg_info
[4.110s] writing ../../../../../build/examples_rclpy_minimal_service/examples_rclpy_minimal_service.egg-info/PKG-INFO
[4.111s] writing dependency_links to ../../../../../build/examples_rclpy_minimal_service/examples_rclpy_minimal_service.egg-info/dependency_links.txt
[4.115s] writing entry points to ../../../../../build/examples_rclpy_minimal_service/examples_rclpy_minimal_service.egg-info/entry_points.txt
[4.115s] writing requirements to ../../../../../build/examples_rclpy_minimal_service/examples_rclpy_minimal_service.egg-info/requires.txt
[4.116s] writing top-level names to ../../../../../build/examples_rclpy_minimal_service/examples_rclpy_minimal_service.egg-info/top_level.txt
[4.123s] reading manifest file '../../../../../build/examples_rclpy_minimal_service/examples_rclpy_minimal_service.egg-info/SOURCES.txt'
[4.125s] writing manifest file '../../../../../build/examples_rclpy_minimal_service/examples_rclpy_minimal_service.egg-info/SOURCES.txt'
[4.125s] running build
[4.125s] running build_py
[4.126s] running install
[4.127s] running install_lib
[4.129s] running install_data
[4.130s] running install_egg_info
[4.134s] removing '/home/matin/ros2_ws/install/examples_rclpy_minimal_service/lib/python3.10/site-packages/examples_rclpy_minimal_service-0.15.1-py3.10.egg-info' (and everything under it)
[4.135s] Copying ../../../../../build/examples_rclpy_minimal_service/examples_rclpy_minimal_service.egg-info to /home/matin/ros2_ws/install/examples_rclpy_minimal_service/lib/python3.10/site-packages/examples_rclpy_minimal_service-0.15.1-py3.10.egg-info
[4.138s] running install_scripts
[4.196s] Installing service script to /home/matin/ros2_ws/install/examples_rclpy_minimal_service/lib/examples_rclpy_minimal_service
[4.196s] Installing service_member_function script to /home/matin/ros2_ws/install/examples_rclpy_minimal_service/lib/examples_rclpy_minimal_service
[4.197s] writing list of installed files to '/home/matin/ros2_ws/build/examples_rclpy_minimal_service/install.log'
