[0.199s] Invoking command in '/home/matin/ros2_ws/build/examples_rclcpp_multithreaded_executor': CMAKE_PREFIX_PATH=/opt/ros/humble CONDA_PROMPT_MODIFIER=(SpaceConcordia) /usr/bin/cmake /home/matin/ros2_ws/src/examples/rclcpp/executors/multithreaded_executor -DAMENT_CMAKE_SYMLINK_INSTALL=1 -DCMAKE_INSTALL_PREFIX=/home/matin/ros2_ws/install/examples_rclcpp_multithreaded_executor
[9.056s] -- The C compiler identification is GNU 11.4.0
[9.057s] -- The CXX compiler identification is GNU 11.4.0
[9.058s] -- Detecting C compiler ABI info
[9.058s] -- Detecting C compiler ABI info - done
[9.058s] -- Check for working C compiler: /usr/bin/cc - skipped
[9.059s] -- Detecting C compile features
[9.059s] -- Detecting C compile features - done
[9.059s] -- Detecting CXX compiler ABI info
[9.060s] -- Detecting CXX compiler ABI info - done
[9.060s] -- Check for working CXX compiler: /usr/bin/c++ - skipped
[9.060s] -- Detecting CXX compile features
[9.061s] -- Detecting CXX compile features - done
[9.062s] -- Found ament_cmake: 1.3.7 (/opt/ros/humble/share/ament_cmake/cmake)
[9.063s] -- Found Python3: /usr/bin/python3.10 (found version "3.10.12") found components: Interpreter 
[9.069s] -- Override CMake install command with custom implementation using symlinks instead of copying resources
[9.069s] -- Found rclcpp: 16.0.8 (/opt/ros/humble/share/rclcpp/cmake)
[9.069s] -- Found rosidl_generator_c: 3.1.5 (/opt/ros/humble/share/rosidl_generator_c/cmake)
[9.069s] -- Found rosidl_adapter: 3.1.5 (/opt/ros/humble/share/rosidl_adapter/cmake)
[9.070s] -- Found rosidl_generator_cpp: 3.1.5 (/opt/ros/humble/share/rosidl_generator_cpp/cmake)
[9.070s] -- Using all available rosidl_typesupport_c: rosidl_typesupport_fastrtps_c;rosidl_typesupport_introspection_c
[9.070s] -- Using all available rosidl_typesupport_cpp: rosidl_typesupport_fastrtps_cpp;rosidl_typesupport_introspection_cpp
[9.070s] -- Found rmw_implementation_cmake: 6.1.1 (/opt/ros/humble/share/rmw_implementation_cmake/cmake)
[9.070s] -- Found rmw_fastrtps_cpp: 6.2.6 (/opt/ros/humble/share/rmw_fastrtps_cpp/cmake)
[9.071s] -- Found OpenSSL: /usr/lib/x86_64-linux-gnu/libcrypto.so (found version "3.0.2")  
[9.079s] -- Found FastRTPS: /opt/ros/humble/include  
[11.342s] -- Using RMW implementation 'rmw_fastrtps_cpp' as default
[11.386s] -- Looking for pthread.h
[11.688s] -- Looking for pthread.h - found
[11.689s] -- Performing Test CMAKE_HAVE_LIBC_PTHREAD
[12.136s] -- Performing Test CMAKE_HAVE_LIBC_PTHREAD - Success
[12.138s] -- Found Threads: TRUE  
[12.643s] -- Found ament_lint_auto: 0.12.10 (/opt/ros/humble/share/ament_lint_auto/cmake)
[12.908s] -- Added test 'copyright' to check source files copyright and LICENSE
[12.910s] -- Added test 'cppcheck' to perform static code analysis on C / C++ code
[12.910s] -- Configured cppcheck include dirs: 
[12.911s] -- Configured cppcheck exclude dirs and/or files: 
[12.915s] -- Added test 'cpplint' to check C / C++ code against the Google style
[12.915s] -- Configured cpplint exclude dirs and/or files: 
[12.915s] -- Added test 'lint_cmake' to check CMake code style
[12.916s] -- Added test 'uncrustify' to check C / C++ code style
[12.916s] -- Configured uncrustify additional arguments: 
[12.918s] -- Added test 'xmllint' to check XML markup files
[12.921s] -- Configuring done
[12.986s] -- Generating done
[12.986s] -- Build files have been written to: /home/matin/ros2_ws/build/examples_rclcpp_multithreaded_executor
[13.144s] Invoked command in '/home/matin/ros2_ws/build/examples_rclcpp_multithreaded_executor' returned '0': CMAKE_PREFIX_PATH=/opt/ros/humble CONDA_PROMPT_MODIFIER=(SpaceConcordia) /usr/bin/cmake /home/matin/ros2_ws/src/examples/rclcpp/executors/multithreaded_executor -DAMENT_CMAKE_SYMLINK_INSTALL=1 -DCMAKE_INSTALL_PREFIX=/home/matin/ros2_ws/install/examples_rclcpp_multithreaded_executor
[13.168s] Invoking command in '/home/matin/ros2_ws/build/examples_rclcpp_multithreaded_executor': CMAKE_PREFIX_PATH=/opt/ros/humble CONDA_PROMPT_MODIFIER=(SpaceConcordia) /usr/bin/cmake --build /home/matin/ros2_ws/build/examples_rclcpp_multithreaded_executor -- -j8 -l8
[13.304s] [ 50%] [32mBuilding CXX object CMakeFiles/multithreaded_executor.dir/multithreaded_executor.cpp.o[0m
[34.416s] [100%] [32m[1mLinking CXX executable multithreaded_executor[0m
[35.129s] [100%] Built target multithreaded_executor
[35.147s] Invoked command in '/home/matin/ros2_ws/build/examples_rclcpp_multithreaded_executor' returned '0': CMAKE_PREFIX_PATH=/opt/ros/humble CONDA_PROMPT_MODIFIER=(SpaceConcordia) /usr/bin/cmake --build /home/matin/ros2_ws/build/examples_rclcpp_multithreaded_executor -- -j8 -l8
[35.183s] Invoking command in '/home/matin/ros2_ws/build/examples_rclcpp_multithreaded_executor': CMAKE_PREFIX_PATH=/opt/ros/humble CONDA_PROMPT_MODIFIER=(SpaceConcordia) /usr/bin/cmake --install /home/matin/ros2_ws/build/examples_rclcpp_multithreaded_executor
[35.191s] -- Install configuration: ""
[35.192s] -- Execute custom install script
[35.194s] -- Symlinking: /home/matin/ros2_ws/install/examples_rclcpp_multithreaded_executor/lib/examples_rclcpp_multithreaded_executor/multithreaded_executor
[35.206s] -- Symlinking: /home/matin/ros2_ws/install/examples_rclcpp_multithreaded_executor/share/ament_index/resource_index/package_run_dependencies/examples_rclcpp_multithreaded_executor
[35.220s] -- Symlinking: /home/matin/ros2_ws/install/examples_rclcpp_multithreaded_executor/share/ament_index/resource_index/parent_prefix_path/examples_rclcpp_multithreaded_executor
[35.232s] -- Symlinking: /home/matin/ros2_ws/install/examples_rclcpp_multithreaded_executor/share/examples_rclcpp_multithreaded_executor/environment/ament_prefix_path.sh
[35.242s] -- Symlinking: /home/matin/ros2_ws/install/examples_rclcpp_multithreaded_executor/share/examples_rclcpp_multithreaded_executor/environment/ament_prefix_path.dsv
[35.252s] -- Symlinking: /home/matin/ros2_ws/install/examples_rclcpp_multithreaded_executor/share/examples_rclcpp_multithreaded_executor/environment/path.sh
[35.264s] -- Symlinking: /home/matin/ros2_ws/install/examples_rclcpp_multithreaded_executor/share/examples_rclcpp_multithreaded_executor/environment/path.dsv
[35.275s] -- Symlinking: /home/matin/ros2_ws/install/examples_rclcpp_multithreaded_executor/share/examples_rclcpp_multithreaded_executor/local_setup.bash
[35.285s] -- Symlinking: /home/matin/ros2_ws/install/examples_rclcpp_multithreaded_executor/share/examples_rclcpp_multithreaded_executor/local_setup.sh
[35.297s] -- Symlinking: /home/matin/ros2_ws/install/examples_rclcpp_multithreaded_executor/share/examples_rclcpp_multithreaded_executor/local_setup.zsh
[35.311s] -- Symlinking: /home/matin/ros2_ws/install/examples_rclcpp_multithreaded_executor/share/examples_rclcpp_multithreaded_executor/local_setup.dsv
[35.323s] -- Symlinking: /home/matin/ros2_ws/install/examples_rclcpp_multithreaded_executor/share/examples_rclcpp_multithreaded_executor/package.dsv
[35.335s] -- Symlinking: /home/matin/ros2_ws/install/examples_rclcpp_multithreaded_executor/share/ament_index/resource_index/packages/examples_rclcpp_multithreaded_executor
[35.348s] -- Symlinking: /home/matin/ros2_ws/install/examples_rclcpp_multithreaded_executor/share/examples_rclcpp_multithreaded_executor/cmake/examples_rclcpp_multithreaded_executorConfig.cmake
[35.359s] -- Symlinking: /home/matin/ros2_ws/install/examples_rclcpp_multithreaded_executor/share/examples_rclcpp_multithreaded_executor/cmake/examples_rclcpp_multithreaded_executorConfig-version.cmake
[35.369s] -- Symlinking: /home/matin/ros2_ws/install/examples_rclcpp_multithreaded_executor/share/examples_rclcpp_multithreaded_executor/package.xml
[35.388s] Invoked command in '/home/matin/ros2_ws/build/examples_rclcpp_multithreaded_executor' returned '0': CMAKE_PREFIX_PATH=/opt/ros/humble CONDA_PROMPT_MODIFIER=(SpaceConcordia) /usr/bin/cmake --install /home/matin/ros2_ws/build/examples_rclcpp_multithreaded_executor
