[2.061s] Invoking command in '/home/matin/ros2_ws/build/examples_rclpy_pointcloud_publisher': CONDA_PROMPT_MODIFIER=(SpaceConcordia) PYTHONPATH=/home/matin/ros2_ws/build/examples_rclpy_pointcloud_publisher/prefix_override:/home/matin/ros2_ws/install/examples_rclpy_pointcloud_publisher/lib/python3.10/site-packages:${PYTHONPATH} /usr/bin/python3 setup.py develop --editable --build-directory /home/matin/ros2_ws/build/examples_rclpy_pointcloud_publisher/build --no-deps install_data
[2.665s] running develop
[2.667s] /usr/lib/python3/dist-packages/setuptools/command/easy_install.py:158: EasyInstallDeprecationWarning: easy_install command is deprecated. Use build and pip and other standards-based tools.
[2.667s]   warnings.warn(
[2.671s] /usr/lib/python3/dist-packages/setuptools/command/install.py:34: SetuptoolsDeprecationWarning: setup.py install is deprecated. Use build and pip and other standards-based tools.
[2.671s]   warnings.warn(
[3.036s] running egg_info
[3.036s] creating examples_rclpy_pointcloud_publisher.egg-info
[3.037s] writing examples_rclpy_pointcloud_publisher.egg-info/PKG-INFO
[3.037s] writing dependency_links to examples_rclpy_pointcloud_publisher.egg-info/dependency_links.txt
[3.038s] writing entry points to examples_rclpy_pointcloud_publisher.egg-info/entry_points.txt
[3.038s] writing requirements to examples_rclpy_pointcloud_publisher.egg-info/requires.txt
[3.038s] writing top-level names to examples_rclpy_pointcloud_publisher.egg-info/top_level.txt
[3.039s] writing manifest file 'examples_rclpy_pointcloud_publisher.egg-info/SOURCES.txt'
[3.045s] reading manifest file 'examples_rclpy_pointcloud_publisher.egg-info/SOURCES.txt'
[3.047s] writing manifest file 'examples_rclpy_pointcloud_publisher.egg-info/SOURCES.txt'
[3.067s] running build_ext
[3.068s] Creating /home/matin/ros2_ws/install/examples_rclpy_pointcloud_publisher/lib/python3.10/site-packages/examples-rclpy-pointcloud-publisher.egg-link (link to .)
[3.068s] Installing pointcloud_publisher script to /home/matin/ros2_ws/install/examples_rclpy_pointcloud_publisher/lib/examples_rclpy_pointcloud_publisher
[3.069s] 
[3.069s] Installed /home/matin/ros2_ws/build/examples_rclpy_pointcloud_publisher
[3.069s] running install_data
[3.072s] creating /home/matin/ros2_ws/install/examples_rclpy_pointcloud_publisher/share/ament_index
[3.074s] creating /home/matin/ros2_ws/install/examples_rclpy_pointcloud_publisher/share/ament_index/resource_index
[3.075s] creating /home/matin/ros2_ws/install/examples_rclpy_pointcloud_publisher/share/ament_index/resource_index/packages
[3.075s] copying resource/examples_rclpy_pointcloud_publisher -> /home/matin/ros2_ws/install/examples_rclpy_pointcloud_publisher/share/ament_index/resource_index/packages
[3.075s] copying package.xml -> /home/matin/ros2_ws/install/examples_rclpy_pointcloud_publisher/share/examples_rclpy_pointcloud_publisher
[3.204s] Invoked command in '/home/matin/ros2_ws/build/examples_rclpy_pointcloud_publisher' returned '0': CONDA_PROMPT_MODIFIER=(SpaceConcordia) PYTHONPATH=/home/matin/ros2_ws/build/examples_rclpy_pointcloud_publisher/prefix_override:/home/matin/ros2_ws/install/examples_rclpy_pointcloud_publisher/lib/python3.10/site-packages:${PYTHONPATH} /usr/bin/python3 setup.py develop --editable --build-directory /home/matin/ros2_ws/build/examples_rclpy_pointcloud_publisher/build --no-deps install_data
