[4.034s] Invoking command in '/home/matin/ros2_ws/build/examples_rclpy_guard_conditions': CONDA_PROMPT_MODIFIER=(SpaceConcordia) PYTHONPATH=/home/matin/ros2_ws/build/examples_rclpy_guard_conditions/prefix_override:/home/matin/ros2_ws/install/examples_rclpy_guard_conditions/lib/python3.10/site-packages:${PYTHONPATH} /usr/bin/python3 setup.py develop --editable --build-directory /home/matin/ros2_ws/build/examples_rclpy_guard_conditions/build --no-deps install_data
[5.278s] running develop
[5.282s] /usr/lib/python3/dist-packages/setuptools/command/easy_install.py:158: EasyInstallDeprecationWarning: easy_install command is deprecated. Use build and pip and other standards-based tools.
[5.282s]   warnings.warn(
[5.293s] /usr/lib/python3/dist-packages/setuptools/command/install.py:34: SetuptoolsDeprecationWarning: setup.py install is deprecated. Use build and pip and other standards-based tools.
[5.294s]   warnings.warn(
[5.894s] running egg_info
[5.894s] creating examples_rclpy_guard_conditions.egg-info
[5.896s] writing examples_rclpy_guard_conditions.egg-info/PKG-INFO
[5.896s] writing dependency_links to examples_rclpy_guard_conditions.egg-info/dependency_links.txt
[5.899s] writing entry points to examples_rclpy_guard_conditions.egg-info/entry_points.txt
[5.899s] writing requirements to examples_rclpy_guard_conditions.egg-info/requires.txt
[5.899s] writing top-level names to examples_rclpy_guard_conditions.egg-info/top_level.txt
[5.899s] writing manifest file 'examples_rclpy_guard_conditions.egg-info/SOURCES.txt'
[5.911s] reading manifest file 'examples_rclpy_guard_conditions.egg-info/SOURCES.txt'
[5.911s] writing manifest file 'examples_rclpy_guard_conditions.egg-info/SOURCES.txt'
[5.912s] running build_ext
[5.912s] Creating /home/matin/ros2_ws/install/examples_rclpy_guard_conditions/lib/python3.10/site-packages/examples-rclpy-guard-conditions.egg-link (link to .)
[5.916s] Installing trigger_guard_condition script to /home/matin/ros2_ws/install/examples_rclpy_guard_conditions/lib/examples_rclpy_guard_conditions
[5.917s] 
[5.917s] Installed /home/matin/ros2_ws/build/examples_rclpy_guard_conditions
[5.917s] running install_data
[5.917s] creating /home/matin/ros2_ws/install/examples_rclpy_guard_conditions/share/ament_index
[5.918s] creating /home/matin/ros2_ws/install/examples_rclpy_guard_conditions/share/ament_index/resource_index
[5.918s] creating /home/matin/ros2_ws/install/examples_rclpy_guard_conditions/share/ament_index/resource_index/packages
[5.918s] copying resource/examples_rclpy_guard_conditions -> /home/matin/ros2_ws/install/examples_rclpy_guard_conditions/share/ament_index/resource_index/packages
[5.919s] copying package.xml -> /home/matin/ros2_ws/install/examples_rclpy_guard_conditions/share/examples_rclpy_guard_conditions
[6.024s] Invoked command in '/home/matin/ros2_ws/build/examples_rclpy_guard_conditions' returned '0': CONDA_PROMPT_MODIFIER=(SpaceConcordia) PYTHONPATH=/home/matin/ros2_ws/build/examples_rclpy_guard_conditions/prefix_override:/home/matin/ros2_ws/install/examples_rclpy_guard_conditions/lib/python3.10/site-packages:${PYTHONPATH} /usr/bin/python3 setup.py develop --editable --build-directory /home/matin/ros2_ws/build/examples_rclpy_guard_conditions/build --no-deps install_data
