[0.195s] Invoking command in '/home/matin/ros2_ws/build/examples_rclcpp_minimal_composition': CMAKE_PREFIX_PATH=/opt/ros/humble CONDA_PROMPT_MODIFIER=(SpaceConcordia) /usr/bin/cmake /home/matin/ros2_ws/src/examples/rclcpp/composition/minimal_composition -DCMAKE_INSTALL_PREFIX=/home/matin/ros2_ws/install/examples_rclcpp_minimal_composition
[0.300s] -- Found ament_cmake: 1.3.7 (/opt/ros/humble/share/ament_cmake/cmake)
[0.509s] -- Override CMake install command with custom implementation using symlinks instead of copying resources
[0.523s] -- Found rclcpp: 16.0.8 (/opt/ros/humble/share/rclcpp/cmake)
[0.687s] -- Found rosidl_generator_c: 3.1.5 (/opt/ros/humble/share/rosidl_generator_c/cmake)
[0.692s] -- Found rosidl_adapter: 3.1.5 (/opt/ros/humble/share/rosidl_adapter/cmake)
[0.711s] -- Found rosidl_generator_cpp: 3.1.5 (/opt/ros/humble/share/rosidl_generator_cpp/cmake)
[0.739s] -- Using all available rosidl_typesupport_c: rosidl_typesupport_fastrtps_c;rosidl_typesupport_introspection_c
[0.775s] -- Using all available rosidl_typesupport_cpp: rosidl_typesupport_fastrtps_cpp;rosidl_typesupport_introspection_cpp
[0.899s] -- Found rmw_implementation_cmake: 6.1.1 (/opt/ros/humble/share/rmw_implementation_cmake/cmake)
[0.901s] -- Found rmw_fastrtps_cpp: 6.2.6 (/opt/ros/humble/share/rmw_fastrtps_cpp/cmake)
[4.276s] -- Using RMW implementation 'rmw_fastrtps_cpp' as default
[4.738s] -- Found rclcpp_components: 16.0.8 (/opt/ros/humble/share/rclcpp_components/cmake)
[4.993s] -- Found ament_lint_auto: 0.12.10 (/opt/ros/humble/share/ament_lint_auto/cmake)
[5.241s] -- Added test 'copyright' to check source files copyright and LICENSE
[5.241s] -- Added test 'cppcheck' to perform static code analysis on C / C++ code
[5.241s] -- Configured cppcheck include dirs: /home/matin/ros2_ws/src/examples/rclcpp/composition/minimal_composition/include
[5.242s] -- Configured cppcheck exclude dirs and/or files: 
[5.243s] -- Added test 'cpplint' to check C / C++ code against the Google style
[5.243s] -- Configured cpplint exclude dirs and/or files: 
[5.244s] -- Added test 'lint_cmake' to check CMake code style
[5.247s] -- Added test 'uncrustify' to check C / C++ code style
[5.247s] -- Configured uncrustify additional arguments: 
[5.248s] -- Added test 'xmllint' to check XML markup files
[5.255s] -- Configuring done
[5.366s] -- Generating done
[5.367s] -- Build files have been written to: /home/matin/ros2_ws/build/examples_rclcpp_minimal_composition
[5.390s] Invoked command in '/home/matin/ros2_ws/build/examples_rclcpp_minimal_composition' returned '0': CMAKE_PREFIX_PATH=/opt/ros/humble CONDA_PROMPT_MODIFIER=(SpaceConcordia) /usr/bin/cmake /home/matin/ros2_ws/src/examples/rclcpp/composition/minimal_composition -DCMAKE_INSTALL_PREFIX=/home/matin/ros2_ws/install/examples_rclcpp_minimal_composition
[5.399s] Invoking command in '/home/matin/ros2_ws/build/examples_rclcpp_minimal_composition': CMAKE_PREFIX_PATH=/opt/ros/humble CONDA_PROMPT_MODIFIER=(SpaceConcordia) /usr/bin/cmake --build /home/matin/ros2_ws/build/examples_rclcpp_minimal_composition -- -j8 -l8
[5.495s] [35m[1mConsolidate compiler generated dependencies of target composition_nodes[0m
[5.530s] [ 33%] Built target composition_nodes
[5.548s] [35m[1mConsolidate compiler generated dependencies of target composition_publisher[0m
[5.551s] [35m[1mConsolidate compiler generated dependencies of target composition_subscriber[0m
[5.552s] [35m[1mConsolidate compiler generated dependencies of target composition_composed[0m
[5.599s] [ 55%] Built target composition_publisher
[5.606s] [ 77%] Built target composition_composed
[5.615s] [100%] Built target composition_subscriber
[5.641s] Invoked command in '/home/matin/ros2_ws/build/examples_rclcpp_minimal_composition' returned '0': CMAKE_PREFIX_PATH=/opt/ros/humble CONDA_PROMPT_MODIFIER=(SpaceConcordia) /usr/bin/cmake --build /home/matin/ros2_ws/build/examples_rclcpp_minimal_composition -- -j8 -l8
[5.832s] Invoking command in '/home/matin/ros2_ws/build/examples_rclcpp_minimal_composition': CMAKE_PREFIX_PATH=/opt/ros/humble CONDA_PROMPT_MODIFIER=(SpaceConcordia) /usr/bin/cmake --install /home/matin/ros2_ws/build/examples_rclcpp_minimal_composition
[5.846s] -- Install configuration: ""
[5.846s] -- Execute custom install script
[5.846s] -- Up-to-date symlink: /home/matin/ros2_ws/install/examples_rclcpp_minimal_composition/share/examples_rclcpp_minimal_composition/environment/library_path.sh
[5.847s] -- Up-to-date symlink: /home/matin/ros2_ws/install/examples_rclcpp_minimal_composition/share/examples_rclcpp_minimal_composition/environment/library_path.dsv
[5.851s] -- Up-to-date symlink: /home/matin/ros2_ws/install/examples_rclcpp_minimal_composition/lib/libcomposition_nodes.so
[5.852s] -- Up-to-date symlink: /home/matin/ros2_ws/install/examples_rclcpp_minimal_composition/lib/examples_rclcpp_minimal_composition/composition_publisher
[5.852s] -- Up-to-date symlink: /home/matin/ros2_ws/install/examples_rclcpp_minimal_composition/lib/examples_rclcpp_minimal_composition/composition_subscriber
[5.856s] -- Up-to-date symlink: /home/matin/ros2_ws/install/examples_rclcpp_minimal_composition/lib/examples_rclcpp_minimal_composition/composition_composed
[5.857s] -- Up-to-date symlink: /home/matin/ros2_ws/install/examples_rclcpp_minimal_composition/share/ament_index/resource_index/package_run_dependencies/examples_rclcpp_minimal_composition
[5.857s] -- Up-to-date symlink: /home/matin/ros2_ws/install/examples_rclcpp_minimal_composition/share/ament_index/resource_index/parent_prefix_path/examples_rclcpp_minimal_composition
[5.857s] -- Up-to-date symlink: /home/matin/ros2_ws/install/examples_rclcpp_minimal_composition/share/examples_rclcpp_minimal_composition/environment/ament_prefix_path.sh
[5.857s] -- Up-to-date symlink: /home/matin/ros2_ws/install/examples_rclcpp_minimal_composition/share/examples_rclcpp_minimal_composition/environment/ament_prefix_path.dsv
[5.857s] -- Up-to-date symlink: /home/matin/ros2_ws/install/examples_rclcpp_minimal_composition/share/examples_rclcpp_minimal_composition/environment/path.sh
[5.858s] -- Up-to-date symlink: /home/matin/ros2_ws/install/examples_rclcpp_minimal_composition/share/examples_rclcpp_minimal_composition/environment/path.dsv
[5.858s] -- Up-to-date symlink: /home/matin/ros2_ws/install/examples_rclcpp_minimal_composition/share/examples_rclcpp_minimal_composition/local_setup.bash
[5.858s] -- Up-to-date symlink: /home/matin/ros2_ws/install/examples_rclcpp_minimal_composition/share/examples_rclcpp_minimal_composition/local_setup.sh
[5.858s] -- Up-to-date symlink: /home/matin/ros2_ws/install/examples_rclcpp_minimal_composition/share/examples_rclcpp_minimal_composition/local_setup.zsh
[5.865s] -- Up-to-date symlink: /home/matin/ros2_ws/install/examples_rclcpp_minimal_composition/share/examples_rclcpp_minimal_composition/local_setup.dsv
[5.865s] -- Symlinking: /home/matin/ros2_ws/install/examples_rclcpp_minimal_composition/share/examples_rclcpp_minimal_composition/package.dsv
[5.870s] -- Up-to-date symlink: /home/matin/ros2_ws/install/examples_rclcpp_minimal_composition/share/ament_index/resource_index/packages/examples_rclcpp_minimal_composition
[5.870s] -- Up-to-date symlink: /home/matin/ros2_ws/install/examples_rclcpp_minimal_composition/share/examples_rclcpp_minimal_composition/cmake/examples_rclcpp_minimal_compositionConfig.cmake
[5.870s] -- Up-to-date symlink: /home/matin/ros2_ws/install/examples_rclcpp_minimal_composition/share/examples_rclcpp_minimal_composition/cmake/examples_rclcpp_minimal_compositionConfig-version.cmake
[5.870s] -- Up-to-date symlink: /home/matin/ros2_ws/install/examples_rclcpp_minimal_composition/share/examples_rclcpp_minimal_composition/package.xml
[5.969s] Invoked command in '/home/matin/ros2_ws/build/examples_rclcpp_minimal_composition' returned '0': CMAKE_PREFIX_PATH=/opt/ros/humble CONDA_PROMPT_MODIFIER=(SpaceConcordia) /usr/bin/cmake --install /home/matin/ros2_ws/build/examples_rclcpp_minimal_composition
