[0.581s] Invoking command in '/home/matin/ros2_ws/build/examples_rclcpp_minimal_timer': CMAKE_PREFIX_PATH=/opt/ros/humble CONDA_PROMPT_MODIFIER=(SpaceConcordia) /usr/bin/cmake /home/matin/ros2_ws/src/examples/rclcpp/timers/minimal_timer -DAMENT_CMAKE_SYMLINK_INSTALL=1 -DCMAKE_INSTALL_PREFIX=/home/matin/ros2_ws/install/examples_rclcpp_minimal_timer
[1.130s] -- The C compiler identification is GNU 11.4.0
[1.645s] -- The CXX compiler identification is GNU 11.4.0
[1.982s] -- Detecting C compiler ABI info
[2.408s] -- Detecting C compiler ABI info - done
[2.445s] -- Check for working C compiler: /usr/bin/cc - skipped
[2.469s] -- Detecting C compile features
[2.474s] -- Detecting C compile features - done
[2.485s] -- Detecting CXX compiler ABI info
[2.829s] -- Detecting CXX compiler ABI info - done
[2.859s] -- Check for working CXX compiler: /usr/bin/c++ - skipped
[2.860s] -- Detecting CXX compile features
[2.861s] -- Detecting CXX compile features - done
[2.940s] -- Found ament_cmake: 1.3.7 (/opt/ros/humble/share/ament_cmake/cmake)
[3.869s] -- Found Python3: /usr/bin/python3.10 (found version "3.10.12") found components: Interpreter 
[4.288s] -- Override CMake install command with custom implementation using symlinks instead of copying resources
[4.504s] -- Found rclcpp: 16.0.8 (/opt/ros/humble/share/rclcpp/cmake)
[4.908s] -- Found rosidl_generator_c: 3.1.5 (/opt/ros/humble/share/rosidl_generator_c/cmake)
[4.956s] -- Found rosidl_adapter: 3.1.5 (/opt/ros/humble/share/rosidl_adapter/cmake)
[5.038s] -- Found rosidl_generator_cpp: 3.1.5 (/opt/ros/humble/share/rosidl_generator_cpp/cmake)
[5.119s] -- Using all available rosidl_typesupport_c: rosidl_typesupport_fastrtps_c;rosidl_typesupport_introspection_c
[5.260s] -- Using all available rosidl_typesupport_cpp: rosidl_typesupport_fastrtps_cpp;rosidl_typesupport_introspection_cpp
[5.703s] -- Found rmw_implementation_cmake: 6.1.1 (/opt/ros/humble/share/rmw_implementation_cmake/cmake)
[5.723s] -- Found rmw_fastrtps_cpp: 6.2.6 (/opt/ros/humble/share/rmw_fastrtps_cpp/cmake)
[7.044s] -- Found OpenSSL: /usr/lib/x86_64-linux-gnu/libcrypto.so (found version "3.0.2")  
[8.059s] -- Found FastRTPS: /opt/ros/humble/include  
[11.210s] -- Using RMW implementation 'rmw_fastrtps_cpp' as default
[11.256s] -- Looking for pthread.h
[11.841s] -- Looking for pthread.h - found
[11.842s] -- Performing Test CMAKE_HAVE_LIBC_PTHREAD
[12.130s] -- Performing Test CMAKE_HAVE_LIBC_PTHREAD - Success
[12.134s] -- Found Threads: TRUE  
[12.813s] -- Found ament_lint_auto: 0.12.10 (/opt/ros/humble/share/ament_lint_auto/cmake)
[13.238s] -- Added test 'copyright' to check source files copyright and LICENSE
[13.242s] -- Added test 'cppcheck' to perform static code analysis on C / C++ code
[13.242s] -- Configured cppcheck include dirs: 
[13.242s] -- Configured cppcheck exclude dirs and/or files: 
[13.248s] -- Added test 'cpplint' to check C / C++ code against the Google style
[13.249s] -- Configured cpplint exclude dirs and/or files: 
[13.253s] -- Added test 'lint_cmake' to check CMake code style
[13.260s] -- Added test 'uncrustify' to check C / C++ code style
[13.260s] -- Configured uncrustify additional arguments: 
[13.263s] -- Added test 'xmllint' to check XML markup files
[13.272s] -- Configuring done
[13.323s] -- Generating done
[13.327s] -- Build files have been written to: /home/matin/ros2_ws/build/examples_rclcpp_minimal_timer
[13.370s] Invoked command in '/home/matin/ros2_ws/build/examples_rclcpp_minimal_timer' returned '0': CMAKE_PREFIX_PATH=/opt/ros/humble CONDA_PROMPT_MODIFIER=(SpaceConcordia) /usr/bin/cmake /home/matin/ros2_ws/src/examples/rclcpp/timers/minimal_timer -DAMENT_CMAKE_SYMLINK_INSTALL=1 -DCMAKE_INSTALL_PREFIX=/home/matin/ros2_ws/install/examples_rclcpp_minimal_timer
[13.371s] Invoking command in '/home/matin/ros2_ws/build/examples_rclcpp_minimal_timer': CMAKE_PREFIX_PATH=/opt/ros/humble CONDA_PROMPT_MODIFIER=(SpaceConcordia) /usr/bin/cmake --build /home/matin/ros2_ws/build/examples_rclcpp_minimal_timer -- -j8 -l8
[13.528s] [ 25%] [32mBuilding CXX object CMakeFiles/timer_lambda.dir/lambda.cpp.o[0m
[23.146s] [ 50%] [32m[1mLinking CXX executable timer_lambda[0m
[23.445s] [ 50%] Built target timer_lambda
[23.484s] [ 75%] [32mBuilding CXX object CMakeFiles/timer_member_function.dir/member_function.cpp.o[0m
[31.399s] [100%] [32m[1mLinking CXX executable timer_member_function[0m
[31.712s] [100%] Built target timer_member_function
[31.742s] Invoked command in '/home/matin/ros2_ws/build/examples_rclcpp_minimal_timer' returned '0': CMAKE_PREFIX_PATH=/opt/ros/humble CONDA_PROMPT_MODIFIER=(SpaceConcordia) /usr/bin/cmake --build /home/matin/ros2_ws/build/examples_rclcpp_minimal_timer -- -j8 -l8
[31.795s] Invoking command in '/home/matin/ros2_ws/build/examples_rclcpp_minimal_timer': CMAKE_PREFIX_PATH=/opt/ros/humble CONDA_PROMPT_MODIFIER=(SpaceConcordia) /usr/bin/cmake --install /home/matin/ros2_ws/build/examples_rclcpp_minimal_timer
[31.806s] -- Install configuration: ""
[31.807s] -- Execute custom install script
[31.809s] -- Symlinking: /home/matin/ros2_ws/install/examples_rclcpp_minimal_timer/lib/examples_rclcpp_minimal_timer/timer_lambda
[31.824s] -- Symlinking: /home/matin/ros2_ws/install/examples_rclcpp_minimal_timer/lib/examples_rclcpp_minimal_timer/timer_member_function
[31.841s] -- Symlinking: /home/matin/ros2_ws/install/examples_rclcpp_minimal_timer/share/ament_index/resource_index/package_run_dependencies/examples_rclcpp_minimal_timer
[31.859s] -- Symlinking: /home/matin/ros2_ws/install/examples_rclcpp_minimal_timer/share/ament_index/resource_index/parent_prefix_path/examples_rclcpp_minimal_timer
[31.875s] -- Symlinking: /home/matin/ros2_ws/install/examples_rclcpp_minimal_timer/share/examples_rclcpp_minimal_timer/environment/ament_prefix_path.sh
[31.890s] -- Symlinking: /home/matin/ros2_ws/install/examples_rclcpp_minimal_timer/share/examples_rclcpp_minimal_timer/environment/ament_prefix_path.dsv
[31.907s] -- Symlinking: /home/matin/ros2_ws/install/examples_rclcpp_minimal_timer/share/examples_rclcpp_minimal_timer/environment/path.sh
[31.923s] -- Symlinking: /home/matin/ros2_ws/install/examples_rclcpp_minimal_timer/share/examples_rclcpp_minimal_timer/environment/path.dsv
[31.936s] -- Symlinking: /home/matin/ros2_ws/install/examples_rclcpp_minimal_timer/share/examples_rclcpp_minimal_timer/local_setup.bash
[31.955s] -- Symlinking: /home/matin/ros2_ws/install/examples_rclcpp_minimal_timer/share/examples_rclcpp_minimal_timer/local_setup.sh
[31.972s] -- Symlinking: /home/matin/ros2_ws/install/examples_rclcpp_minimal_timer/share/examples_rclcpp_minimal_timer/local_setup.zsh
[31.986s] -- Symlinking: /home/matin/ros2_ws/install/examples_rclcpp_minimal_timer/share/examples_rclcpp_minimal_timer/local_setup.dsv
[31.999s] -- Symlinking: /home/matin/ros2_ws/install/examples_rclcpp_minimal_timer/share/examples_rclcpp_minimal_timer/package.dsv
[32.016s] -- Symlinking: /home/matin/ros2_ws/install/examples_rclcpp_minimal_timer/share/ament_index/resource_index/packages/examples_rclcpp_minimal_timer
[32.031s] -- Symlinking: /home/matin/ros2_ws/install/examples_rclcpp_minimal_timer/share/examples_rclcpp_minimal_timer/cmake/examples_rclcpp_minimal_timerConfig.cmake
[32.045s] -- Symlinking: /home/matin/ros2_ws/install/examples_rclcpp_minimal_timer/share/examples_rclcpp_minimal_timer/cmake/examples_rclcpp_minimal_timerConfig-version.cmake
[32.060s] -- Symlinking: /home/matin/ros2_ws/install/examples_rclcpp_minimal_timer/share/examples_rclcpp_minimal_timer/package.xml
[32.097s] Invoked command in '/home/matin/ros2_ws/build/examples_rclcpp_minimal_timer' returned '0': CMAKE_PREFIX_PATH=/opt/ros/humble CONDA_PROMPT_MODIFIER=(SpaceConcordia) /usr/bin/cmake --install /home/matin/ros2_ws/build/examples_rclcpp_minimal_timer
