[0.818s] Invoking command in '/home/matin/ros2_ws/src/my_py_pkg': CONDA_PROMPT_MODIFIER=(SpaceConcordia) PYTHONPATH=/home/matin/ros2_ws/build/my_py_pkg/prefix_override:/home/matin/ros2_ws/install/my_py_pkg/lib/python3.10/site-packages:${PYTHONPATH} /usr/bin/python3 setup.py egg_info --egg-base ../../build/my_py_pkg build --build-base /home/matin/ros2_ws/build/my_py_pkg/build install --record /home/matin/ros2_ws/build/my_py_pkg/install.log --single-version-externally-managed
[1.095s] running egg_info
[1.096s] writing ../../build/my_py_pkg/my_py_pkg.egg-info/PKG-INFO
[1.096s] writing dependency_links to ../../build/my_py_pkg/my_py_pkg.egg-info/dependency_links.txt
[1.096s] writing entry points to ../../build/my_py_pkg/my_py_pkg.egg-info/entry_points.txt
[1.096s] writing requirements to ../../build/my_py_pkg/my_py_pkg.egg-info/requires.txt
[1.096s] writing top-level names to ../../build/my_py_pkg/my_py_pkg.egg-info/top_level.txt
[1.098s] reading manifest file '../../build/my_py_pkg/my_py_pkg.egg-info/SOURCES.txt'
[1.099s] writing manifest file '../../build/my_py_pkg/my_py_pkg.egg-info/SOURCES.txt'
[1.100s] running build
[1.100s] running build_py
[1.100s] copying my_py_pkg/__init__.py -> /home/matin/ros2_ws/build/my_py_pkg/build/lib/my_py_pkg
[1.100s] running install
[1.100s] running install_lib
[1.101s] copying /home/matin/ros2_ws/build/my_py_pkg/build/lib/my_py_pkg/__init__.py -> /home/matin/ros2_ws/install/my_py_pkg/lib/python3.10/site-packages/my_py_pkg
[1.101s] byte-compiling /home/matin/ros2_ws/install/my_py_pkg/lib/python3.10/site-packages/my_py_pkg/__init__.py to __init__.cpython-310.pyc
[1.102s] running install_data
[1.103s] copying resource/my_py_pkg -> /home/matin/ros2_ws/install/my_py_pkg/share/ament_index/resource_index/packages
[1.103s] copying package.xml -> /home/matin/ros2_ws/install/my_py_pkg/share/my_py_pkg
[1.103s] running install_egg_info
[1.105s] removing '/home/matin/ros2_ws/install/my_py_pkg/lib/python3.10/site-packages/my_py_pkg-0.0.0-py3.10.egg-info' (and everything under it)
[1.105s] Copying ../../build/my_py_pkg/my_py_pkg.egg-info to /home/matin/ros2_ws/install/my_py_pkg/lib/python3.10/site-packages/my_py_pkg-0.0.0-py3.10.egg-info
[1.106s] running install_scripts
[1.130s] writing list of installed files to '/home/matin/ros2_ws/build/my_py_pkg/install.log'
[1.162s] Invoked command in '/home/matin/ros2_ws/src/my_py_pkg' returned '0': CONDA_PROMPT_MODIFIER=(SpaceConcordia) PYTHONPATH=/home/matin/ros2_ws/build/my_py_pkg/prefix_override:/home/matin/ros2_ws/install/my_py_pkg/lib/python3.10/site-packages:${PYTHONPATH} /usr/bin/python3 setup.py egg_info --egg-base ../../build/my_py_pkg build --build-base /home/matin/ros2_ws/build/my_py_pkg/build install --record /home/matin/ros2_ws/build/my_py_pkg/install.log --single-version-externally-managed
