[0.228s] Invoking command in '/home/matin/ros2_ws/build/examples_rclcpp_minimal_client': CMAKE_PREFIX_PATH=/opt/ros/humble CONDA_PROMPT_MODIFIER=(SpaceConcordia) /usr/bin/cmake /home/matin/ros2_ws/src/examples/rclcpp/services/minimal_client -DAMENT_CMAKE_SYMLINK_INSTALL=1 -DCMAKE_INSTALL_PREFIX=/home/matin/ros2_ws/install/examples_rclcpp_minimal_client
[0.381s] -- The C compiler identification is GNU 11.4.0
[0.745s] -- The CXX compiler identification is GNU 11.4.0
[0.923s] -- Detecting C compiler ABI info
[1.134s] -- Detecting C compiler ABI info - done
[1.181s] -- Check for working C compiler: /usr/bin/cc - skipped
[1.182s] -- Detecting C compile features
[1.183s] -- Detecting C compile features - done
[1.191s] -- Detecting CXX compiler ABI info
[1.482s] -- Detecting CXX compiler ABI info - done
[1.482s] -- Check for working CXX compiler: /usr/bin/c++ - skipped
[1.482s] -- Detecting CXX compile features
[1.482s] -- Detecting CXX compile features - done
[1.484s] -- Found ament_cmake: 1.3.7 (/opt/ros/humble/share/ament_cmake/cmake)
[1.872s] -- Found Python3: /usr/bin/python3.10 (found version "3.10.12") found components: Interpreter 
[2.115s] -- Override CMake install command with custom implementation using symlinks instead of copying resources
[2.169s] -- Found example_interfaces: 0.9.3 (/opt/ros/humble/share/example_interfaces/cmake)
[2.370s] -- Found rosidl_generator_c: 3.1.5 (/opt/ros/humble/share/rosidl_generator_c/cmake)
[2.379s] -- Found rosidl_adapter: 3.1.5 (/opt/ros/humble/share/rosidl_adapter/cmake)
[2.395s] -- Found rosidl_generator_cpp: 3.1.5 (/opt/ros/humble/share/rosidl_generator_cpp/cmake)
[2.427s] -- Using all available rosidl_typesupport_c: rosidl_typesupport_fastrtps_c;rosidl_typesupport_introspection_c
[2.478s] -- Using all available rosidl_typesupport_cpp: rosidl_typesupport_fastrtps_cpp;rosidl_typesupport_introspection_cpp
[2.936s] -- Found rclcpp: 16.0.8 (/opt/ros/humble/share/rclcpp/cmake)
[3.106s] -- Found rmw_implementation_cmake: 6.1.1 (/opt/ros/humble/share/rmw_implementation_cmake/cmake)
[3.112s] -- Found rmw_fastrtps_cpp: 6.2.6 (/opt/ros/humble/share/rmw_fastrtps_cpp/cmake)
[4.418s] -- Found OpenSSL: /usr/lib/x86_64-linux-gnu/libcrypto.so (found version "3.0.2")  
[5.146s] -- Found FastRTPS: /opt/ros/humble/include  
[6.561s] -- Using RMW implementation 'rmw_fastrtps_cpp' as default
[6.586s] -- Looking for pthread.h
[6.802s] -- Looking for pthread.h - found
[6.802s] -- Performing Test CMAKE_HAVE_LIBC_PTHREAD
[6.989s] -- Performing Test CMAKE_HAVE_LIBC_PTHREAD - Success
[6.992s] -- Found Threads: TRUE  
[7.487s] -- Found ament_lint_auto: 0.12.10 (/opt/ros/humble/share/ament_lint_auto/cmake)
[7.664s] -- Added test 'copyright' to check source files copyright and LICENSE
[7.667s] -- Added test 'cppcheck' to perform static code analysis on C / C++ code
[7.667s] -- Configured cppcheck include dirs: 
[7.667s] -- Configured cppcheck exclude dirs and/or files: 
[7.669s] -- Added test 'cpplint' to check C / C++ code against the Google style
[7.669s] -- Configured cpplint exclude dirs and/or files: 
[7.671s] -- Added test 'lint_cmake' to check CMake code style
[7.672s] -- Added test 'uncrustify' to check C / C++ code style
[7.673s] -- Configured uncrustify additional arguments: 
[7.673s] -- Added test 'xmllint' to check XML markup files
[7.676s] -- Configuring done
[7.730s] -- Generating done
[7.730s] -- Build files have been written to: /home/matin/ros2_ws/build/examples_rclcpp_minimal_client
[7.751s] Invoked command in '/home/matin/ros2_ws/build/examples_rclcpp_minimal_client' returned '0': CMAKE_PREFIX_PATH=/opt/ros/humble CONDA_PROMPT_MODIFIER=(SpaceConcordia) /usr/bin/cmake /home/matin/ros2_ws/src/examples/rclcpp/services/minimal_client -DAMENT_CMAKE_SYMLINK_INSTALL=1 -DCMAKE_INSTALL_PREFIX=/home/matin/ros2_ws/install/examples_rclcpp_minimal_client
[7.754s] Invoking command in '/home/matin/ros2_ws/build/examples_rclcpp_minimal_client': CMAKE_PREFIX_PATH=/opt/ros/humble CONDA_PROMPT_MODIFIER=(SpaceConcordia) /usr/bin/cmake --build /home/matin/ros2_ws/build/examples_rclcpp_minimal_client -- -j8 -l8
[8.522s] [ 50%] [32mBuilding CXX object CMakeFiles/client_main.dir/main.cpp.o[0m
[52.092s] [100%] [32m[1mLinking CXX executable client_main[0m
[52.646s] [100%] Built target client_main
[54.129s] Invoked command in '/home/matin/ros2_ws/build/examples_rclcpp_minimal_client' returned '0': CMAKE_PREFIX_PATH=/opt/ros/humble CONDA_PROMPT_MODIFIER=(SpaceConcordia) /usr/bin/cmake --build /home/matin/ros2_ws/build/examples_rclcpp_minimal_client -- -j8 -l8
[55.282s] Invoking command in '/home/matin/ros2_ws/build/examples_rclcpp_minimal_client': CMAKE_PREFIX_PATH=/opt/ros/humble CONDA_PROMPT_MODIFIER=(SpaceConcordia) /usr/bin/cmake --install /home/matin/ros2_ws/build/examples_rclcpp_minimal_client
[55.456s] -- Install configuration: ""
[55.457s] -- Execute custom install script
[55.457s] -- Symlinking: /home/matin/ros2_ws/install/examples_rclcpp_minimal_client/lib/examples_rclcpp_minimal_client/client_main
[55.457s] -- Symlinking: /home/matin/ros2_ws/install/examples_rclcpp_minimal_client/share/ament_index/resource_index/package_run_dependencies/examples_rclcpp_minimal_client
[55.457s] -- Symlinking: /home/matin/ros2_ws/install/examples_rclcpp_minimal_client/share/ament_index/resource_index/parent_prefix_path/examples_rclcpp_minimal_client
[55.457s] -- Symlinking: /home/matin/ros2_ws/install/examples_rclcpp_minimal_client/share/examples_rclcpp_minimal_client/environment/ament_prefix_path.sh
[55.458s] -- Symlinking: /home/matin/ros2_ws/install/examples_rclcpp_minimal_client/share/examples_rclcpp_minimal_client/environment/ament_prefix_path.dsv
[55.476s] -- Symlinking: /home/matin/ros2_ws/install/examples_rclcpp_minimal_client/share/examples_rclcpp_minimal_client/environment/path.sh
[55.496s] -- Symlinking: /home/matin/ros2_ws/install/examples_rclcpp_minimal_client/share/examples_rclcpp_minimal_client/environment/path.dsv
[55.522s] -- Symlinking: /home/matin/ros2_ws/install/examples_rclcpp_minimal_client/share/examples_rclcpp_minimal_client/local_setup.bash
[55.540s] -- Symlinking: /home/matin/ros2_ws/install/examples_rclcpp_minimal_client/share/examples_rclcpp_minimal_client/local_setup.sh
[55.573s] -- Symlinking: /home/matin/ros2_ws/install/examples_rclcpp_minimal_client/share/examples_rclcpp_minimal_client/local_setup.zsh
[55.617s] -- Symlinking: /home/matin/ros2_ws/install/examples_rclcpp_minimal_client/share/examples_rclcpp_minimal_client/local_setup.dsv
[55.660s] -- Symlinking: /home/matin/ros2_ws/install/examples_rclcpp_minimal_client/share/examples_rclcpp_minimal_client/package.dsv
[55.682s] -- Symlinking: /home/matin/ros2_ws/install/examples_rclcpp_minimal_client/share/ament_index/resource_index/packages/examples_rclcpp_minimal_client
[55.707s] -- Symlinking: /home/matin/ros2_ws/install/examples_rclcpp_minimal_client/share/examples_rclcpp_minimal_client/cmake/examples_rclcpp_minimal_clientConfig.cmake
[55.724s] -- Symlinking: /home/matin/ros2_ws/install/examples_rclcpp_minimal_client/share/examples_rclcpp_minimal_client/cmake/examples_rclcpp_minimal_clientConfig-version.cmake
[55.745s] -- Symlinking: /home/matin/ros2_ws/install/examples_rclcpp_minimal_client/share/examples_rclcpp_minimal_client/package.xml
[55.769s] Invoked command in '/home/matin/ros2_ws/build/examples_rclcpp_minimal_client' returned '0': CMAKE_PREFIX_PATH=/opt/ros/humble CONDA_PROMPT_MODIFIER=(SpaceConcordia) /usr/bin/cmake --install /home/matin/ros2_ws/build/examples_rclcpp_minimal_client
