[0.712s] Invoking command in '/home/matin/ros2_ws/build/examples_rclcpp_minimal_timer': CMAKE_PREFIX_PATH=/opt/ros/humble CONDA_PROMPT_MODIFIER=(SpaceConcordia) /usr/bin/cmake --build /home/matin/ros2_ws/build/examples_rclcpp_minimal_timer -- -j8 -l8
[1.187s] [100%] Built target timer_member_function
[1.187s] [100%] Built target timer_lambda
[1.268s] Invoked command in '/home/matin/ros2_ws/build/examples_rclcpp_minimal_timer' returned '0': CMAKE_PREFIX_PATH=/opt/ros/humble CONDA_PROMPT_MODIFIER=(SpaceConcordia) /usr/bin/cmake --build /home/matin/ros2_ws/build/examples_rclcpp_minimal_timer -- -j8 -l8
[2.368s] Invoking command in '/home/matin/ros2_ws/build/examples_rclcpp_minimal_timer': CMAKE_PREFIX_PATH=/opt/ros/humble CONDA_PROMPT_MODIFIER=(SpaceConcordia) /usr/bin/cmake --install /home/matin/ros2_ws/build/examples_rclcpp_minimal_timer
[2.382s] -- Install configuration: ""
[2.382s] -- Execute custom install script
[2.383s] -- Up-to-date symlink: /home/matin/ros2_ws/install/examples_rclcpp_minimal_timer/lib/examples_rclcpp_minimal_timer/timer_lambda
[2.389s] -- Up-to-date symlink: /home/matin/ros2_ws/install/examples_rclcpp_minimal_timer/lib/examples_rclcpp_minimal_timer/timer_member_function
[2.390s] -- Up-to-date symlink: /home/matin/ros2_ws/install/examples_rclcpp_minimal_timer/share/ament_index/resource_index/package_run_dependencies/examples_rclcpp_minimal_timer
[2.390s] -- Up-to-date symlink: /home/matin/ros2_ws/install/examples_rclcpp_minimal_timer/share/ament_index/resource_index/parent_prefix_path/examples_rclcpp_minimal_timer
[2.390s] -- Up-to-date symlink: /home/matin/ros2_ws/install/examples_rclcpp_minimal_timer/share/examples_rclcpp_minimal_timer/environment/ament_prefix_path.sh
[2.391s] -- Up-to-date symlink: /home/matin/ros2_ws/install/examples_rclcpp_minimal_timer/share/examples_rclcpp_minimal_timer/environment/ament_prefix_path.dsv
[2.391s] -- Up-to-date symlink: /home/matin/ros2_ws/install/examples_rclcpp_minimal_timer/share/examples_rclcpp_minimal_timer/environment/path.sh
[2.391s] -- Up-to-date symlink: /home/matin/ros2_ws/install/examples_rclcpp_minimal_timer/share/examples_rclcpp_minimal_timer/environment/path.dsv
[2.392s] -- Up-to-date symlink: /home/matin/ros2_ws/install/examples_rclcpp_minimal_timer/share/examples_rclcpp_minimal_timer/local_setup.bash
[2.392s] -- Up-to-date symlink: /home/matin/ros2_ws/install/examples_rclcpp_minimal_timer/share/examples_rclcpp_minimal_timer/local_setup.sh
[2.392s] -- Up-to-date symlink: /home/matin/ros2_ws/install/examples_rclcpp_minimal_timer/share/examples_rclcpp_minimal_timer/local_setup.zsh
[2.393s] -- Up-to-date symlink: /home/matin/ros2_ws/install/examples_rclcpp_minimal_timer/share/examples_rclcpp_minimal_timer/local_setup.dsv
[2.393s] -- Symlinking: /home/matin/ros2_ws/install/examples_rclcpp_minimal_timer/share/examples_rclcpp_minimal_timer/package.dsv
[2.403s] -- Up-to-date symlink: /home/matin/ros2_ws/install/examples_rclcpp_minimal_timer/share/ament_index/resource_index/packages/examples_rclcpp_minimal_timer
[2.403s] -- Up-to-date symlink: /home/matin/ros2_ws/install/examples_rclcpp_minimal_timer/share/examples_rclcpp_minimal_timer/cmake/examples_rclcpp_minimal_timerConfig.cmake
[2.403s] -- Up-to-date symlink: /home/matin/ros2_ws/install/examples_rclcpp_minimal_timer/share/examples_rclcpp_minimal_timer/cmake/examples_rclcpp_minimal_timerConfig-version.cmake
[2.403s] -- Up-to-date symlink: /home/matin/ros2_ws/install/examples_rclcpp_minimal_timer/share/examples_rclcpp_minimal_timer/package.xml
[2.607s] Invoked command in '/home/matin/ros2_ws/build/examples_rclcpp_minimal_timer' returned '0': CMAKE_PREFIX_PATH=/opt/ros/humble CONDA_PROMPT_MODIFIER=(SpaceConcordia) /usr/bin/cmake --install /home/matin/ros2_ws/build/examples_rclcpp_minimal_timer
