[0.063s] Invoking command in '/home/matin/ros2_ws/build/my_cpp_pkg': CMAKE_PREFIX_PATH=/opt/ros/humble CONDA_PROMPT_MODIFIER=(SpaceConcordia) /usr/bin/cmake /home/matin/ros2_ws/src/my_cpp_pkg -DCMAKE_INSTALL_PREFIX=/home/matin/ros2_ws/install/my_cpp_pkg
[0.220s] -- The C compiler identification is GNU 11.4.0
[0.632s] -- The CXX compiler identification is GNU 11.4.0
[0.878s] -- Detecting C compiler ABI info
[1.003s] -- Detecting C compiler ABI info - done
[1.012s] -- Check for working C compiler: /usr/bin/cc - skipped
[1.012s] -- Detecting C compile features
[1.013s] -- Detecting C compile features - done
[1.016s] -- Detecting CXX compiler ABI info
[1.160s] -- Detecting CXX compiler ABI info - done
[1.169s] -- Check for working CXX compiler: /usr/bin/c++ - skipped
[1.169s] -- Detecting CXX compile features
[1.170s] -- Detecting CXX compile features - done
[1.172s] -- Found ament_cmake: 1.3.7 (/opt/ros/humble/share/ament_cmake/cmake)
[1.360s] -- Found Python3: /usr/bin/python3.10 (found version "3.10.12") found components: Interpreter 
[2.465s] [31mCMake Error at CMakeLists.txt:10 (find_package):
[2.465s]   By not providing "Findeclcpp.cmake" in CMAKE_MODULE_PATH this project has
[2.465s]   asked CMake to find a package configuration file provided by "eclcpp", but
[2.465s]   CMake did not find one.
[2.465s] 
[2.465s]   Could not find a package configuration file provided by "eclcpp" with any
[2.465s]   of the following names:
[2.465s] 
[2.466s]     eclcppConfig.cmake
[2.466s]     eclcpp-config.cmake
[2.466s] 
[2.466s]   Add the installation prefix of "eclcpp" to CMAKE_PREFIX_PATH or set
[2.466s]   "eclcpp_DIR" to a directory containing one of the above files.  If "eclcpp"
[2.466s]   provides a separate development package or SDK, be sure it has been
[2.466s]   installed.
[2.466s] 
[2.466s] [0m
[2.466s] -- Configuring incomplete, errors occurred!
[2.466s] See also "/home/matin/ros2_ws/build/my_cpp_pkg/CMakeFiles/CMakeOutput.log".
[2.470s] Invoked command in '/home/matin/ros2_ws/build/my_cpp_pkg' returned '1': CMAKE_PREFIX_PATH=/opt/ros/humble CONDA_PROMPT_MODIFIER=(SpaceConcordia) /usr/bin/cmake /home/matin/ros2_ws/src/my_cpp_pkg -DCMAKE_INSTALL_PREFIX=/home/matin/ros2_ws/install/my_cpp_pkg
