[0.072s] Invoking command in '/home/matin/ros2_ws/build/my_cpp_pkg': CMAKE_PREFIX_PATH=${CMAKE_PREFIX_PATH}:/home/matin/ros2_ws/install/my_py_pkg:/home/matin/ros2_ws/install/launch_testing_examples:/home/matin/ros2_ws/install/examples_rclpy_pointcloud_publisher:/home/matin/ros2_ws/install/examples_rclpy_minimal_subscriber:/home/matin/ros2_ws/install/examples_rclpy_minimal_service:/home/matin/ros2_ws/install/examples_rclpy_minimal_publisher:/home/matin/ros2_ws/install/examples_rclpy_minimal_client:/home/matin/ros2_ws/install/examples_rclpy_minimal_action_server:/home/matin/ros2_ws/install/examples_rclpy_minimal_action_client:/home/matin/ros2_ws/install/examples_rclpy_guard_conditions:/home/matin/ros2_ws/install/examples_rclpy_executors:/opt/ros/humble CONDA_PROMPT_MODIFIER=(SpaceConcordia) /usr/bin/cmake --build /home/matin/ros2_ws/build/my_cpp_pkg -- -j8 -l8
[0.098s] -- Found ament_cmake: 1.3.7 (/opt/ros/humble/share/ament_cmake/cmake)
[0.260s] -- Found rclcpp: 16.0.8 (/opt/ros/humble/share/rclcpp/cmake)
[0.376s] -- Found rosidl_generator_c: 3.1.5 (/opt/ros/humble/share/rosidl_generator_c/cmake)
[0.378s] -- Found rosidl_adapter: 3.1.5 (/opt/ros/humble/share/rosidl_adapter/cmake)
[0.385s] -- Found rosidl_generator_cpp: 3.1.5 (/opt/ros/humble/share/rosidl_generator_cpp/cmake)
[0.396s] -- Using all available rosidl_typesupport_c: rosidl_typesupport_fastrtps_c;rosidl_typesupport_introspection_c
[0.414s] -- Using all available rosidl_typesupport_cpp: rosidl_typesupport_fastrtps_cpp;rosidl_typesupport_introspection_cpp
[0.476s] -- Found rmw_implementation_cmake: 6.1.1 (/opt/ros/humble/share/rmw_implementation_cmake/cmake)
[0.478s] -- Found rmw_fastrtps_cpp: 6.2.6 (/opt/ros/humble/share/rmw_fastrtps_cpp/cmake)
[2.881s] -- Using RMW implementation 'rmw_fastrtps_cpp' as default
[3.052s] -- Found example_interfaces: 0.9.3 (/opt/ros/humble/share/example_interfaces/cmake)
[3.207s] -- Found ament_lint_auto: 0.12.10 (/opt/ros/humble/share/ament_lint_auto/cmake)
[3.284s] -- Added test 'cppcheck' to perform static code analysis on C / C++ code
[3.285s] -- Configured cppcheck include dirs: /home/matin/ros2_ws/src/my_cpp_pkg/include
[3.285s] -- Configured cppcheck exclude dirs and/or files: 
[3.286s] -- Added test 'lint_cmake' to check CMake code style
[3.288s] -- Added test 'uncrustify' to check C / C++ code style
[3.288s] -- Configured uncrustify additional arguments: 
[3.288s] -- Added test 'xmllint' to check XML markup files
[3.289s] -- Configuring done
[3.309s] -- Generating done
[3.313s] -- Build files have been written to: /home/matin/ros2_ws/build/my_cpp_pkg
[3.352s] [ 50%] [32mBuilding CXX object CMakeFiles/robot_news_station.dir/src/robot_news_station.cpp.o[0m
[8.029s] [100%] [32m[1mLinking CXX executable robot_news_station[0m
[8.363s] [100%] Built target robot_news_station
[8.374s] Invoked command in '/home/matin/ros2_ws/build/my_cpp_pkg' returned '0': CMAKE_PREFIX_PATH=${CMAKE_PREFIX_PATH}:/home/matin/ros2_ws/install/my_py_pkg:/home/matin/ros2_ws/install/launch_testing_examples:/home/matin/ros2_ws/install/examples_rclpy_pointcloud_publisher:/home/matin/ros2_ws/install/examples_rclpy_minimal_subscriber:/home/matin/ros2_ws/install/examples_rclpy_minimal_service:/home/matin/ros2_ws/install/examples_rclpy_minimal_publisher:/home/matin/ros2_ws/install/examples_rclpy_minimal_client:/home/matin/ros2_ws/install/examples_rclpy_minimal_action_server:/home/matin/ros2_ws/install/examples_rclpy_minimal_action_client:/home/matin/ros2_ws/install/examples_rclpy_guard_conditions:/home/matin/ros2_ws/install/examples_rclpy_executors:/opt/ros/humble CONDA_PROMPT_MODIFIER=(SpaceConcordia) /usr/bin/cmake --build /home/matin/ros2_ws/build/my_cpp_pkg -- -j8 -l8
[8.414s] Invoking command in '/home/matin/ros2_ws/build/my_cpp_pkg': CMAKE_PREFIX_PATH=${CMAKE_PREFIX_PATH}:/home/matin/ros2_ws/install/my_py_pkg:/home/matin/ros2_ws/install/launch_testing_examples:/home/matin/ros2_ws/install/examples_rclpy_pointcloud_publisher:/home/matin/ros2_ws/install/examples_rclpy_minimal_subscriber:/home/matin/ros2_ws/install/examples_rclpy_minimal_service:/home/matin/ros2_ws/install/examples_rclpy_minimal_publisher:/home/matin/ros2_ws/install/examples_rclpy_minimal_client:/home/matin/ros2_ws/install/examples_rclpy_minimal_action_server:/home/matin/ros2_ws/install/examples_rclpy_minimal_action_client:/home/matin/ros2_ws/install/examples_rclpy_guard_conditions:/home/matin/ros2_ws/install/examples_rclpy_executors:/opt/ros/humble CONDA_PROMPT_MODIFIER=(SpaceConcordia) /usr/bin/cmake --install /home/matin/ros2_ws/build/my_cpp_pkg
[8.420s] -- Install configuration: ""
[8.421s] -- Installing: /home/matin/ros2_ws/install/my_cpp_pkg/lib/my_cpp_pkg/robot_news_station
[8.423s] -- Set runtime path of "/home/matin/ros2_ws/install/my_cpp_pkg/lib/my_cpp_pkg/robot_news_station" to ""
[8.423s] -- Installing: /home/matin/ros2_ws/install/my_cpp_pkg/share/ament_index/resource_index/package_run_dependencies/my_cpp_pkg
[8.423s] -- Installing: /home/matin/ros2_ws/install/my_cpp_pkg/share/ament_index/resource_index/parent_prefix_path/my_cpp_pkg
[8.424s] -- Up-to-date: /home/matin/ros2_ws/install/my_cpp_pkg/share/my_cpp_pkg/environment/ament_prefix_path.sh
[8.424s] -- Installing: /home/matin/ros2_ws/install/my_cpp_pkg/share/my_cpp_pkg/environment/ament_prefix_path.dsv
[8.424s] -- Up-to-date: /home/matin/ros2_ws/install/my_cpp_pkg/share/my_cpp_pkg/environment/path.sh
[8.425s] -- Installing: /home/matin/ros2_ws/install/my_cpp_pkg/share/my_cpp_pkg/environment/path.dsv
[8.425s] -- Up-to-date: /home/matin/ros2_ws/install/my_cpp_pkg/share/my_cpp_pkg/local_setup.bash
[8.425s] -- Up-to-date: /home/matin/ros2_ws/install/my_cpp_pkg/share/my_cpp_pkg/local_setup.sh
[8.425s] -- Up-to-date: /home/matin/ros2_ws/install/my_cpp_pkg/share/my_cpp_pkg/local_setup.zsh
[8.426s] -- Installing: /home/matin/ros2_ws/install/my_cpp_pkg/share/my_cpp_pkg/local_setup.dsv
[8.426s] -- Installing: /home/matin/ros2_ws/install/my_cpp_pkg/share/my_cpp_pkg/package.dsv
[8.426s] -- Up-to-date: /home/matin/ros2_ws/install/my_cpp_pkg/share/ament_index/resource_index/packages/my_cpp_pkg
[8.426s] -- Up-to-date: /home/matin/ros2_ws/install/my_cpp_pkg/share/my_cpp_pkg/cmake/my_cpp_pkgConfig.cmake
[8.426s] -- Up-to-date: /home/matin/ros2_ws/install/my_cpp_pkg/share/my_cpp_pkg/cmake/my_cpp_pkgConfig-version.cmake
[8.426s] -- Installing: /home/matin/ros2_ws/install/my_cpp_pkg/share/my_cpp_pkg/package.xml
[8.429s] Invoked command in '/home/matin/ros2_ws/build/my_cpp_pkg' returned '0': CMAKE_PREFIX_PATH=${CMAKE_PREFIX_PATH}:/home/matin/ros2_ws/install/my_py_pkg:/home/matin/ros2_ws/install/launch_testing_examples:/home/matin/ros2_ws/install/examples_rclpy_pointcloud_publisher:/home/matin/ros2_ws/install/examples_rclpy_minimal_subscriber:/home/matin/ros2_ws/install/examples_rclpy_minimal_service:/home/matin/ros2_ws/install/examples_rclpy_minimal_publisher:/home/matin/ros2_ws/install/examples_rclpy_minimal_client:/home/matin/ros2_ws/install/examples_rclpy_minimal_action_server:/home/matin/ros2_ws/install/examples_rclpy_minimal_action_client:/home/matin/ros2_ws/install/examples_rclpy_guard_conditions:/home/matin/ros2_ws/install/examples_rclpy_executors:/opt/ros/humble CONDA_PROMPT_MODIFIER=(SpaceConcordia) /usr/bin/cmake --install /home/matin/ros2_ws/build/my_cpp_pkg
