[0.497s] Invoking command in '/home/matin/ros2_ws/build/examples_rclcpp_wait_set': CMAKE_PREFIX_PATH=/opt/ros/humble CONDA_PROMPT_MODIFIER=(SpaceConcordia) /usr/bin/cmake --build /home/matin/ros2_ws/build/examples_rclcpp_wait_set -- -j8 -l8
[0.994s] [  8%] Built target talker
[0.994s] [ 16%] Built target listener
[0.995s] [ 25%] Built target static_wait_set
[0.995s] [ 33%] Built target wait_set_talker
[0.995s] [ 41%] Built target wait_set
[0.996s] [ 50%] Built target wait_set_listener
[0.996s] [ 58%] Built target wait_set_topics_and_timer
[0.996s] [ 66%] Built target thread_safe_wait_set
[0.996s] [ 75%] Built target wait_set_random_order
[0.997s] [ 95%] Built target wait_set_topics_with_different_rates
[0.997s] [100%] Built target executor_random_order
[0.997s] [100%] Built target wait_set_composed
[1.005s] Invoked command in '/home/matin/ros2_ws/build/examples_rclcpp_wait_set' returned '0': CMAKE_PREFIX_PATH=/opt/ros/humble CONDA_PROMPT_MODIFIER=(SpaceConcordia) /usr/bin/cmake --build /home/matin/ros2_ws/build/examples_rclcpp_wait_set -- -j8 -l8
[2.040s] Invoking command in '/home/matin/ros2_ws/build/examples_rclcpp_wait_set': CMAKE_PREFIX_PATH=/opt/ros/humble CONDA_PROMPT_MODIFIER=(SpaceConcordia) /usr/bin/cmake --install /home/matin/ros2_ws/build/examples_rclcpp_wait_set
[2.071s] -- Install configuration: ""
[2.071s] -- Execute custom install script
[2.072s] -- Up-to-date symlink: /home/matin/ros2_ws/install/examples_rclcpp_wait_set/lib/examples_rclcpp_wait_set/wait_set_talker
[2.073s] -- Up-to-date symlink: /home/matin/ros2_ws/install/examples_rclcpp_wait_set/lib/examples_rclcpp_wait_set/wait_set_listener
[2.073s] -- Up-to-date symlink: /home/matin/ros2_ws/install/examples_rclcpp_wait_set/lib/libtalker.so
[2.073s] -- Up-to-date symlink: /home/matin/ros2_ws/install/examples_rclcpp_wait_set/lib/liblistener.so
[2.073s] -- Up-to-date symlink: /home/matin/ros2_ws/install/examples_rclcpp_wait_set/lib/examples_rclcpp_wait_set/wait_set
[2.074s] -- Up-to-date symlink: /home/matin/ros2_ws/install/examples_rclcpp_wait_set/lib/examples_rclcpp_wait_set/static_wait_set
[2.075s] -- Up-to-date symlink: /home/matin/ros2_ws/install/examples_rclcpp_wait_set/lib/examples_rclcpp_wait_set/thread_safe_wait_set
[2.075s] -- Up-to-date symlink: /home/matin/ros2_ws/install/examples_rclcpp_wait_set/lib/examples_rclcpp_wait_set/wait_set_topics_and_timer
[2.075s] -- Up-to-date symlink: /home/matin/ros2_ws/install/examples_rclcpp_wait_set/lib/examples_rclcpp_wait_set/wait_set_random_order
[2.076s] -- Up-to-date symlink: /home/matin/ros2_ws/install/examples_rclcpp_wait_set/lib/examples_rclcpp_wait_set/executor_random_order
[2.076s] -- Up-to-date symlink: /home/matin/ros2_ws/install/examples_rclcpp_wait_set/lib/examples_rclcpp_wait_set/wait_set_topics_with_different_rates
[2.078s] -- Up-to-date symlink: /home/matin/ros2_ws/install/examples_rclcpp_wait_set/lib/examples_rclcpp_wait_set/wait_set_composed
[2.078s] -- Up-to-date symlink: /home/matin/ros2_ws/install/examples_rclcpp_wait_set/share/ament_index/resource_index/package_run_dependencies/examples_rclcpp_wait_set
[2.079s] -- Up-to-date symlink: /home/matin/ros2_ws/install/examples_rclcpp_wait_set/share/ament_index/resource_index/parent_prefix_path/examples_rclcpp_wait_set
[2.079s] -- Up-to-date symlink: /home/matin/ros2_ws/install/examples_rclcpp_wait_set/share/examples_rclcpp_wait_set/environment/ament_prefix_path.sh
[2.079s] -- Up-to-date symlink: /home/matin/ros2_ws/install/examples_rclcpp_wait_set/share/examples_rclcpp_wait_set/environment/ament_prefix_path.dsv
[2.080s] -- Up-to-date symlink: /home/matin/ros2_ws/install/examples_rclcpp_wait_set/share/examples_rclcpp_wait_set/environment/path.sh
[2.080s] -- Up-to-date symlink: /home/matin/ros2_ws/install/examples_rclcpp_wait_set/share/examples_rclcpp_wait_set/environment/path.dsv
[2.080s] -- Up-to-date symlink: /home/matin/ros2_ws/install/examples_rclcpp_wait_set/share/examples_rclcpp_wait_set/local_setup.bash
[2.080s] -- Up-to-date symlink: /home/matin/ros2_ws/install/examples_rclcpp_wait_set/share/examples_rclcpp_wait_set/local_setup.sh
[2.081s] -- Up-to-date symlink: /home/matin/ros2_ws/install/examples_rclcpp_wait_set/share/examples_rclcpp_wait_set/local_setup.zsh
[2.081s] -- Up-to-date symlink: /home/matin/ros2_ws/install/examples_rclcpp_wait_set/share/examples_rclcpp_wait_set/local_setup.dsv
[2.081s] -- Symlinking: /home/matin/ros2_ws/install/examples_rclcpp_wait_set/share/examples_rclcpp_wait_set/package.dsv
[2.087s] -- Up-to-date symlink: /home/matin/ros2_ws/install/examples_rclcpp_wait_set/share/ament_index/resource_index/packages/examples_rclcpp_wait_set
[2.087s] -- Up-to-date symlink: /home/matin/ros2_ws/install/examples_rclcpp_wait_set/share/ament_index/resource_index/rclcpp_components/examples_rclcpp_wait_set
[2.087s] -- Up-to-date symlink: /home/matin/ros2_ws/install/examples_rclcpp_wait_set/share/examples_rclcpp_wait_set/cmake/examples_rclcpp_wait_setConfig.cmake
[2.087s] -- Up-to-date symlink: /home/matin/ros2_ws/install/examples_rclcpp_wait_set/share/examples_rclcpp_wait_set/cmake/examples_rclcpp_wait_setConfig-version.cmake
[2.087s] -- Up-to-date symlink: /home/matin/ros2_ws/install/examples_rclcpp_wait_set/share/examples_rclcpp_wait_set/package.xml
[2.349s] Invoked command in '/home/matin/ros2_ws/build/examples_rclcpp_wait_set' returned '0': CMAKE_PREFIX_PATH=/opt/ros/humble CONDA_PROMPT_MODIFIER=(SpaceConcordia) /usr/bin/cmake --install /home/matin/ros2_ws/build/examples_rclcpp_wait_set
