[2.135s] Invoking command in '/home/matin/ros2_ws/src/my_py_pkg': CONDA_PROMPT_MODIFIER=(SpaceConcordia) PYTHONPATH=/home/matin/ros2_ws/build/my_py_pkg/prefix_override:/home/matin/ros2_ws/install/my_py_pkg/lib/python3.10/site-packages:${PYTHONPATH} /usr/bin/python3 setup.py egg_info --egg-base ../../build/my_py_pkg build --build-base /home/matin/ros2_ws/build/my_py_pkg/build install --record /home/matin/ros2_ws/build/my_py_pkg/install.log --single-version-externally-managed
[2.466s] running egg_info
[2.467s] writing ../../build/my_py_pkg/my_py_pkg.egg-info/PKG-INFO
[2.468s] writing dependency_links to ../../build/my_py_pkg/my_py_pkg.egg-info/dependency_links.txt
[2.468s] writing entry points to ../../build/my_py_pkg/my_py_pkg.egg-info/entry_points.txt
[2.468s] writing requirements to ../../build/my_py_pkg/my_py_pkg.egg-info/requires.txt
[2.469s] writing top-level names to ../../build/my_py_pkg/my_py_pkg.egg-info/top_level.txt
[2.472s] reading manifest file '../../build/my_py_pkg/my_py_pkg.egg-info/SOURCES.txt'
[2.473s] writing manifest file '../../build/my_py_pkg/my_py_pkg.egg-info/SOURCES.txt'
[2.473s] running build
[2.473s] running build_py
[2.474s] running install
[2.474s] running install_lib
[2.475s] running install_data
[2.476s] running install_egg_info
[2.478s] removing '/home/matin/ros2_ws/install/my_py_pkg/lib/python3.10/site-packages/my_py_pkg-0.0.0-py3.10.egg-info' (and everything under it)
[2.479s] Copying ../../build/my_py_pkg/my_py_pkg.egg-info to /home/matin/ros2_ws/install/my_py_pkg/lib/python3.10/site-packages/my_py_pkg-0.0.0-py3.10.egg-info
[2.481s] running install_scripts
[2.508s] writing list of installed files to '/home/matin/ros2_ws/build/my_py_pkg/install.log'
[2.686s] Invoked command in '/home/matin/ros2_ws/src/my_py_pkg' returned '0': CONDA_PROMPT_MODIFIER=(SpaceConcordia) PYTHONPATH=/home/matin/ros2_ws/build/my_py_pkg/prefix_override:/home/matin/ros2_ws/install/my_py_pkg/lib/python3.10/site-packages:${PYTHONPATH} /usr/bin/python3 setup.py egg_info --egg-base ../../build/my_py_pkg build --build-base /home/matin/ros2_ws/build/my_py_pkg/build install --record /home/matin/ros2_ws/build/my_py_pkg/install.log --single-version-externally-managed
