[2.500s] Invoking command in '/home/matin/ros2_ws/src/examples/rclpy/executors': CONDA_PROMPT_MODIFIER=(SpaceConcordia) PYTHONPATH=/home/matin/ros2_ws/build/examples_rclpy_executors/prefix_override:/home/matin/ros2_ws/install/examples_rclpy_executors/lib/python3.10/site-packages:${PYTHONPATH} /usr/bin/python3 setup.py egg_info --egg-base ../../../../build/examples_rclpy_executors build --build-base /home/matin/ros2_ws/build/examples_rclpy_executors/build install --record /home/matin/ros2_ws/build/examples_rclpy_executors/install.log --single-version-externally-managed
[2.873s] running egg_info
[2.875s] writing ../../../../build/examples_rclpy_executors/examples_rclpy_executors.egg-info/PKG-INFO
[2.876s] writing dependency_links to ../../../../build/examples_rclpy_executors/examples_rclpy_executors.egg-info/dependency_links.txt
[2.876s] writing entry points to ../../../../build/examples_rclpy_executors/examples_rclpy_executors.egg-info/entry_points.txt
[2.876s] writing requirements to ../../../../build/examples_rclpy_executors/examples_rclpy_executors.egg-info/requires.txt
[2.877s] writing top-level names to ../../../../build/examples_rclpy_executors/examples_rclpy_executors.egg-info/top_level.txt
[2.880s] reading manifest file '../../../../build/examples_rclpy_executors/examples_rclpy_executors.egg-info/SOURCES.txt'
[2.881s] writing manifest file '../../../../build/examples_rclpy_executors/examples_rclpy_executors.egg-info/SOURCES.txt'
[2.883s] running build
[2.883s] running build_py
[2.883s] running install
[2.884s] running install_lib
[2.884s] running install_data
[2.886s] running install_egg_info
[2.887s] removing '/home/matin/ros2_ws/install/examples_rclpy_executors/lib/python3.10/site-packages/examples_rclpy_executors-0.15.1-py3.10.egg-info' (and everything under it)
[2.889s] Copying ../../../../build/examples_rclpy_executors/examples_rclpy_executors.egg-info to /home/matin/ros2_ws/install/examples_rclpy_executors/lib/python3.10/site-packages/examples_rclpy_executors-0.15.1-py3.10.egg-info
[2.890s] running install_scripts
[2.921s] Installing callback_group script to /home/matin/ros2_ws/install/examples_rclpy_executors/lib/examples_rclpy_executors
[2.922s] Installing composed script to /home/matin/ros2_ws/install/examples_rclpy_executors/lib/examples_rclpy_executors
[2.923s] Installing custom_callback_group script to /home/matin/ros2_ws/install/examples_rclpy_executors/lib/examples_rclpy_executors
[2.924s] Installing custom_executor script to /home/matin/ros2_ws/install/examples_rclpy_executors/lib/examples_rclpy_executors
[2.924s] Installing listener script to /home/matin/ros2_ws/install/examples_rclpy_executors/lib/examples_rclpy_executors
[2.925s] Installing talker script to /home/matin/ros2_ws/install/examples_rclpy_executors/lib/examples_rclpy_executors
[2.925s] writing list of installed files to '/home/matin/ros2_ws/build/examples_rclpy_executors/install.log'
[3.275s] Invoked command in '/home/matin/ros2_ws/src/examples/rclpy/executors' returned '0': CONDA_PROMPT_MODIFIER=(SpaceConcordia) PYTHONPATH=/home/matin/ros2_ws/build/examples_rclpy_executors/prefix_override:/home/matin/ros2_ws/install/examples_rclpy_executors/lib/python3.10/site-packages:${PYTHONPATH} /usr/bin/python3 setup.py egg_info --egg-base ../../../../build/examples_rclpy_executors build --build-base /home/matin/ros2_ws/build/examples_rclpy_executors/build install --record /home/matin/ros2_ws/build/examples_rclpy_executors/install.log --single-version-externally-managed
