[3.451s] Invoking command in '/home/matin/ros2_ws/src/examples/rclpy/services/minimal_service': CONDA_PROMPT_MODIFIER=(SpaceConcordia) PYTHONPATH=/home/matin/ros2_ws/build/examples_rclpy_minimal_service/prefix_override:/home/matin/ros2_ws/install/examples_rclpy_minimal_service/lib/python3.10/site-packages:${PYTHONPATH} /usr/bin/python3 setup.py egg_info --egg-base ../../../../../build/examples_rclpy_minimal_service build --build-base /home/matin/ros2_ws/build/examples_rclpy_minimal_service/build install --record /home/matin/ros2_ws/build/examples_rclpy_minimal_service/install.log --single-version-externally-managed
[3.886s] running egg_info
[3.887s] writing ../../../../../build/examples_rclpy_minimal_service/examples_rclpy_minimal_service.egg-info/PKG-INFO
[3.888s] writing dependency_links to ../../../../../build/examples_rclpy_minimal_service/examples_rclpy_minimal_service.egg-info/dependency_links.txt
[3.888s] writing entry points to ../../../../../build/examples_rclpy_minimal_service/examples_rclpy_minimal_service.egg-info/entry_points.txt
[3.888s] writing requirements to ../../../../../build/examples_rclpy_minimal_service/examples_rclpy_minimal_service.egg-info/requires.txt
[3.889s] writing top-level names to ../../../../../build/examples_rclpy_minimal_service/examples_rclpy_minimal_service.egg-info/top_level.txt
[3.892s] reading manifest file '../../../../../build/examples_rclpy_minimal_service/examples_rclpy_minimal_service.egg-info/SOURCES.txt'
[3.895s] writing manifest file '../../../../../build/examples_rclpy_minimal_service/examples_rclpy_minimal_service.egg-info/SOURCES.txt'
[3.895s] running build
[3.895s] running build_py
[3.896s] running install
[3.896s] running install_lib
[3.898s] running install_data
[3.899s] running install_egg_info
[3.902s] removing '/home/matin/ros2_ws/install/examples_rclpy_minimal_service/lib/python3.10/site-packages/examples_rclpy_minimal_service-0.15.1-py3.10.egg-info' (and everything under it)
[3.903s] Copying ../../../../../build/examples_rclpy_minimal_service/examples_rclpy_minimal_service.egg-info to /home/matin/ros2_ws/install/examples_rclpy_minimal_service/lib/python3.10/site-packages/examples_rclpy_minimal_service-0.15.1-py3.10.egg-info
[3.905s] running install_scripts
[3.943s] Installing service script to /home/matin/ros2_ws/install/examples_rclpy_minimal_service/lib/examples_rclpy_minimal_service
[3.944s] Installing service_member_function script to /home/matin/ros2_ws/install/examples_rclpy_minimal_service/lib/examples_rclpy_minimal_service
[3.944s] writing list of installed files to '/home/matin/ros2_ws/build/examples_rclpy_minimal_service/install.log'
[4.179s] Invoked command in '/home/matin/ros2_ws/src/examples/rclpy/services/minimal_service' returned '0': CONDA_PROMPT_MODIFIER=(SpaceConcordia) PYTHONPATH=/home/matin/ros2_ws/build/examples_rclpy_minimal_service/prefix_override:/home/matin/ros2_ws/install/examples_rclpy_minimal_service/lib/python3.10/site-packages:${PYTHONPATH} /usr/bin/python3 setup.py egg_info --egg-base ../../../../../build/examples_rclpy_minimal_service build --build-base /home/matin/ros2_ws/build/examples_rclpy_minimal_service/build install --record /home/matin/ros2_ws/build/examples_rclpy_minimal_service/install.log --single-version-externally-managed
