[0.076s] Invoking command in '/home/matin/ros2_ws/build/my_cpp_pkg': CMAKE_PREFIX_PATH=${CMAKE_PREFIX_PATH}:/home/matin/ros2_ws/install/my_py_pkg:/home/matin/ros2_ws/install/launch_testing_examples:/home/matin/ros2_ws/install/examples_rclpy_pointcloud_publisher:/home/matin/ros2_ws/install/examples_rclpy_minimal_subscriber:/home/matin/ros2_ws/install/examples_rclpy_minimal_service:/home/matin/ros2_ws/install/examples_rclpy_minimal_publisher:/home/matin/ros2_ws/install/examples_rclpy_minimal_client:/home/matin/ros2_ws/install/examples_rclpy_minimal_action_server:/home/matin/ros2_ws/install/examples_rclpy_minimal_action_client:/home/matin/ros2_ws/install/examples_rclpy_guard_conditions:/home/matin/ros2_ws/install/examples_rclpy_executors:/opt/ros/humble CONDA_PROMPT_MODIFIER=(SpaceConcordia) /usr/bin/cmake --build /home/matin/ros2_ws/build/my_cpp_pkg -- -j8 -l8
[0.096s] -- Found ament_cmake: 1.3.7 (/opt/ros/humble/share/ament_cmake/cmake)
[0.282s] -- Found rclcpp: 16.0.8 (/opt/ros/humble/share/rclcpp/cmake)
[0.380s] -- Found rosidl_generator_c: 3.1.5 (/opt/ros/humble/share/rosidl_generator_c/cmake)
[0.383s] -- Found rosidl_adapter: 3.1.5 (/opt/ros/humble/share/rosidl_adapter/cmake)
[0.391s] -- Found rosidl_generator_cpp: 3.1.5 (/opt/ros/humble/share/rosidl_generator_cpp/cmake)
[0.404s] -- Using all available rosidl_typesupport_c: rosidl_typesupport_fastrtps_c;rosidl_typesupport_introspection_c
[0.422s] -- Using all available rosidl_typesupport_cpp: rosidl_typesupport_fastrtps_cpp;rosidl_typesupport_introspection_cpp
[0.483s] -- Found rmw_implementation_cmake: 6.1.1 (/opt/ros/humble/share/rmw_implementation_cmake/cmake)
[0.486s] -- Found rmw_fastrtps_cpp: 6.2.6 (/opt/ros/humble/share/rmw_fastrtps_cpp/cmake)
[2.780s] -- Using RMW implementation 'rmw_fastrtps_cpp' as default
[2.952s] -- Found example_interfaces: 0.9.3 (/opt/ros/humble/share/example_interfaces/cmake)
[3.100s] -- Found ament_lint_auto: 0.12.10 (/opt/ros/humble/share/ament_lint_auto/cmake)
[3.173s] -- Added test 'cppcheck' to perform static code analysis on C / C++ code
[3.173s] -- Configured cppcheck include dirs: /home/matin/ros2_ws/src/my_cpp_pkg/include
[3.173s] -- Configured cppcheck exclude dirs and/or files: 
[3.174s] -- Added test 'lint_cmake' to check CMake code style
[3.176s] -- Added test 'uncrustify' to check C / C++ code style
[3.176s] -- Configured uncrustify additional arguments: 
[3.176s] -- Added test 'xmllint' to check XML markup files
[3.177s] -- Configuring done
[3.186s] [31mCMake Error at CMakeLists.txt:17 (add_executable):
[3.186s]   Cannot find source file:
[3.186s] 
[3.186s]     src/smartphone.cpp
[3.186s] 
[3.186s]   Tried extensions .c .C .c++ .cc .cpp .cxx .cu .mpp .m .M .mm .ixx .cppm .h
[3.186s]   .hh .h++ .hm .hpp .hxx .in .txx .f .F .for .f77 .f90 .f95 .f03 .hip .ispc
[3.186s] 
[3.186s] [0m
[3.187s] [31mCMake Error at CMakeLists.txt:17 (add_executable):
[3.187s]   No SOURCES given to target: smartphone
[3.187s] 
[3.187s] [0m
[3.187s] [0mCMake Generate step failed.  Build files cannot be regenerated correctly.[0m
[3.194s] gmake: *** [Makefile:226: cmake_check_build_system] Error 1
[3.197s] Invoked command in '/home/matin/ros2_ws/build/my_cpp_pkg' returned '2': CMAKE_PREFIX_PATH=${CMAKE_PREFIX_PATH}:/home/matin/ros2_ws/install/my_py_pkg:/home/matin/ros2_ws/install/launch_testing_examples:/home/matin/ros2_ws/install/examples_rclpy_pointcloud_publisher:/home/matin/ros2_ws/install/examples_rclpy_minimal_subscriber:/home/matin/ros2_ws/install/examples_rclpy_minimal_service:/home/matin/ros2_ws/install/examples_rclpy_minimal_publisher:/home/matin/ros2_ws/install/examples_rclpy_minimal_client:/home/matin/ros2_ws/install/examples_rclpy_minimal_action_server:/home/matin/ros2_ws/install/examples_rclpy_minimal_action_client:/home/matin/ros2_ws/install/examples_rclpy_guard_conditions:/home/matin/ros2_ws/install/examples_rclpy_executors:/opt/ros/humble CONDA_PROMPT_MODIFIER=(SpaceConcordia) /usr/bin/cmake --build /home/matin/ros2_ws/build/my_cpp_pkg -- -j8 -l8
