[0.495s] Invoking command in '/home/matin/ros2_ws/build/examples_rclcpp_wait_set': CMAKE_PREFIX_PATH=/opt/ros/humble CONDA_PROMPT_MODIFIER=(SpaceConcordia) /usr/bin/cmake --build /home/matin/ros2_ws/build/examples_rclcpp_wait_set -- -j8 -l8
[0.596s] [  8%] Built target listener
[0.606s] [ 16%] Built target wait_set_talker
[0.611s] [ 25%] Built target wait_set
[0.611s] [ 33%] Built target talker
[0.613s] [ 41%] Built target wait_set_listener
[0.617s] [ 50%] Built target static_wait_set
[0.619s] [ 58%] Built target thread_safe_wait_set
[0.623s] [ 66%] Built target wait_set_topics_and_timer
[0.656s] [ 79%] Built target executor_random_order
[0.657s] [ 83%] Built target wait_set_random_order
[0.662s] [100%] Built target wait_set_topics_with_different_rates
[0.662s] [100%] Built target wait_set_composed
[1.572s] Invoked command in '/home/matin/ros2_ws/build/examples_rclcpp_wait_set' returned '0': CMAKE_PREFIX_PATH=/opt/ros/humble CONDA_PROMPT_MODIFIER=(SpaceConcordia) /usr/bin/cmake --build /home/matin/ros2_ws/build/examples_rclcpp_wait_set -- -j8 -l8
[2.341s] Invoking command in '/home/matin/ros2_ws/build/examples_rclcpp_wait_set': CMAKE_PREFIX_PATH=/opt/ros/humble CONDA_PROMPT_MODIFIER=(SpaceConcordia) /usr/bin/cmake --install /home/matin/ros2_ws/build/examples_rclcpp_wait_set
[2.373s] -- Install configuration: ""
[2.373s] -- Execute custom install script
[2.373s] -- Up-to-date symlink: /home/matin/ros2_ws/install/examples_rclcpp_wait_set/lib/examples_rclcpp_wait_set/wait_set_talker
[2.374s] -- Up-to-date symlink: /home/matin/ros2_ws/install/examples_rclcpp_wait_set/lib/examples_rclcpp_wait_set/wait_set_listener
[2.374s] -- Up-to-date symlink: /home/matin/ros2_ws/install/examples_rclcpp_wait_set/lib/libtalker.so
[2.374s] -- Up-to-date symlink: /home/matin/ros2_ws/install/examples_rclcpp_wait_set/lib/liblistener.so
[2.374s] -- Up-to-date symlink: /home/matin/ros2_ws/install/examples_rclcpp_wait_set/lib/examples_rclcpp_wait_set/wait_set
[2.374s] -- Up-to-date symlink: /home/matin/ros2_ws/install/examples_rclcpp_wait_set/lib/examples_rclcpp_wait_set/static_wait_set
[2.375s] -- Up-to-date symlink: /home/matin/ros2_ws/install/examples_rclcpp_wait_set/lib/examples_rclcpp_wait_set/thread_safe_wait_set
[2.375s] -- Up-to-date symlink: /home/matin/ros2_ws/install/examples_rclcpp_wait_set/lib/examples_rclcpp_wait_set/wait_set_topics_and_timer
[2.375s] -- Up-to-date symlink: /home/matin/ros2_ws/install/examples_rclcpp_wait_set/lib/examples_rclcpp_wait_set/wait_set_random_order
[2.375s] -- Up-to-date symlink: /home/matin/ros2_ws/install/examples_rclcpp_wait_set/lib/examples_rclcpp_wait_set/executor_random_order
[2.376s] -- Up-to-date symlink: /home/matin/ros2_ws/install/examples_rclcpp_wait_set/lib/examples_rclcpp_wait_set/wait_set_topics_with_different_rates
[2.379s] -- Up-to-date symlink: /home/matin/ros2_ws/install/examples_rclcpp_wait_set/lib/examples_rclcpp_wait_set/wait_set_composed
[2.379s] -- Up-to-date symlink: /home/matin/ros2_ws/install/examples_rclcpp_wait_set/share/ament_index/resource_index/package_run_dependencies/examples_rclcpp_wait_set
[2.380s] -- Up-to-date symlink: /home/matin/ros2_ws/install/examples_rclcpp_wait_set/share/ament_index/resource_index/parent_prefix_path/examples_rclcpp_wait_set
[2.380s] -- Up-to-date symlink: /home/matin/ros2_ws/install/examples_rclcpp_wait_set/share/examples_rclcpp_wait_set/environment/ament_prefix_path.sh
[2.381s] -- Up-to-date symlink: /home/matin/ros2_ws/install/examples_rclcpp_wait_set/share/examples_rclcpp_wait_set/environment/ament_prefix_path.dsv
[2.381s] -- Up-to-date symlink: /home/matin/ros2_ws/install/examples_rclcpp_wait_set/share/examples_rclcpp_wait_set/environment/path.sh
[2.381s] -- Up-to-date symlink: /home/matin/ros2_ws/install/examples_rclcpp_wait_set/share/examples_rclcpp_wait_set/environment/path.dsv
[2.381s] -- Up-to-date symlink: /home/matin/ros2_ws/install/examples_rclcpp_wait_set/share/examples_rclcpp_wait_set/local_setup.bash
[2.381s] -- Up-to-date symlink: /home/matin/ros2_ws/install/examples_rclcpp_wait_set/share/examples_rclcpp_wait_set/local_setup.sh
[2.381s] -- Up-to-date symlink: /home/matin/ros2_ws/install/examples_rclcpp_wait_set/share/examples_rclcpp_wait_set/local_setup.zsh
[2.382s] -- Up-to-date symlink: /home/matin/ros2_ws/install/examples_rclcpp_wait_set/share/examples_rclcpp_wait_set/local_setup.dsv
[2.382s] -- Symlinking: /home/matin/ros2_ws/install/examples_rclcpp_wait_set/share/examples_rclcpp_wait_set/package.dsv
[2.397s] -- Up-to-date symlink: /home/matin/ros2_ws/install/examples_rclcpp_wait_set/share/ament_index/resource_index/packages/examples_rclcpp_wait_set
[2.397s] -- Up-to-date symlink: /home/matin/ros2_ws/install/examples_rclcpp_wait_set/share/ament_index/resource_index/rclcpp_components/examples_rclcpp_wait_set
[2.397s] -- Up-to-date symlink: /home/matin/ros2_ws/install/examples_rclcpp_wait_set/share/examples_rclcpp_wait_set/cmake/examples_rclcpp_wait_setConfig.cmake
[2.397s] -- Up-to-date symlink: /home/matin/ros2_ws/install/examples_rclcpp_wait_set/share/examples_rclcpp_wait_set/cmake/examples_rclcpp_wait_setConfig-version.cmake
[2.397s] -- Up-to-date symlink: /home/matin/ros2_ws/install/examples_rclcpp_wait_set/share/examples_rclcpp_wait_set/package.xml
[2.656s] Invoked command in '/home/matin/ros2_ws/build/examples_rclcpp_wait_set' returned '0': CMAKE_PREFIX_PATH=/opt/ros/humble CONDA_PROMPT_MODIFIER=(SpaceConcordia) /usr/bin/cmake --install /home/matin/ros2_ws/build/examples_rclcpp_wait_set
