[3.635s] Invoking command in '/home/matin/ros2_ws/src/examples/rclpy/services/minimal_client': CONDA_PROMPT_MODIFIER=(SpaceConcordia) PYTHONPATH=/home/matin/ros2_ws/build/examples_rclpy_minimal_client/prefix_override:/home/matin/ros2_ws/install/examples_rclpy_minimal_client/lib/python3.10/site-packages:${PYTHONPATH} /usr/bin/python3 setup.py egg_info --egg-base ../../../../../build/examples_rclpy_minimal_client build --build-base /home/matin/ros2_ws/build/examples_rclpy_minimal_client/build install --record /home/matin/ros2_ws/build/examples_rclpy_minimal_client/install.log --single-version-externally-managed
[4.078s] running egg_info
[4.079s] writing ../../../../../build/examples_rclpy_minimal_client/examples_rclpy_minimal_client.egg-info/PKG-INFO
[4.079s] writing dependency_links to ../../../../../build/examples_rclpy_minimal_client/examples_rclpy_minimal_client.egg-info/dependency_links.txt
[4.080s] writing entry points to ../../../../../build/examples_rclpy_minimal_client/examples_rclpy_minimal_client.egg-info/entry_points.txt
[4.080s] writing requirements to ../../../../../build/examples_rclpy_minimal_client/examples_rclpy_minimal_client.egg-info/requires.txt
[4.080s] writing top-level names to ../../../../../build/examples_rclpy_minimal_client/examples_rclpy_minimal_client.egg-info/top_level.txt
[4.084s] reading manifest file '../../../../../build/examples_rclpy_minimal_client/examples_rclpy_minimal_client.egg-info/SOURCES.txt'
[4.085s] writing manifest file '../../../../../build/examples_rclpy_minimal_client/examples_rclpy_minimal_client.egg-info/SOURCES.txt'
[4.086s] running build
[4.086s] running build_py
[4.087s] running install
[4.088s] running install_lib
[4.090s] running install_data
[4.091s] running install_egg_info
[4.094s] removing '/home/matin/ros2_ws/install/examples_rclpy_minimal_client/lib/python3.10/site-packages/examples_rclpy_minimal_client-0.15.1-py3.10.egg-info' (and everything under it)
[4.095s] Copying ../../../../../build/examples_rclpy_minimal_client/examples_rclpy_minimal_client.egg-info to /home/matin/ros2_ws/install/examples_rclpy_minimal_client/lib/python3.10/site-packages/examples_rclpy_minimal_client-0.15.1-py3.10.egg-info
[4.097s] running install_scripts
[4.129s] Installing client script to /home/matin/ros2_ws/install/examples_rclpy_minimal_client/lib/examples_rclpy_minimal_client
[4.129s] Installing client_async script to /home/matin/ros2_ws/install/examples_rclpy_minimal_client/lib/examples_rclpy_minimal_client
[4.129s] Installing client_async_callback script to /home/matin/ros2_ws/install/examples_rclpy_minimal_client/lib/examples_rclpy_minimal_client
[4.130s] Installing client_async_member_function script to /home/matin/ros2_ws/install/examples_rclpy_minimal_client/lib/examples_rclpy_minimal_client
[4.130s] writing list of installed files to '/home/matin/ros2_ws/build/examples_rclpy_minimal_client/install.log'
[4.211s] Invoked command in '/home/matin/ros2_ws/src/examples/rclpy/services/minimal_client' returned '0': CONDA_PROMPT_MODIFIER=(SpaceConcordia) PYTHONPATH=/home/matin/ros2_ws/build/examples_rclpy_minimal_client/prefix_override:/home/matin/ros2_ws/install/examples_rclpy_minimal_client/lib/python3.10/site-packages:${PYTHONPATH} /usr/bin/python3 setup.py egg_info --egg-base ../../../../../build/examples_rclpy_minimal_client build --build-base /home/matin/ros2_ws/build/examples_rclpy_minimal_client/build install --record /home/matin/ros2_ws/build/examples_rclpy_minimal_client/install.log --single-version-externally-managed
