[4.396s] Invoking command in '/home/matin/ros2_ws/build/examples_rclpy_executors': CONDA_PROMPT_MODIFIER=(SpaceConcordia) PYTHONPATH=/home/matin/ros2_ws/build/examples_rclpy_executors/prefix_override:/home/matin/ros2_ws/install/examples_rclpy_executors/lib/python3.10/site-packages:${PYTHONPATH} /usr/bin/python3 setup.py develop --editable --build-directory /home/matin/ros2_ws/build/examples_rclpy_executors/build --no-deps install_data
[6.267s] running develop
[6.268s] running egg_info
[6.268s] creating examples_rclpy_executors.egg-info
[6.268s] writing examples_rclpy_executors.egg-info/PKG-INFO
[6.269s] writing dependency_links to examples_rclpy_executors.egg-info/dependency_links.txt
[6.269s] writing entry points to examples_rclpy_executors.egg-info/entry_points.txt
[6.269s] writing requirements to examples_rclpy_executors.egg-info/requires.txt
[6.270s] writing top-level names to examples_rclpy_executors.egg-info/top_level.txt
[6.270s] writing manifest file 'examples_rclpy_executors.egg-info/SOURCES.txt'
[6.270s] reading manifest file 'examples_rclpy_executors.egg-info/SOURCES.txt'
[6.271s] writing manifest file 'examples_rclpy_executors.egg-info/SOURCES.txt'
[6.271s] running build_ext
[6.272s] Creating /home/matin/ros2_ws/install/examples_rclpy_executors/lib/python3.10/site-packages/examples-rclpy-executors.egg-link (link to .)
[6.272s] Installing callback_group script to /home/matin/ros2_ws/install/examples_rclpy_executors/lib/examples_rclpy_executors
[6.272s] Installing composed script to /home/matin/ros2_ws/install/examples_rclpy_executors/lib/examples_rclpy_executors
[6.273s] Installing custom_callback_group script to /home/matin/ros2_ws/install/examples_rclpy_executors/lib/examples_rclpy_executors
[6.273s] Installing custom_executor script to /home/matin/ros2_ws/install/examples_rclpy_executors/lib/examples_rclpy_executors
[6.274s] Installing listener script to /home/matin/ros2_ws/install/examples_rclpy_executors/lib/examples_rclpy_executors
[6.274s] Installing talker script to /home/matin/ros2_ws/install/examples_rclpy_executors/lib/examples_rclpy_executors
[6.274s] 
[6.275s] Installed /home/matin/ros2_ws/build/examples_rclpy_executors
[6.275s] running install_data
[6.276s] creating /home/matin/ros2_ws/install/examples_rclpy_executors/share/ament_index
[6.276s] creating /home/matin/ros2_ws/install/examples_rclpy_executors/share/ament_index/resource_index
[6.276s] creating /home/matin/ros2_ws/install/examples_rclpy_executors/share/ament_index/resource_index/packages
[6.277s] copying resource/examples_rclpy_executors -> /home/matin/ros2_ws/install/examples_rclpy_executors/share/ament_index/resource_index/packages
[6.277s] copying package.xml -> /home/matin/ros2_ws/install/examples_rclpy_executors/share/examples_rclpy_executors
[6.278s] /usr/lib/python3/dist-packages/setuptools/command/easy_install.py:158: EasyInstallDeprecationWarning: easy_install command is deprecated. Use build and pip and other standards-based tools.
[6.278s]   warnings.warn(
[6.279s] /usr/lib/python3/dist-packages/setuptools/command/install.py:34: SetuptoolsDeprecationWarning: setup.py install is deprecated. Use build and pip and other standards-based tools.
[6.280s]   warnings.warn(
[6.551s] Invoked command in '/home/matin/ros2_ws/build/examples_rclpy_executors' returned '0': CONDA_PROMPT_MODIFIER=(SpaceConcordia) PYTHONPATH=/home/matin/ros2_ws/build/examples_rclpy_executors/prefix_override:/home/matin/ros2_ws/install/examples_rclpy_executors/lib/python3.10/site-packages:${PYTHONPATH} /usr/bin/python3 setup.py develop --editable --build-directory /home/matin/ros2_ws/build/examples_rclpy_executors/build --no-deps install_data
