[2.749s] Invoking command in '/home/matin/ros2_ws/build/examples_rclpy_minimal_service': CONDA_PROMPT_MODIFIER=(SpaceConcordia) PYTHONPATH=/home/matin/ros2_ws/build/examples_rclpy_minimal_service/prefix_override:/home/matin/ros2_ws/install/examples_rclpy_minimal_service/lib/python3.10/site-packages:${PYTHONPATH} /usr/bin/python3 setup.py develop --editable --build-directory /home/matin/ros2_ws/build/examples_rclpy_minimal_service/build --no-deps install_data
[3.395s] running develop
[3.396s] /usr/lib/python3/dist-packages/setuptools/command/easy_install.py:158: EasyInstallDeprecationWarning: easy_install command is deprecated. Use build and pip and other standards-based tools.
[3.397s]   warnings.warn(
[3.401s] /usr/lib/python3/dist-packages/setuptools/command/install.py:34: SetuptoolsDeprecationWarning: setup.py install is deprecated. Use build and pip and other standards-based tools.
[3.401s]   warnings.warn(
[3.822s] running egg_info
[3.823s] creating examples_rclpy_minimal_service.egg-info
[3.824s] writing examples_rclpy_minimal_service.egg-info/PKG-INFO
[3.825s] writing dependency_links to examples_rclpy_minimal_service.egg-info/dependency_links.txt
[3.826s] writing entry points to examples_rclpy_minimal_service.egg-info/entry_points.txt
[3.827s] writing requirements to examples_rclpy_minimal_service.egg-info/requires.txt
[3.827s] writing top-level names to examples_rclpy_minimal_service.egg-info/top_level.txt
[3.828s] writing manifest file 'examples_rclpy_minimal_service.egg-info/SOURCES.txt'
[3.839s] reading manifest file 'examples_rclpy_minimal_service.egg-info/SOURCES.txt'
[3.841s] writing manifest file 'examples_rclpy_minimal_service.egg-info/SOURCES.txt'
[3.844s] running build_ext
[3.847s] Creating /home/matin/ros2_ws/install/examples_rclpy_minimal_service/lib/python3.10/site-packages/examples-rclpy-minimal-service.egg-link (link to .)
[3.848s] Installing service script to /home/matin/ros2_ws/install/examples_rclpy_minimal_service/lib/examples_rclpy_minimal_service
[3.849s] Installing service_member_function script to /home/matin/ros2_ws/install/examples_rclpy_minimal_service/lib/examples_rclpy_minimal_service
[3.850s] 
[3.850s] Installed /home/matin/ros2_ws/build/examples_rclpy_minimal_service
[3.851s] running install_data
[3.855s] creating /home/matin/ros2_ws/install/examples_rclpy_minimal_service/share/ament_index
[3.856s] creating /home/matin/ros2_ws/install/examples_rclpy_minimal_service/share/ament_index/resource_index
[3.857s] creating /home/matin/ros2_ws/install/examples_rclpy_minimal_service/share/ament_index/resource_index/packages
[3.858s] copying resource/examples_rclpy_minimal_service -> /home/matin/ros2_ws/install/examples_rclpy_minimal_service/share/ament_index/resource_index/packages
[3.859s] copying package.xml -> /home/matin/ros2_ws/install/examples_rclpy_minimal_service/share/examples_rclpy_minimal_service
[4.187s] Invoked command in '/home/matin/ros2_ws/build/examples_rclpy_minimal_service' returned '0': CONDA_PROMPT_MODIFIER=(SpaceConcordia) PYTHONPATH=/home/matin/ros2_ws/build/examples_rclpy_minimal_service/prefix_override:/home/matin/ros2_ws/install/examples_rclpy_minimal_service/lib/python3.10/site-packages:${PYTHONPATH} /usr/bin/python3 setup.py develop --editable --build-directory /home/matin/ros2_ws/build/examples_rclpy_minimal_service/build --no-deps install_data
