[0.182s] Invoking command in '/home/matin/ros2_ws/build/examples_rclcpp_minimal_service': CMAKE_PREFIX_PATH=/opt/ros/humble CONDA_PROMPT_MODIFIER=(SpaceConcordia) /usr/bin/cmake /home/matin/ros2_ws/src/examples/rclcpp/services/minimal_service -DAMENT_CMAKE_SYMLINK_INSTALL=1 -DCMAKE_INSTALL_PREFIX=/home/matin/ros2_ws/install/examples_rclcpp_minimal_service
[6.976s] -- The C compiler identification is GNU 11.4.0
[6.976s] -- The CXX compiler identification is GNU 11.4.0
[6.977s] -- Detecting C compiler ABI info
[6.977s] -- Detecting C compiler ABI info - done
[6.978s] -- Check for working C compiler: /usr/bin/cc - skipped
[6.978s] -- Detecting C compile features
[6.978s] -- Detecting C compile features - done
[6.979s] -- Detecting CXX compiler ABI info
[6.979s] -- Detecting CXX compiler ABI info - done
[6.980s] -- Check for working CXX compiler: /usr/bin/c++ - skipped
[6.980s] -- Detecting CXX compile features
[6.980s] -- Detecting CXX compile features - done
[6.981s] -- Found ament_cmake: 1.3.7 (/opt/ros/humble/share/ament_cmake/cmake)
[6.981s] -- Found Python3: /usr/bin/python3.10 (found version "3.10.12") found components: Interpreter 
[6.981s] -- Override CMake install command with custom implementation using symlinks instead of copying resources
[6.983s] -- Found example_interfaces: 0.9.3 (/opt/ros/humble/share/example_interfaces/cmake)
[6.983s] -- Found rosidl_generator_c: 3.1.5 (/opt/ros/humble/share/rosidl_generator_c/cmake)
[6.983s] -- Found rosidl_adapter: 3.1.5 (/opt/ros/humble/share/rosidl_adapter/cmake)
[6.984s] -- Found rosidl_generator_cpp: 3.1.5 (/opt/ros/humble/share/rosidl_generator_cpp/cmake)
[6.986s] -- Using all available rosidl_typesupport_c: rosidl_typesupport_fastrtps_c;rosidl_typesupport_introspection_c
[6.986s] -- Using all available rosidl_typesupport_cpp: rosidl_typesupport_fastrtps_cpp;rosidl_typesupport_introspection_cpp
[6.987s] -- Found rclcpp: 16.0.8 (/opt/ros/humble/share/rclcpp/cmake)
[6.987s] -- Found rmw_implementation_cmake: 6.1.1 (/opt/ros/humble/share/rmw_implementation_cmake/cmake)
[6.987s] -- Found rmw_fastrtps_cpp: 6.2.6 (/opt/ros/humble/share/rmw_fastrtps_cpp/cmake)
[6.987s] -- Found OpenSSL: /usr/lib/x86_64-linux-gnu/libcrypto.so (found version "3.0.2")  
[7.339s] -- Found FastRTPS: /opt/ros/humble/include  
[9.266s] -- Using RMW implementation 'rmw_fastrtps_cpp' as default
[9.347s] -- Looking for pthread.h
[10.102s] -- Looking for pthread.h - found
[10.102s] -- Performing Test CMAKE_HAVE_LIBC_PTHREAD
[11.338s] -- Performing Test CMAKE_HAVE_LIBC_PTHREAD - Success
[11.339s] -- Found Threads: TRUE  
[13.576s] -- Found ament_lint_auto: 0.12.10 (/opt/ros/humble/share/ament_lint_auto/cmake)
[14.480s] -- Added test 'copyright' to check source files copyright and LICENSE
[14.484s] -- Added test 'cppcheck' to perform static code analysis on C / C++ code
[14.485s] -- Configured cppcheck include dirs: 
[14.485s] -- Configured cppcheck exclude dirs and/or files: 
[14.504s] -- Added test 'cpplint' to check C / C++ code against the Google style
[14.505s] -- Configured cpplint exclude dirs and/or files: 
[14.507s] -- Added test 'lint_cmake' to check CMake code style
[14.531s] -- Added test 'uncrustify' to check C / C++ code style
[14.532s] -- Configured uncrustify additional arguments: 
[14.534s] -- Added test 'xmllint' to check XML markup files
[14.539s] -- Configuring done
[14.635s] -- Generating done
[14.654s] -- Build files have been written to: /home/matin/ros2_ws/build/examples_rclcpp_minimal_service
[14.737s] Invoked command in '/home/matin/ros2_ws/build/examples_rclcpp_minimal_service' returned '0': CMAKE_PREFIX_PATH=/opt/ros/humble CONDA_PROMPT_MODIFIER=(SpaceConcordia) /usr/bin/cmake /home/matin/ros2_ws/src/examples/rclcpp/services/minimal_service -DAMENT_CMAKE_SYMLINK_INSTALL=1 -DCMAKE_INSTALL_PREFIX=/home/matin/ros2_ws/install/examples_rclcpp_minimal_service
[14.739s] Invoking command in '/home/matin/ros2_ws/build/examples_rclcpp_minimal_service': CMAKE_PREFIX_PATH=/opt/ros/humble CONDA_PROMPT_MODIFIER=(SpaceConcordia) /usr/bin/cmake --build /home/matin/ros2_ws/build/examples_rclcpp_minimal_service -- -j8 -l8
[50.854s] [ 50%] [32mBuilding CXX object CMakeFiles/service_main.dir/main.cpp.o[0m
[50.862s] [100%] [32m[1mLinking CXX executable service_main[0m
[50.862s] [100%] Built target service_main
[51.165s] Invoked command in '/home/matin/ros2_ws/build/examples_rclcpp_minimal_service' returned '0': CMAKE_PREFIX_PATH=/opt/ros/humble CONDA_PROMPT_MODIFIER=(SpaceConcordia) /usr/bin/cmake --build /home/matin/ros2_ws/build/examples_rclcpp_minimal_service -- -j8 -l8
[51.650s] Invoking command in '/home/matin/ros2_ws/build/examples_rclcpp_minimal_service': CMAKE_PREFIX_PATH=/opt/ros/humble CONDA_PROMPT_MODIFIER=(SpaceConcordia) /usr/bin/cmake --install /home/matin/ros2_ws/build/examples_rclcpp_minimal_service
[53.514s] -- Install configuration: ""
[53.514s] -- Execute custom install script
[53.514s] -- Symlinking: /home/matin/ros2_ws/install/examples_rclcpp_minimal_service/lib/examples_rclcpp_minimal_service/service_main
[53.515s] -- Symlinking: /home/matin/ros2_ws/install/examples_rclcpp_minimal_service/share/ament_index/resource_index/package_run_dependencies/examples_rclcpp_minimal_service
[53.515s] -- Symlinking: /home/matin/ros2_ws/install/examples_rclcpp_minimal_service/share/ament_index/resource_index/parent_prefix_path/examples_rclcpp_minimal_service
[53.515s] -- Symlinking: /home/matin/ros2_ws/install/examples_rclcpp_minimal_service/share/examples_rclcpp_minimal_service/environment/ament_prefix_path.sh
[53.515s] -- Symlinking: /home/matin/ros2_ws/install/examples_rclcpp_minimal_service/share/examples_rclcpp_minimal_service/environment/ament_prefix_path.dsv
[53.515s] -- Symlinking: /home/matin/ros2_ws/install/examples_rclcpp_minimal_service/share/examples_rclcpp_minimal_service/environment/path.sh
[53.516s] -- Symlinking: /home/matin/ros2_ws/install/examples_rclcpp_minimal_service/share/examples_rclcpp_minimal_service/environment/path.dsv
[53.516s] -- Symlinking: /home/matin/ros2_ws/install/examples_rclcpp_minimal_service/share/examples_rclcpp_minimal_service/local_setup.bash
[53.516s] -- Symlinking: /home/matin/ros2_ws/install/examples_rclcpp_minimal_service/share/examples_rclcpp_minimal_service/local_setup.sh
[53.516s] -- Symlinking: /home/matin/ros2_ws/install/examples_rclcpp_minimal_service/share/examples_rclcpp_minimal_service/local_setup.zsh
[53.516s] -- Symlinking: /home/matin/ros2_ws/install/examples_rclcpp_minimal_service/share/examples_rclcpp_minimal_service/local_setup.dsv
[53.516s] -- Symlinking: /home/matin/ros2_ws/install/examples_rclcpp_minimal_service/share/examples_rclcpp_minimal_service/package.dsv
[53.517s] -- Symlinking: /home/matin/ros2_ws/install/examples_rclcpp_minimal_service/share/ament_index/resource_index/packages/examples_rclcpp_minimal_service
[53.517s] -- Symlinking: /home/matin/ros2_ws/install/examples_rclcpp_minimal_service/share/examples_rclcpp_minimal_service/cmake/examples_rclcpp_minimal_serviceConfig.cmake
[53.517s] -- Symlinking: /home/matin/ros2_ws/install/examples_rclcpp_minimal_service/share/examples_rclcpp_minimal_service/cmake/examples_rclcpp_minimal_serviceConfig-version.cmake
[53.517s] -- Symlinking: /home/matin/ros2_ws/install/examples_rclcpp_minimal_service/share/examples_rclcpp_minimal_service/package.xml
[53.529s] Invoked command in '/home/matin/ros2_ws/build/examples_rclcpp_minimal_service' returned '0': CMAKE_PREFIX_PATH=/opt/ros/humble CONDA_PROMPT_MODIFIER=(SpaceConcordia) /usr/bin/cmake --install /home/matin/ros2_ws/build/examples_rclcpp_minimal_service
