[0.226s] Invoking command in '/home/matin/ros2_ws/build/examples_rclcpp_minimal_publisher': CMAKE_PREFIX_PATH=/opt/ros/humble CONDA_PROMPT_MODIFIER=(SpaceConcordia) /usr/bin/cmake /home/matin/ros2_ws/src/examples/rclcpp/topics/minimal_publisher -DAMENT_CMAKE_SYMLINK_INSTALL=1 -DCMAKE_INSTALL_PREFIX=/home/matin/ros2_ws/install/examples_rclcpp_minimal_publisher
[6.968s] -- The C compiler identification is GNU 11.4.0
[6.968s] -- The CXX compiler identification is GNU 11.4.0
[6.968s] -- Detecting C compiler ABI info
[6.968s] -- Detecting C compiler ABI info - done
[6.969s] -- Check for working C compiler: /usr/bin/cc - skipped
[6.969s] -- Detecting C compile features
[6.969s] -- Detecting C compile features - done
[6.969s] -- Detecting CXX compiler ABI info
[6.969s] -- Detecting CXX compiler ABI info - done
[6.970s] -- Check for working CXX compiler: /usr/bin/c++ - skipped
[6.970s] -- Detecting CXX compile features
[6.970s] -- Detecting CXX compile features - done
[6.970s] -- Found ament_cmake: 1.3.7 (/opt/ros/humble/share/ament_cmake/cmake)
[6.970s] -- Found Python3: /usr/bin/python3.10 (found version "3.10.12") found components: Interpreter 
[6.971s] -- Override CMake install command with custom implementation using symlinks instead of copying resources
[6.971s] -- Found rclcpp: 16.0.8 (/opt/ros/humble/share/rclcpp/cmake)
[6.971s] -- Found rosidl_generator_c: 3.1.5 (/opt/ros/humble/share/rosidl_generator_c/cmake)
[6.971s] -- Found rosidl_adapter: 3.1.5 (/opt/ros/humble/share/rosidl_adapter/cmake)
[6.971s] -- Found rosidl_generator_cpp: 3.1.5 (/opt/ros/humble/share/rosidl_generator_cpp/cmake)
[6.971s] -- Using all available rosidl_typesupport_c: rosidl_typesupport_fastrtps_c;rosidl_typesupport_introspection_c
[6.972s] -- Using all available rosidl_typesupport_cpp: rosidl_typesupport_fastrtps_cpp;rosidl_typesupport_introspection_cpp
[6.972s] -- Found rmw_implementation_cmake: 6.1.1 (/opt/ros/humble/share/rmw_implementation_cmake/cmake)
[6.972s] -- Found rmw_fastrtps_cpp: 6.2.6 (/opt/ros/humble/share/rmw_fastrtps_cpp/cmake)
[6.972s] -- Found OpenSSL: /usr/lib/x86_64-linux-gnu/libcrypto.so (found version "3.0.2")  
[6.972s] -- Found FastRTPS: /opt/ros/humble/include  
[6.973s] -- Using RMW implementation 'rmw_fastrtps_cpp' as default
[6.973s] -- Looking for pthread.h
[6.973s] -- Looking for pthread.h - found
[6.973s] -- Performing Test CMAKE_HAVE_LIBC_PTHREAD
[6.974s] -- Performing Test CMAKE_HAVE_LIBC_PTHREAD - Success
[6.974s] -- Found Threads: TRUE  
[7.289s] -- Found ament_lint_auto: 0.12.10 (/opt/ros/humble/share/ament_lint_auto/cmake)
[7.485s] -- Added test 'copyright' to check source files copyright and LICENSE
[7.500s] -- Added test 'cppcheck' to perform static code analysis on C / C++ code
[7.502s] -- Configured cppcheck include dirs: 
[7.502s] -- Configured cppcheck exclude dirs and/or files: 
[7.504s] -- Added test 'cpplint' to check C / C++ code against the Google style
[7.504s] -- Configured cpplint exclude dirs and/or files: 
[7.507s] -- Added test 'lint_cmake' to check CMake code style
[7.520s] -- Added test 'uncrustify' to check C / C++ code style
[7.521s] -- Configured uncrustify additional arguments: 
[7.522s] -- Added test 'xmllint' to check XML markup files
[7.524s] -- Configuring done
[7.581s] -- Generating done
[7.586s] -- Build files have been written to: /home/matin/ros2_ws/build/examples_rclcpp_minimal_publisher
[7.624s] Invoked command in '/home/matin/ros2_ws/build/examples_rclcpp_minimal_publisher' returned '0': CMAKE_PREFIX_PATH=/opt/ros/humble CONDA_PROMPT_MODIFIER=(SpaceConcordia) /usr/bin/cmake /home/matin/ros2_ws/src/examples/rclcpp/topics/minimal_publisher -DAMENT_CMAKE_SYMLINK_INSTALL=1 -DCMAKE_INSTALL_PREFIX=/home/matin/ros2_ws/install/examples_rclcpp_minimal_publisher
[7.625s] Invoking command in '/home/matin/ros2_ws/build/examples_rclcpp_minimal_publisher': CMAKE_PREFIX_PATH=/opt/ros/humble CONDA_PROMPT_MODIFIER=(SpaceConcordia) /usr/bin/cmake --build /home/matin/ros2_ws/build/examples_rclcpp_minimal_publisher -- -j8 -l8
[7.880s] [ 16%] [32mBuilding CXX object CMakeFiles/publisher_member_function_with_type_adapter.dir/member_function_with_type_adapter.cpp.o[0m
[7.898s] [ 16%] [32mBuilding CXX object CMakeFiles/publisher_lambda.dir/lambda.cpp.o[0m
[7.898s] [ 25%] [32mBuilding CXX object CMakeFiles/publisher_member_function.dir/member_function.cpp.o[0m
[7.930s] [ 33%] [32mBuilding CXX object CMakeFiles/publisher_member_function_with_unique_network_flow_endpoints.dir/member_function_with_unique_network_flow_endpoints.cpp.o[0m
[7.931s] [ 41%] [32mBuilding CXX object CMakeFiles/publisher_wait_for_all_acked.dir/member_function_with_wait_for_all_acked.cpp.o[0m
[7.979s] [ 50%] [32mBuilding CXX object CMakeFiles/publisher_not_composable.dir/not_composable.cpp.o[0m
[52.800s] [ 58%] [32m[1mLinking CXX executable publisher_member_function[0m
[53.480s] [ 58%] Built target publisher_member_function
[53.548s] [ 66%] [32m[1mLinking CXX executable publisher_lambda[0m
[54.256s] [ 66%] Built target publisher_lambda
[57.083s] [ 75%] [32m[1mLinking CXX executable publisher_wait_for_all_acked[0m
[58.108s] [ 75%] Built target publisher_wait_for_all_acked
[61.630s] [ 83%] [32m[1mLinking CXX executable publisher_not_composable[0m
[62.558s] [ 83%] Built target publisher_not_composable
[62.704s] [ 91%] [32m[1mLinking CXX executable publisher_member_function_with_type_adapter[0m
[63.504s] [ 91%] Built target publisher_member_function_with_type_adapter
[66.471s] [100%] [32m[1mLinking CXX executable publisher_member_function_with_unique_network_flow_endpoints[0m
[67.133s] [100%] Built target publisher_member_function_with_unique_network_flow_endpoints
[67.318s] Invoked command in '/home/matin/ros2_ws/build/examples_rclcpp_minimal_publisher' returned '0': CMAKE_PREFIX_PATH=/opt/ros/humble CONDA_PROMPT_MODIFIER=(SpaceConcordia) /usr/bin/cmake --build /home/matin/ros2_ws/build/examples_rclcpp_minimal_publisher -- -j8 -l8
[67.712s] Invoking command in '/home/matin/ros2_ws/build/examples_rclcpp_minimal_publisher': CMAKE_PREFIX_PATH=/opt/ros/humble CONDA_PROMPT_MODIFIER=(SpaceConcordia) /usr/bin/cmake --install /home/matin/ros2_ws/build/examples_rclcpp_minimal_publisher
[68.177s] -- Install configuration: ""
[68.178s] -- Execute custom install script
[68.178s] -- Symlinking: /home/matin/ros2_ws/install/examples_rclcpp_minimal_publisher/lib/examples_rclcpp_minimal_publisher/publisher_lambda
[68.178s] -- Symlinking: /home/matin/ros2_ws/install/examples_rclcpp_minimal_publisher/lib/examples_rclcpp_minimal_publisher/publisher_member_function
[68.178s] -- Symlinking: /home/matin/ros2_ws/install/examples_rclcpp_minimal_publisher/lib/examples_rclcpp_minimal_publisher/publisher_member_function_with_type_adapter
[68.179s] -- Symlinking: /home/matin/ros2_ws/install/examples_rclcpp_minimal_publisher/lib/examples_rclcpp_minimal_publisher/publisher_member_function_with_unique_network_flow_endpoints
[68.179s] -- Symlinking: /home/matin/ros2_ws/install/examples_rclcpp_minimal_publisher/lib/examples_rclcpp_minimal_publisher/publisher_wait_for_all_acked
[68.179s] -- Symlinking: /home/matin/ros2_ws/install/examples_rclcpp_minimal_publisher/lib/examples_rclcpp_minimal_publisher/publisher_not_composable
[68.179s] -- Symlinking: /home/matin/ros2_ws/install/examples_rclcpp_minimal_publisher/share/ament_index/resource_index/package_run_dependencies/examples_rclcpp_minimal_publisher
[68.179s] -- Symlinking: /home/matin/ros2_ws/install/examples_rclcpp_minimal_publisher/share/ament_index/resource_index/parent_prefix_path/examples_rclcpp_minimal_publisher
[68.180s] -- Symlinking: /home/matin/ros2_ws/install/examples_rclcpp_minimal_publisher/share/examples_rclcpp_minimal_publisher/environment/ament_prefix_path.sh
[68.180s] -- Symlinking: /home/matin/ros2_ws/install/examples_rclcpp_minimal_publisher/share/examples_rclcpp_minimal_publisher/environment/ament_prefix_path.dsv
[68.180s] -- Symlinking: /home/matin/ros2_ws/install/examples_rclcpp_minimal_publisher/share/examples_rclcpp_minimal_publisher/environment/path.sh
[68.180s] -- Symlinking: /home/matin/ros2_ws/install/examples_rclcpp_minimal_publisher/share/examples_rclcpp_minimal_publisher/environment/path.dsv
[68.180s] -- Symlinking: /home/matin/ros2_ws/install/examples_rclcpp_minimal_publisher/share/examples_rclcpp_minimal_publisher/local_setup.bash
[68.181s] -- Symlinking: /home/matin/ros2_ws/install/examples_rclcpp_minimal_publisher/share/examples_rclcpp_minimal_publisher/local_setup.sh
[68.181s] -- Symlinking: /home/matin/ros2_ws/install/examples_rclcpp_minimal_publisher/share/examples_rclcpp_minimal_publisher/local_setup.zsh
[68.181s] -- Symlinking: /home/matin/ros2_ws/install/examples_rclcpp_minimal_publisher/share/examples_rclcpp_minimal_publisher/local_setup.dsv
[68.183s] -- Symlinking: /home/matin/ros2_ws/install/examples_rclcpp_minimal_publisher/share/examples_rclcpp_minimal_publisher/package.dsv
[68.205s] -- Symlinking: /home/matin/ros2_ws/install/examples_rclcpp_minimal_publisher/share/ament_index/resource_index/packages/examples_rclcpp_minimal_publisher
[68.241s] -- Symlinking: /home/matin/ros2_ws/install/examples_rclcpp_minimal_publisher/share/examples_rclcpp_minimal_publisher/cmake/examples_rclcpp_minimal_publisherConfig.cmake
[68.268s] -- Symlinking: /home/matin/ros2_ws/install/examples_rclcpp_minimal_publisher/share/examples_rclcpp_minimal_publisher/cmake/examples_rclcpp_minimal_publisherConfig-version.cmake
[68.286s] -- Symlinking: /home/matin/ros2_ws/install/examples_rclcpp_minimal_publisher/share/examples_rclcpp_minimal_publisher/package.xml
[68.368s] Invoked command in '/home/matin/ros2_ws/build/examples_rclcpp_minimal_publisher' returned '0': CMAKE_PREFIX_PATH=/opt/ros/humble CONDA_PROMPT_MODIFIER=(SpaceConcordia) /usr/bin/cmake --install /home/matin/ros2_ws/build/examples_rclcpp_minimal_publisher
