[0.083s] Invoking command in '/home/matin/ros2_ws/build/my_cpp_pkg': CMAKE_PREFIX_PATH=${CMAKE_PREFIX_PATH}:/home/matin/ros2_ws/install/my_py_pkg:/home/matin/ros2_ws/install/launch_testing_examples:/home/matin/ros2_ws/install/examples_rclpy_pointcloud_publisher:/home/matin/ros2_ws/install/examples_rclpy_minimal_subscriber:/home/matin/ros2_ws/install/examples_rclpy_minimal_service:/home/matin/ros2_ws/install/examples_rclpy_minimal_publisher:/home/matin/ros2_ws/install/examples_rclpy_minimal_client:/home/matin/ros2_ws/install/examples_rclpy_minimal_action_server:/home/matin/ros2_ws/install/examples_rclpy_minimal_action_client:/home/matin/ros2_ws/install/examples_rclpy_guard_conditions:/home/matin/ros2_ws/install/examples_rclpy_executors:/opt/ros/humble CONDA_PROMPT_MODIFIER=(SpaceConcordia) /usr/bin/cmake --build /home/matin/ros2_ws/build/my_cpp_pkg -- -j8 -l8
[0.198s] -- Found ament_cmake: 1.3.7 (/opt/ros/humble/share/ament_cmake/cmake)
[0.473s] -- Found rclcpp: 16.0.8 (/opt/ros/humble/share/rclcpp/cmake)
[0.645s] -- Found rosidl_generator_c: 3.1.5 (/opt/ros/humble/share/rosidl_generator_c/cmake)
[0.651s] -- Found rosidl_adapter: 3.1.5 (/opt/ros/humble/share/rosidl_adapter/cmake)
[0.667s] -- Found rosidl_generator_cpp: 3.1.5 (/opt/ros/humble/share/rosidl_generator_cpp/cmake)
[0.696s] -- Using all available rosidl_typesupport_c: rosidl_typesupport_fastrtps_c;rosidl_typesupport_introspection_c
[0.732s] -- Using all available rosidl_typesupport_cpp: rosidl_typesupport_fastrtps_cpp;rosidl_typesupport_introspection_cpp
[0.868s] -- Found rmw_implementation_cmake: 6.1.1 (/opt/ros/humble/share/rmw_implementation_cmake/cmake)
[0.875s] -- Found rmw_fastrtps_cpp: 6.2.6 (/opt/ros/humble/share/rmw_fastrtps_cpp/cmake)
[4.249s] -- Using RMW implementation 'rmw_fastrtps_cpp' as default
[4.503s] [31mCMake Error at /opt/ros/humble/share/ament_cmake_target_dependencies/cmake/ament_target_dependencies.cmake:77 (message):
[4.504s]   ament_target_dependencies() the passed package name 'example_interfaces'
[4.504s]   was not found before
[4.504s] Call Stack (most recent call first):
[4.504s]   CMakeLists.txt:14 (ament_target_dependencies)
[4.504s] 
[4.504s] [0m
[4.505s] -- Configuring incomplete, errors occurred!
[4.505s] See also "/home/matin/ros2_ws/build/my_cpp_pkg/CMakeFiles/CMakeOutput.log".
[4.511s] gmake: *** [Makefile:226: cmake_check_build_system] Error 1
[4.514s] Invoked command in '/home/matin/ros2_ws/build/my_cpp_pkg' returned '2': CMAKE_PREFIX_PATH=${CMAKE_PREFIX_PATH}:/home/matin/ros2_ws/install/my_py_pkg:/home/matin/ros2_ws/install/launch_testing_examples:/home/matin/ros2_ws/install/examples_rclpy_pointcloud_publisher:/home/matin/ros2_ws/install/examples_rclpy_minimal_subscriber:/home/matin/ros2_ws/install/examples_rclpy_minimal_service:/home/matin/ros2_ws/install/examples_rclpy_minimal_publisher:/home/matin/ros2_ws/install/examples_rclpy_minimal_client:/home/matin/ros2_ws/install/examples_rclpy_minimal_action_server:/home/matin/ros2_ws/install/examples_rclpy_minimal_action_client:/home/matin/ros2_ws/install/examples_rclpy_guard_conditions:/home/matin/ros2_ws/install/examples_rclpy_executors:/opt/ros/humble CONDA_PROMPT_MODIFIER=(SpaceConcordia) /usr/bin/cmake --build /home/matin/ros2_ws/build/my_cpp_pkg -- -j8 -l8
