[3.056s] Invoking command in '/home/matin/ros2_ws/build/examples_rclpy_minimal_action_client': CONDA_PROMPT_MODIFIER=(SpaceConcordia) PYTHONPATH=/home/matin/ros2_ws/build/examples_rclpy_minimal_action_client/prefix_override:/home/matin/ros2_ws/install/examples_rclpy_minimal_action_client/lib/python3.10/site-packages:${PYTHONPATH} /usr/bin/python3 setup.py develop --editable --build-directory /home/matin/ros2_ws/build/examples_rclpy_minimal_action_client/build --no-deps install_data
[3.660s] running develop
[3.667s] /usr/lib/python3/dist-packages/setuptools/command/easy_install.py:158: EasyInstallDeprecationWarning: easy_install command is deprecated. Use build and pip and other standards-based tools.
[3.667s]   warnings.warn(
[3.667s] /usr/lib/python3/dist-packages/setuptools/command/install.py:34: SetuptoolsDeprecationWarning: setup.py install is deprecated. Use build and pip and other standards-based tools.
[3.667s]   warnings.warn(
[4.077s] running egg_info
[4.077s] creating examples_rclpy_minimal_action_client.egg-info
[4.079s] writing examples_rclpy_minimal_action_client.egg-info/PKG-INFO
[4.080s] writing dependency_links to examples_rclpy_minimal_action_client.egg-info/dependency_links.txt
[4.080s] writing entry points to examples_rclpy_minimal_action_client.egg-info/entry_points.txt
[4.082s] writing requirements to examples_rclpy_minimal_action_client.egg-info/requires.txt
[4.082s] writing top-level names to examples_rclpy_minimal_action_client.egg-info/top_level.txt
[4.083s] writing manifest file 'examples_rclpy_minimal_action_client.egg-info/SOURCES.txt'
[4.089s] reading manifest file 'examples_rclpy_minimal_action_client.egg-info/SOURCES.txt'
[4.091s] writing manifest file 'examples_rclpy_minimal_action_client.egg-info/SOURCES.txt'
[4.095s] running build_ext
[4.096s] Creating /home/matin/ros2_ws/install/examples_rclpy_minimal_action_client/lib/python3.10/site-packages/examples-rclpy-minimal-action-client.egg-link (link to .)
[4.099s] Installing client script to /home/matin/ros2_ws/install/examples_rclpy_minimal_action_client/lib/examples_rclpy_minimal_action_client
[4.101s] Installing client_asyncio script to /home/matin/ros2_ws/install/examples_rclpy_minimal_action_client/lib/examples_rclpy_minimal_action_client
[4.101s] Installing client_cancel script to /home/matin/ros2_ws/install/examples_rclpy_minimal_action_client/lib/examples_rclpy_minimal_action_client
[4.102s] Installing client_not_composable script to /home/matin/ros2_ws/install/examples_rclpy_minimal_action_client/lib/examples_rclpy_minimal_action_client
[4.103s] 
[4.103s] Installed /home/matin/ros2_ws/build/examples_rclpy_minimal_action_client
[4.103s] running install_data
[4.104s] creating /home/matin/ros2_ws/install/examples_rclpy_minimal_action_client/share/ament_index
[4.104s] creating /home/matin/ros2_ws/install/examples_rclpy_minimal_action_client/share/ament_index/resource_index
[4.105s] creating /home/matin/ros2_ws/install/examples_rclpy_minimal_action_client/share/ament_index/resource_index/packages
[4.106s] copying resource/examples_rclpy_minimal_action_client -> /home/matin/ros2_ws/install/examples_rclpy_minimal_action_client/share/ament_index/resource_index/packages
[4.107s] copying package.xml -> /home/matin/ros2_ws/install/examples_rclpy_minimal_action_client/share/examples_rclpy_minimal_action_client
[4.203s] Invoked command in '/home/matin/ros2_ws/build/examples_rclpy_minimal_action_client' returned '0': CONDA_PROMPT_MODIFIER=(SpaceConcordia) PYTHONPATH=/home/matin/ros2_ws/build/examples_rclpy_minimal_action_client/prefix_override:/home/matin/ros2_ws/install/examples_rclpy_minimal_action_client/lib/python3.10/site-packages:${PYTHONPATH} /usr/bin/python3 setup.py develop --editable --build-directory /home/matin/ros2_ws/build/examples_rclpy_minimal_action_client/build --no-deps install_data
