[0.335s] Invoking command in '/home/matin/ros2_ws/build/examples_rclcpp_minimal_action_client': CMAKE_PREFIX_PATH=/opt/ros/humble CONDA_PROMPT_MODIFIER=(SpaceConcordia) /usr/bin/cmake /home/matin/ros2_ws/src/examples/rclcpp/actions/minimal_action_client -DAMENT_CMAKE_SYMLINK_INSTALL=1 -DCMAKE_INSTALL_PREFIX=/home/matin/ros2_ws/install/examples_rclcpp_minimal_action_client
[0.500s] -- The C compiler identification is GNU 11.4.0
[0.845s] -- The CXX compiler identification is GNU 11.4.0
[1.020s] -- Detecting C compiler ABI info
[1.212s] -- Detecting C compiler ABI info - done
[1.235s] -- Check for working C compiler: /usr/bin/cc - skipped
[1.235s] -- Detecting C compile features
[1.237s] -- Detecting C compile features - done
[1.244s] -- Detecting CXX compiler ABI info
[1.451s] -- Detecting CXX compiler ABI info - done
[1.470s] -- Check for working CXX compiler: /usr/bin/c++ - skipped
[1.471s] -- Detecting CXX compile features
[1.472s] -- Detecting CXX compile features - done
[1.476s] -- Found ament_cmake: 1.3.7 (/opt/ros/humble/share/ament_cmake/cmake)
[1.851s] -- Found Python3: /usr/bin/python3.10 (found version "3.10.12") found components: Interpreter 
[1.991s] -- Override CMake install command with custom implementation using symlinks instead of copying resources
[2.030s] -- Found example_interfaces: 0.9.3 (/opt/ros/humble/share/example_interfaces/cmake)
[2.256s] -- Found rosidl_generator_c: 3.1.5 (/opt/ros/humble/share/rosidl_generator_c/cmake)
[2.278s] -- Found rosidl_adapter: 3.1.5 (/opt/ros/humble/share/rosidl_adapter/cmake)
[2.301s] -- Found rosidl_generator_cpp: 3.1.5 (/opt/ros/humble/share/rosidl_generator_cpp/cmake)
[2.333s] -- Using all available rosidl_typesupport_c: rosidl_typesupport_fastrtps_c;rosidl_typesupport_introspection_c
[2.382s] -- Using all available rosidl_typesupport_cpp: rosidl_typesupport_fastrtps_cpp;rosidl_typesupport_introspection_cpp
[2.819s] -- Found rclcpp: 16.0.8 (/opt/ros/humble/share/rclcpp/cmake)
[2.989s] -- Found rmw_implementation_cmake: 6.1.1 (/opt/ros/humble/share/rmw_implementation_cmake/cmake)
[2.997s] -- Found rmw_fastrtps_cpp: 6.2.6 (/opt/ros/humble/share/rmw_fastrtps_cpp/cmake)
[4.488s] -- Found OpenSSL: /usr/lib/x86_64-linux-gnu/libcrypto.so (found version "3.0.2")  
[5.265s] -- Found FastRTPS: /opt/ros/humble/include  
[7.004s] -- Using RMW implementation 'rmw_fastrtps_cpp' as default
[7.023s] -- Looking for pthread.h
[7.221s] -- Looking for pthread.h - found
[7.222s] -- Performing Test CMAKE_HAVE_LIBC_PTHREAD
[7.423s] -- Performing Test CMAKE_HAVE_LIBC_PTHREAD - Success
[7.426s] -- Found Threads: TRUE  
[7.926s] -- Found rclcpp_action: 16.0.8 (/opt/ros/humble/share/rclcpp_action/cmake)
[8.020s] -- Found ament_lint_auto: 0.12.10 (/opt/ros/humble/share/ament_lint_auto/cmake)
[8.358s] -- Added test 'copyright' to check source files copyright and LICENSE
[8.362s] -- Added test 'cppcheck' to perform static code analysis on C / C++ code
[8.381s] -- Configured cppcheck include dirs: 
[8.381s] -- Configured cppcheck exclude dirs and/or files: 
[8.383s] -- Added test 'cpplint' to check C / C++ code against the Google style
[8.383s] -- Configured cpplint exclude dirs and/or files: 
[8.385s] -- Added test 'lint_cmake' to check CMake code style
[8.388s] -- Added test 'uncrustify' to check C / C++ code style
[8.388s] -- Configured uncrustify additional arguments: 
[8.390s] -- Added test 'xmllint' to check XML markup files
[8.413s] -- Configuring done
[8.540s] -- Generating done
[8.566s] -- Build files have been written to: /home/matin/ros2_ws/build/examples_rclcpp_minimal_action_client
[8.651s] Invoked command in '/home/matin/ros2_ws/build/examples_rclcpp_minimal_action_client' returned '0': CMAKE_PREFIX_PATH=/opt/ros/humble CONDA_PROMPT_MODIFIER=(SpaceConcordia) /usr/bin/cmake /home/matin/ros2_ws/src/examples/rclcpp/actions/minimal_action_client -DAMENT_CMAKE_SYMLINK_INSTALL=1 -DCMAKE_INSTALL_PREFIX=/home/matin/ros2_ws/install/examples_rclcpp_minimal_action_client
[8.651s] Invoking command in '/home/matin/ros2_ws/build/examples_rclcpp_minimal_action_client': CMAKE_PREFIX_PATH=/opt/ros/humble CONDA_PROMPT_MODIFIER=(SpaceConcordia) /usr/bin/cmake --build /home/matin/ros2_ws/build/examples_rclcpp_minimal_action_client -- -j8 -l8
[51.074s] [ 12%] [32mBuilding CXX object CMakeFiles/action_client_not_composable_with_feedback.dir/not_composable_with_feedback.cpp.o[0m
[51.090s] [ 25%] [32mBuilding CXX object CMakeFiles/action_client_member_functions.dir/member_functions.cpp.o[0m
[51.091s] [ 37%] [32mBuilding CXX object CMakeFiles/action_client_not_composable_with_cancel.dir/not_composable_with_cancel.cpp.o[0m
[51.092s] [ 50%] [32mBuilding CXX object CMakeFiles/action_client_not_composable.dir/not_composable.cpp.o[0m
[51.105s] [ 75%] [32m[1mLinking CXX executable action_client_not_composable_with_cancel[0m
[51.106s] [ 75%] [32m[1mLinking CXX executable action_client_not_composable[0m
[51.106s] [ 87%] [32m[1mLinking CXX executable action_client_not_composable_with_feedback[0m
[51.106s] [ 87%] Built target action_client_not_composable
[51.106s] [ 87%] Built target action_client_not_composable_with_cancel
[51.106s] [ 87%] Built target action_client_not_composable_with_feedback
[51.107s] [100%] [32m[1mLinking CXX executable action_client_member_functions[0m
[51.107s] [100%] Built target action_client_member_functions
[51.359s] Invoked command in '/home/matin/ros2_ws/build/examples_rclcpp_minimal_action_client' returned '0': CMAKE_PREFIX_PATH=/opt/ros/humble CONDA_PROMPT_MODIFIER=(SpaceConcordia) /usr/bin/cmake --build /home/matin/ros2_ws/build/examples_rclcpp_minimal_action_client -- -j8 -l8
[51.902s] Invoking command in '/home/matin/ros2_ws/build/examples_rclcpp_minimal_action_client': CMAKE_PREFIX_PATH=/opt/ros/humble CONDA_PROMPT_MODIFIER=(SpaceConcordia) /usr/bin/cmake --install /home/matin/ros2_ws/build/examples_rclcpp_minimal_action_client
[52.456s] -- Install configuration: ""
[52.457s] -- Execute custom install script
[52.457s] -- Symlinking: /home/matin/ros2_ws/install/examples_rclcpp_minimal_action_client/lib/examples_rclcpp_minimal_action_client/action_client_member_functions
[52.457s] -- Symlinking: /home/matin/ros2_ws/install/examples_rclcpp_minimal_action_client/lib/examples_rclcpp_minimal_action_client/action_client_not_composable
[52.457s] -- Symlinking: /home/matin/ros2_ws/install/examples_rclcpp_minimal_action_client/lib/examples_rclcpp_minimal_action_client/action_client_not_composable_with_cancel
[52.458s] -- Symlinking: /home/matin/ros2_ws/install/examples_rclcpp_minimal_action_client/lib/examples_rclcpp_minimal_action_client/action_client_not_composable_with_feedback
[52.460s] -- Symlinking: /home/matin/ros2_ws/install/examples_rclcpp_minimal_action_client/share/ament_index/resource_index/package_run_dependencies/examples_rclcpp_minimal_action_client
[52.460s] -- Symlinking: /home/matin/ros2_ws/install/examples_rclcpp_minimal_action_client/share/ament_index/resource_index/parent_prefix_path/examples_rclcpp_minimal_action_client
[52.461s] -- Symlinking: /home/matin/ros2_ws/install/examples_rclcpp_minimal_action_client/share/examples_rclcpp_minimal_action_client/environment/ament_prefix_path.sh
[52.461s] -- Symlinking: /home/matin/ros2_ws/install/examples_rclcpp_minimal_action_client/share/examples_rclcpp_minimal_action_client/environment/ament_prefix_path.dsv
[52.462s] -- Symlinking: /home/matin/ros2_ws/install/examples_rclcpp_minimal_action_client/share/examples_rclcpp_minimal_action_client/environment/path.sh
[52.462s] -- Symlinking: /home/matin/ros2_ws/install/examples_rclcpp_minimal_action_client/share/examples_rclcpp_minimal_action_client/environment/path.dsv
[52.462s] -- Symlinking: /home/matin/ros2_ws/install/examples_rclcpp_minimal_action_client/share/examples_rclcpp_minimal_action_client/local_setup.bash
[52.462s] -- Symlinking: /home/matin/ros2_ws/install/examples_rclcpp_minimal_action_client/share/examples_rclcpp_minimal_action_client/local_setup.sh
[52.462s] -- Symlinking: /home/matin/ros2_ws/install/examples_rclcpp_minimal_action_client/share/examples_rclcpp_minimal_action_client/local_setup.zsh
[52.463s] -- Symlinking: /home/matin/ros2_ws/install/examples_rclcpp_minimal_action_client/share/examples_rclcpp_minimal_action_client/local_setup.dsv
[52.463s] -- Symlinking: /home/matin/ros2_ws/install/examples_rclcpp_minimal_action_client/share/examples_rclcpp_minimal_action_client/package.dsv
[52.463s] -- Symlinking: /home/matin/ros2_ws/install/examples_rclcpp_minimal_action_client/share/ament_index/resource_index/packages/examples_rclcpp_minimal_action_client
[52.470s] -- Symlinking: /home/matin/ros2_ws/install/examples_rclcpp_minimal_action_client/share/examples_rclcpp_minimal_action_client/cmake/examples_rclcpp_minimal_action_clientConfig.cmake
[52.523s] -- Symlinking: /home/matin/ros2_ws/install/examples_rclcpp_minimal_action_client/share/examples_rclcpp_minimal_action_client/cmake/examples_rclcpp_minimal_action_clientConfig-version.cmake
[52.543s] -- Symlinking: /home/matin/ros2_ws/install/examples_rclcpp_minimal_action_client/share/examples_rclcpp_minimal_action_client/package.xml
[54.042s] Invoked command in '/home/matin/ros2_ws/build/examples_rclcpp_minimal_action_client' returned '0': CMAKE_PREFIX_PATH=/opt/ros/humble CONDA_PROMPT_MODIFIER=(SpaceConcordia) /usr/bin/cmake --install /home/matin/ros2_ws/build/examples_rclcpp_minimal_action_client
