[3.526s] Invoking command in '/home/matin/ros2_ws/src/examples/rclpy/topics/minimal_publisher': CONDA_PROMPT_MODIFIER=(SpaceConcordia) PYTHONPATH=/home/matin/ros2_ws/build/examples_rclpy_minimal_publisher/prefix_override:/home/matin/ros2_ws/install/examples_rclpy_minimal_publisher/lib/python3.10/site-packages:${PYTHONPATH} /usr/bin/python3 setup.py egg_info --egg-base ../../../../../build/examples_rclpy_minimal_publisher build --build-base /home/matin/ros2_ws/build/examples_rclpy_minimal_publisher/build install --record /home/matin/ros2_ws/build/examples_rclpy_minimal_publisher/install.log --single-version-externally-managed
[3.989s] running egg_info
[3.990s] writing ../../../../../build/examples_rclpy_minimal_publisher/examples_rclpy_minimal_publisher.egg-info/PKG-INFO
[3.991s] writing dependency_links to ../../../../../build/examples_rclpy_minimal_publisher/examples_rclpy_minimal_publisher.egg-info/dependency_links.txt
[3.992s] writing entry points to ../../../../../build/examples_rclpy_minimal_publisher/examples_rclpy_minimal_publisher.egg-info/entry_points.txt
[3.992s] writing requirements to ../../../../../build/examples_rclpy_minimal_publisher/examples_rclpy_minimal_publisher.egg-info/requires.txt
[3.992s] writing top-level names to ../../../../../build/examples_rclpy_minimal_publisher/examples_rclpy_minimal_publisher.egg-info/top_level.txt
[3.996s] reading manifest file '../../../../../build/examples_rclpy_minimal_publisher/examples_rclpy_minimal_publisher.egg-info/SOURCES.txt'
[3.998s] writing manifest file '../../../../../build/examples_rclpy_minimal_publisher/examples_rclpy_minimal_publisher.egg-info/SOURCES.txt'
[3.998s] running build
[3.998s] running build_py
[3.999s] running install
[4.001s] running install_lib
[4.003s] running install_data
[4.004s] running install_egg_info
[4.007s] removing '/home/matin/ros2_ws/install/examples_rclpy_minimal_publisher/lib/python3.10/site-packages/examples_rclpy_minimal_publisher-0.15.1-py3.10.egg-info' (and everything under it)
[4.007s] Copying ../../../../../build/examples_rclpy_minimal_publisher/examples_rclpy_minimal_publisher.egg-info to /home/matin/ros2_ws/install/examples_rclpy_minimal_publisher/lib/python3.10/site-packages/examples_rclpy_minimal_publisher-0.15.1-py3.10.egg-info
[4.009s] running install_scripts
[4.047s] Installing publisher_local_function script to /home/matin/ros2_ws/install/examples_rclpy_minimal_publisher/lib/examples_rclpy_minimal_publisher
[4.047s] Installing publisher_member_function script to /home/matin/ros2_ws/install/examples_rclpy_minimal_publisher/lib/examples_rclpy_minimal_publisher
[4.048s] Installing publisher_old_school script to /home/matin/ros2_ws/install/examples_rclpy_minimal_publisher/lib/examples_rclpy_minimal_publisher
[4.048s] writing list of installed files to '/home/matin/ros2_ws/build/examples_rclpy_minimal_publisher/install.log'
[4.392s] Invoked command in '/home/matin/ros2_ws/src/examples/rclpy/topics/minimal_publisher' returned '0': CONDA_PROMPT_MODIFIER=(SpaceConcordia) PYTHONPATH=/home/matin/ros2_ws/build/examples_rclpy_minimal_publisher/prefix_override:/home/matin/ros2_ws/install/examples_rclpy_minimal_publisher/lib/python3.10/site-packages:${PYTHONPATH} /usr/bin/python3 setup.py egg_info --egg-base ../../../../../build/examples_rclpy_minimal_publisher build --build-base /home/matin/ros2_ws/build/examples_rclpy_minimal_publisher/build install --record /home/matin/ros2_ws/build/examples_rclpy_minimal_publisher/install.log --single-version-externally-managed
