[0.338s] Invoking command in '/home/matin/ros2_ws/build/examples_rclcpp_minimal_action_client': CMAKE_PREFIX_PATH=/opt/ros/humble CONDA_PROMPT_MODIFIER=(SpaceConcordia) /usr/bin/cmake /home/matin/ros2_ws/src/examples/rclcpp/actions/minimal_action_client -DCMAKE_INSTALL_PREFIX=/home/matin/ros2_ws/install/examples_rclcpp_minimal_action_client
[0.454s] -- Found ament_cmake: 1.3.7 (/opt/ros/humble/share/ament_cmake/cmake)
[0.639s] -- Override CMake install command with custom implementation using symlinks instead of copying resources
[0.669s] -- Found example_interfaces: 0.9.3 (/opt/ros/humble/share/example_interfaces/cmake)
[0.835s] -- Found rosidl_generator_c: 3.1.5 (/opt/ros/humble/share/rosidl_generator_c/cmake)
[0.841s] -- Found rosidl_adapter: 3.1.5 (/opt/ros/humble/share/rosidl_adapter/cmake)
[0.856s] -- Found rosidl_generator_cpp: 3.1.5 (/opt/ros/humble/share/rosidl_generator_cpp/cmake)
[0.887s] -- Using all available rosidl_typesupport_c: rosidl_typesupport_fastrtps_c;rosidl_typesupport_introspection_c
[0.927s] -- Using all available rosidl_typesupport_cpp: rosidl_typesupport_fastrtps_cpp;rosidl_typesupport_introspection_cpp
[1.308s] -- Found rclcpp: 16.0.8 (/opt/ros/humble/share/rclcpp/cmake)
[1.450s] -- Found rmw_implementation_cmake: 6.1.1 (/opt/ros/humble/share/rmw_implementation_cmake/cmake)
[1.456s] -- Found rmw_fastrtps_cpp: 6.2.6 (/opt/ros/humble/share/rmw_fastrtps_cpp/cmake)
[4.547s] -- Using RMW implementation 'rmw_fastrtps_cpp' as default
[5.321s] -- Found rclcpp_action: 16.0.8 (/opt/ros/humble/share/rclcpp_action/cmake)
[5.563s] -- Found ament_lint_auto: 0.12.10 (/opt/ros/humble/share/ament_lint_auto/cmake)
[5.748s] -- Added test 'copyright' to check source files copyright and LICENSE
[5.749s] -- Added test 'cppcheck' to perform static code analysis on C / C++ code
[5.750s] -- Configured cppcheck include dirs: 
[5.750s] -- Configured cppcheck exclude dirs and/or files: 
[5.751s] -- Added test 'cpplint' to check C / C++ code against the Google style
[5.751s] -- Configured cpplint exclude dirs and/or files: 
[5.752s] -- Added test 'lint_cmake' to check CMake code style
[5.754s] -- Added test 'uncrustify' to check C / C++ code style
[5.754s] -- Configured uncrustify additional arguments: 
[5.754s] -- Added test 'xmllint' to check XML markup files
[5.763s] -- Configuring done
[5.831s] -- Generating done
[5.839s] -- Build files have been written to: /home/matin/ros2_ws/build/examples_rclcpp_minimal_action_client
[5.977s] Invoked command in '/home/matin/ros2_ws/build/examples_rclcpp_minimal_action_client' returned '0': CMAKE_PREFIX_PATH=/opt/ros/humble CONDA_PROMPT_MODIFIER=(SpaceConcordia) /usr/bin/cmake /home/matin/ros2_ws/src/examples/rclcpp/actions/minimal_action_client -DCMAKE_INSTALL_PREFIX=/home/matin/ros2_ws/install/examples_rclcpp_minimal_action_client
[5.981s] Invoking command in '/home/matin/ros2_ws/build/examples_rclcpp_minimal_action_client': CMAKE_PREFIX_PATH=/opt/ros/humble CONDA_PROMPT_MODIFIER=(SpaceConcordia) /usr/bin/cmake --build /home/matin/ros2_ws/build/examples_rclcpp_minimal_action_client -- -j8 -l8
[6.051s] [35m[1mConsolidate compiler generated dependencies of target action_client_not_composable_with_feedback[0m
[6.051s] [35m[1mConsolidate compiler generated dependencies of target action_client_not_composable_with_cancel[0m
[6.058s] [35m[1mConsolidate compiler generated dependencies of target action_client_not_composable[0m
[6.061s] [35m[1mConsolidate compiler generated dependencies of target action_client_member_functions[0m
[6.085s] [ 25%] Built target action_client_not_composable_with_cancel
[6.086s] [ 75%] Built target action_client_not_composable
[6.086s] [ 75%] Built target action_client_not_composable_with_feedback
[6.090s] [100%] Built target action_client_member_functions
[6.273s] Invoked command in '/home/matin/ros2_ws/build/examples_rclcpp_minimal_action_client' returned '0': CMAKE_PREFIX_PATH=/opt/ros/humble CONDA_PROMPT_MODIFIER=(SpaceConcordia) /usr/bin/cmake --build /home/matin/ros2_ws/build/examples_rclcpp_minimal_action_client -- -j8 -l8
[6.811s] Invoking command in '/home/matin/ros2_ws/build/examples_rclcpp_minimal_action_client': CMAKE_PREFIX_PATH=/opt/ros/humble CONDA_PROMPT_MODIFIER=(SpaceConcordia) /usr/bin/cmake --install /home/matin/ros2_ws/build/examples_rclcpp_minimal_action_client
[7.002s] -- Install configuration: ""
[7.004s] -- Execute custom install script
[7.005s] -- Up-to-date symlink: /home/matin/ros2_ws/install/examples_rclcpp_minimal_action_client/lib/examples_rclcpp_minimal_action_client/action_client_member_functions
[7.005s] -- Up-to-date symlink: /home/matin/ros2_ws/install/examples_rclcpp_minimal_action_client/lib/examples_rclcpp_minimal_action_client/action_client_not_composable
[7.006s] -- Up-to-date symlink: /home/matin/ros2_ws/install/examples_rclcpp_minimal_action_client/lib/examples_rclcpp_minimal_action_client/action_client_not_composable_with_cancel
[7.006s] -- Up-to-date symlink: /home/matin/ros2_ws/install/examples_rclcpp_minimal_action_client/lib/examples_rclcpp_minimal_action_client/action_client_not_composable_with_feedback
[7.006s] -- Up-to-date symlink: /home/matin/ros2_ws/install/examples_rclcpp_minimal_action_client/share/ament_index/resource_index/package_run_dependencies/examples_rclcpp_minimal_action_client
[7.007s] -- Up-to-date symlink: /home/matin/ros2_ws/install/examples_rclcpp_minimal_action_client/share/ament_index/resource_index/parent_prefix_path/examples_rclcpp_minimal_action_client
[7.007s] -- Up-to-date symlink: /home/matin/ros2_ws/install/examples_rclcpp_minimal_action_client/share/examples_rclcpp_minimal_action_client/environment/ament_prefix_path.sh
[7.008s] -- Up-to-date symlink: /home/matin/ros2_ws/install/examples_rclcpp_minimal_action_client/share/examples_rclcpp_minimal_action_client/environment/ament_prefix_path.dsv
[7.008s] -- Up-to-date symlink: /home/matin/ros2_ws/install/examples_rclcpp_minimal_action_client/share/examples_rclcpp_minimal_action_client/environment/path.sh
[7.008s] -- Up-to-date symlink: /home/matin/ros2_ws/install/examples_rclcpp_minimal_action_client/share/examples_rclcpp_minimal_action_client/environment/path.dsv
[7.008s] -- Up-to-date symlink: /home/matin/ros2_ws/install/examples_rclcpp_minimal_action_client/share/examples_rclcpp_minimal_action_client/local_setup.bash
[7.009s] -- Up-to-date symlink: /home/matin/ros2_ws/install/examples_rclcpp_minimal_action_client/share/examples_rclcpp_minimal_action_client/local_setup.sh
[7.009s] -- Up-to-date symlink: /home/matin/ros2_ws/install/examples_rclcpp_minimal_action_client/share/examples_rclcpp_minimal_action_client/local_setup.zsh
[7.010s] -- Up-to-date symlink: /home/matin/ros2_ws/install/examples_rclcpp_minimal_action_client/share/examples_rclcpp_minimal_action_client/local_setup.dsv
[7.010s] -- Symlinking: /home/matin/ros2_ws/install/examples_rclcpp_minimal_action_client/share/examples_rclcpp_minimal_action_client/package.dsv
[7.010s] -- Up-to-date symlink: /home/matin/ros2_ws/install/examples_rclcpp_minimal_action_client/share/ament_index/resource_index/packages/examples_rclcpp_minimal_action_client
[7.011s] -- Up-to-date symlink: /home/matin/ros2_ws/install/examples_rclcpp_minimal_action_client/share/examples_rclcpp_minimal_action_client/cmake/examples_rclcpp_minimal_action_clientConfig.cmake
[7.011s] -- Up-to-date symlink: /home/matin/ros2_ws/install/examples_rclcpp_minimal_action_client/share/examples_rclcpp_minimal_action_client/cmake/examples_rclcpp_minimal_action_clientConfig-version.cmake
[7.011s] -- Up-to-date symlink: /home/matin/ros2_ws/install/examples_rclcpp_minimal_action_client/share/examples_rclcpp_minimal_action_client/package.xml
[7.094s] Invoked command in '/home/matin/ros2_ws/build/examples_rclcpp_minimal_action_client' returned '0': CMAKE_PREFIX_PATH=/opt/ros/humble CONDA_PROMPT_MODIFIER=(SpaceConcordia) /usr/bin/cmake --install /home/matin/ros2_ws/build/examples_rclcpp_minimal_action_client
