[0.400s] Invoking command in '/home/matin/ros2_ws/build/examples_rclcpp_cbg_executor': CMAKE_PREFIX_PATH=/opt/ros/humble CONDA_PROMPT_MODIFIER=(SpaceConcordia) /usr/bin/cmake /home/matin/ros2_ws/src/examples/rclcpp/executors/cbg_executor -DCMAKE_INSTALL_PREFIX=/home/matin/ros2_ws/install/examples_rclcpp_cbg_executor
[0.509s] -- Found ament_cmake: 1.3.7 (/opt/ros/humble/share/ament_cmake/cmake)
[0.710s] -- Override CMake install command with custom implementation using symlinks instead of copying resources
[0.732s] -- Found rclcpp: 16.0.8 (/opt/ros/humble/share/rclcpp/cmake)
[0.917s] -- Found rosidl_generator_c: 3.1.5 (/opt/ros/humble/share/rosidl_generator_c/cmake)
[0.928s] -- Found rosidl_adapter: 3.1.5 (/opt/ros/humble/share/rosidl_adapter/cmake)
[0.945s] -- Found rosidl_generator_cpp: 3.1.5 (/opt/ros/humble/share/rosidl_generator_cpp/cmake)
[0.995s] -- Using all available rosidl_typesupport_c: rosidl_typesupport_fastrtps_c;rosidl_typesupport_introspection_c
[1.030s] -- Using all available rosidl_typesupport_cpp: rosidl_typesupport_fastrtps_cpp;rosidl_typesupport_introspection_cpp
[1.151s] -- Found rmw_implementation_cmake: 6.1.1 (/opt/ros/humble/share/rmw_implementation_cmake/cmake)
[1.153s] -- Found rmw_fastrtps_cpp: 6.2.6 (/opt/ros/humble/share/rmw_fastrtps_cpp/cmake)
[4.541s] -- Using RMW implementation 'rmw_fastrtps_cpp' as default
[4.998s] -- Found ament_lint_auto: 0.12.10 (/opt/ros/humble/share/ament_lint_auto/cmake)
[5.288s] -- Added test 'copyright' to check source files copyright and LICENSE
[5.291s] -- Added test 'cppcheck' to perform static code analysis on C / C++ code
[5.291s] -- Configured cppcheck include dirs: /home/matin/ros2_ws/src/examples/rclcpp/executors/cbg_executor/include
[5.291s] -- Configured cppcheck exclude dirs and/or files: 
[5.293s] -- Added test 'cpplint' to check C / C++ code against the Google style
[5.294s] -- Configured cpplint exclude dirs and/or files: 
[5.299s] -- Added test 'lint_cmake' to check CMake code style
[5.302s] -- Added test 'uncrustify' to check C / C++ code style
[5.303s] -- Configured uncrustify additional arguments: 
[5.304s] -- Added test 'xmllint' to check XML markup files
[5.341s] -- Configuring done
[5.516s] -- Generating done
[5.521s] -- Build files have been written to: /home/matin/ros2_ws/build/examples_rclcpp_cbg_executor
[5.587s] Invoked command in '/home/matin/ros2_ws/build/examples_rclcpp_cbg_executor' returned '0': CMAKE_PREFIX_PATH=/opt/ros/humble CONDA_PROMPT_MODIFIER=(SpaceConcordia) /usr/bin/cmake /home/matin/ros2_ws/src/examples/rclcpp/executors/cbg_executor -DCMAKE_INSTALL_PREFIX=/home/matin/ros2_ws/install/examples_rclcpp_cbg_executor
[5.589s] Invoking command in '/home/matin/ros2_ws/build/examples_rclcpp_cbg_executor': CMAKE_PREFIX_PATH=/opt/ros/humble CONDA_PROMPT_MODIFIER=(SpaceConcordia) /usr/bin/cmake --build /home/matin/ros2_ws/build/examples_rclcpp_cbg_executor -- -j8 -l8
[5.699s] [35m[1mConsolidate compiler generated dependencies of target ping_pong[0m
[5.699s] [35m[1mConsolidate compiler generated dependencies of target pong[0m
[5.702s] [35m[1mConsolidate compiler generated dependencies of target ping[0m
[5.720s] [ 40%] Built target ping_pong
[5.732s] [ 70%] Built target pong
[5.734s] [100%] Built target ping
[5.751s] Invoked command in '/home/matin/ros2_ws/build/examples_rclcpp_cbg_executor' returned '0': CMAKE_PREFIX_PATH=/opt/ros/humble CONDA_PROMPT_MODIFIER=(SpaceConcordia) /usr/bin/cmake --build /home/matin/ros2_ws/build/examples_rclcpp_cbg_executor -- -j8 -l8
[5.885s] Invoking command in '/home/matin/ros2_ws/build/examples_rclcpp_cbg_executor': CMAKE_PREFIX_PATH=/opt/ros/humble CONDA_PROMPT_MODIFIER=(SpaceConcordia) /usr/bin/cmake --install /home/matin/ros2_ws/build/examples_rclcpp_cbg_executor
[5.896s] -- Install configuration: ""
[5.897s] -- Execute custom install script
[5.897s] -- Up-to-date symlink: /home/matin/ros2_ws/install/examples_rclcpp_cbg_executor/lib/examples_rclcpp_cbg_executor/ping
[5.898s] -- Up-to-date symlink: /home/matin/ros2_ws/install/examples_rclcpp_cbg_executor/lib/examples_rclcpp_cbg_executor/pong
[5.898s] -- Up-to-date symlink: /home/matin/ros2_ws/install/examples_rclcpp_cbg_executor/lib/examples_rclcpp_cbg_executor/ping_pong
[5.899s] -- Up-to-date symlink: /home/matin/ros2_ws/install/examples_rclcpp_cbg_executor/include/examples_rclcpp_cbg_executor/ping_node.hpp
[5.900s] -- Up-to-date symlink: /home/matin/ros2_ws/install/examples_rclcpp_cbg_executor/include/examples_rclcpp_cbg_executor/pong_node.hpp
[5.900s] -- Up-to-date symlink: /home/matin/ros2_ws/install/examples_rclcpp_cbg_executor/share/ament_index/resource_index/package_run_dependencies/examples_rclcpp_cbg_executor
[5.900s] -- Up-to-date symlink: /home/matin/ros2_ws/install/examples_rclcpp_cbg_executor/share/ament_index/resource_index/parent_prefix_path/examples_rclcpp_cbg_executor
[5.901s] -- Up-to-date symlink: /home/matin/ros2_ws/install/examples_rclcpp_cbg_executor/share/examples_rclcpp_cbg_executor/environment/ament_prefix_path.sh
[5.901s] -- Up-to-date symlink: /home/matin/ros2_ws/install/examples_rclcpp_cbg_executor/share/examples_rclcpp_cbg_executor/environment/ament_prefix_path.dsv
[5.902s] -- Up-to-date symlink: /home/matin/ros2_ws/install/examples_rclcpp_cbg_executor/share/examples_rclcpp_cbg_executor/environment/path.sh
[5.902s] -- Up-to-date symlink: /home/matin/ros2_ws/install/examples_rclcpp_cbg_executor/share/examples_rclcpp_cbg_executor/environment/path.dsv
[5.902s] -- Up-to-date symlink: /home/matin/ros2_ws/install/examples_rclcpp_cbg_executor/share/examples_rclcpp_cbg_executor/local_setup.bash
[5.903s] -- Up-to-date symlink: /home/matin/ros2_ws/install/examples_rclcpp_cbg_executor/share/examples_rclcpp_cbg_executor/local_setup.sh
[5.903s] -- Up-to-date symlink: /home/matin/ros2_ws/install/examples_rclcpp_cbg_executor/share/examples_rclcpp_cbg_executor/local_setup.zsh
[5.903s] -- Up-to-date symlink: /home/matin/ros2_ws/install/examples_rclcpp_cbg_executor/share/examples_rclcpp_cbg_executor/local_setup.dsv
[5.904s] -- Symlinking: /home/matin/ros2_ws/install/examples_rclcpp_cbg_executor/share/examples_rclcpp_cbg_executor/package.dsv
[5.918s] -- Up-to-date symlink: /home/matin/ros2_ws/install/examples_rclcpp_cbg_executor/share/ament_index/resource_index/packages/examples_rclcpp_cbg_executor
[5.919s] -- Up-to-date symlink: /home/matin/ros2_ws/install/examples_rclcpp_cbg_executor/share/examples_rclcpp_cbg_executor/cmake/ament_cmake_export_dependencies-extras.cmake
[5.919s] -- Up-to-date symlink: /home/matin/ros2_ws/install/examples_rclcpp_cbg_executor/share/examples_rclcpp_cbg_executor/cmake/examples_rclcpp_cbg_executorConfig.cmake
[5.919s] -- Up-to-date symlink: /home/matin/ros2_ws/install/examples_rclcpp_cbg_executor/share/examples_rclcpp_cbg_executor/cmake/examples_rclcpp_cbg_executorConfig-version.cmake
[5.926s] -- Up-to-date symlink: /home/matin/ros2_ws/install/examples_rclcpp_cbg_executor/share/examples_rclcpp_cbg_executor/package.xml
[5.928s] Invoked command in '/home/matin/ros2_ws/build/examples_rclcpp_cbg_executor' returned '0': CMAKE_PREFIX_PATH=/opt/ros/humble CONDA_PROMPT_MODIFIER=(SpaceConcordia) /usr/bin/cmake --install /home/matin/ros2_ws/build/examples_rclcpp_cbg_executor
