[0.065s] Invoking command in '/home/matin/ros2_ws/build/my_cpp_pkg': CMAKE_PREFIX_PATH=/opt/ros/humble CONDA_PROMPT_MODIFIER=(SpaceConcordia) /usr/bin/cmake /home/matin/ros2_ws/src/my_cpp_pkg -DCMAKE_INSTALL_PREFIX=/home/matin/ros2_ws/install/my_cpp_pkg
[0.079s] -- Found ament_cmake: 1.3.7 (/opt/ros/humble/share/ament_cmake/cmake)
[0.276s] -- Found rclcpp: 16.0.8 (/opt/ros/humble/share/rclcpp/cmake)
[0.548s] -- Found rosidl_generator_c: 3.1.5 (/opt/ros/humble/share/rosidl_generator_c/cmake)
[0.555s] -- Found rosidl_adapter: 3.1.5 (/opt/ros/humble/share/rosidl_adapter/cmake)
[0.566s] -- Found rosidl_generator_cpp: 3.1.5 (/opt/ros/humble/share/rosidl_generator_cpp/cmake)
[0.584s] -- Using all available rosidl_typesupport_c: rosidl_typesupport_fastrtps_c;rosidl_typesupport_introspection_c
[0.606s] -- Using all available rosidl_typesupport_cpp: rosidl_typesupport_fastrtps_cpp;rosidl_typesupport_introspection_cpp
[0.680s] -- Found rmw_implementation_cmake: 6.1.1 (/opt/ros/humble/share/rmw_implementation_cmake/cmake)
[0.683s] -- Found rmw_fastrtps_cpp: 6.2.6 (/opt/ros/humble/share/rmw_fastrtps_cpp/cmake)
[1.804s] -- Found OpenSSL: /usr/lib/x86_64-linux-gnu/libcrypto.so (found version "3.0.2")  
[3.475s] -- Found FastRTPS: /opt/ros/humble/include  
[4.979s] -- Using RMW implementation 'rmw_fastrtps_cpp' as default
[4.988s] -- Looking for pthread.h
[5.174s] -- Looking for pthread.h - found
[5.175s] -- Performing Test CMAKE_HAVE_LIBC_PTHREAD
[5.397s] -- Performing Test CMAKE_HAVE_LIBC_PTHREAD - Success
[5.399s] -- Found Threads: TRUE  
[5.628s] -- Found ament_lint_auto: 0.12.10 (/opt/ros/humble/share/ament_lint_auto/cmake)
[5.731s] -- Added test 'lint_cmake' to check CMake code style
[5.732s] -- Added test 'xmllint' to check XML markup files
[5.734s] -- Configuring done
[5.742s] -- Generating done
[5.745s] -- Build files have been written to: /home/matin/ros2_ws/build/my_cpp_pkg
[5.756s] Invoked command in '/home/matin/ros2_ws/build/my_cpp_pkg' returned '0': CMAKE_PREFIX_PATH=/opt/ros/humble CONDA_PROMPT_MODIFIER=(SpaceConcordia) /usr/bin/cmake /home/matin/ros2_ws/src/my_cpp_pkg -DCMAKE_INSTALL_PREFIX=/home/matin/ros2_ws/install/my_cpp_pkg
[5.762s] Invoking command in '/home/matin/ros2_ws/build/my_cpp_pkg': CMAKE_PREFIX_PATH=/opt/ros/humble CONDA_PROMPT_MODIFIER=(SpaceConcordia) /usr/bin/cmake --build /home/matin/ros2_ws/build/my_cpp_pkg -- -j8 -l8
[5.825s] Invoked command in '/home/matin/ros2_ws/build/my_cpp_pkg' returned '0': CMAKE_PREFIX_PATH=/opt/ros/humble CONDA_PROMPT_MODIFIER=(SpaceConcordia) /usr/bin/cmake --build /home/matin/ros2_ws/build/my_cpp_pkg -- -j8 -l8
[5.865s] Invoking command in '/home/matin/ros2_ws/build/my_cpp_pkg': CMAKE_PREFIX_PATH=/opt/ros/humble CONDA_PROMPT_MODIFIER=(SpaceConcordia) /usr/bin/cmake --install /home/matin/ros2_ws/build/my_cpp_pkg
[5.875s] -- Install configuration: ""
[5.876s] -- Installing: /home/matin/ros2_ws/install/my_cpp_pkg/share/ament_index/resource_index/package_run_dependencies/my_cpp_pkg
[5.876s] -- Installing: /home/matin/ros2_ws/install/my_cpp_pkg/share/ament_index/resource_index/parent_prefix_path/my_cpp_pkg
[5.877s] -- Installing: /home/matin/ros2_ws/install/my_cpp_pkg/share/my_cpp_pkg/environment/ament_prefix_path.sh
[5.877s] -- Installing: /home/matin/ros2_ws/install/my_cpp_pkg/share/my_cpp_pkg/environment/ament_prefix_path.dsv
[5.878s] -- Installing: /home/matin/ros2_ws/install/my_cpp_pkg/share/my_cpp_pkg/environment/path.sh
[5.878s] -- Installing: /home/matin/ros2_ws/install/my_cpp_pkg/share/my_cpp_pkg/environment/path.dsv
[5.879s] -- Installing: /home/matin/ros2_ws/install/my_cpp_pkg/share/my_cpp_pkg/local_setup.bash
[5.880s] -- Installing: /home/matin/ros2_ws/install/my_cpp_pkg/share/my_cpp_pkg/local_setup.sh
[5.880s] -- Installing: /home/matin/ros2_ws/install/my_cpp_pkg/share/my_cpp_pkg/local_setup.zsh
[5.880s] -- Installing: /home/matin/ros2_ws/install/my_cpp_pkg/share/my_cpp_pkg/local_setup.dsv
[5.880s] -- Installing: /home/matin/ros2_ws/install/my_cpp_pkg/share/my_cpp_pkg/package.dsv
[5.881s] -- Installing: /home/matin/ros2_ws/install/my_cpp_pkg/share/ament_index/resource_index/packages/my_cpp_pkg
[5.881s] -- Installing: /home/matin/ros2_ws/install/my_cpp_pkg/share/my_cpp_pkg/cmake/my_cpp_pkgConfig.cmake
[5.881s] -- Installing: /home/matin/ros2_ws/install/my_cpp_pkg/share/my_cpp_pkg/cmake/my_cpp_pkgConfig-version.cmake
[5.882s] -- Installing: /home/matin/ros2_ws/install/my_cpp_pkg/share/my_cpp_pkg/package.xml
[5.886s] Invoked command in '/home/matin/ros2_ws/build/my_cpp_pkg' returned '0': CMAKE_PREFIX_PATH=/opt/ros/humble CONDA_PROMPT_MODIFIER=(SpaceConcordia) /usr/bin/cmake --install /home/matin/ros2_ws/build/my_cpp_pkg
