[3.205s] Invoking command in '/home/matin/ros2_ws/src/examples/rclpy/topics/pointcloud_publisher': CONDA_PROMPT_MODIFIER=(SpaceConcordia) PYTHONPATH=/home/matin/ros2_ws/build/examples_rclpy_pointcloud_publisher/prefix_override:/home/matin/ros2_ws/install/examples_rclpy_pointcloud_publisher/lib/python3.10/site-packages:${PYTHONPATH} /usr/bin/python3 setup.py egg_info --egg-base ../../../../../build/examples_rclpy_pointcloud_publisher build --build-base /home/matin/ros2_ws/build/examples_rclpy_pointcloud_publisher/build install --record /home/matin/ros2_ws/build/examples_rclpy_pointcloud_publisher/install.log --single-version-externally-managed
[3.537s] running egg_info
[3.539s] writing ../../../../../build/examples_rclpy_pointcloud_publisher/examples_rclpy_pointcloud_publisher.egg-info/PKG-INFO
[3.539s] writing dependency_links to ../../../../../build/examples_rclpy_pointcloud_publisher/examples_rclpy_pointcloud_publisher.egg-info/dependency_links.txt
[3.539s] writing entry points to ../../../../../build/examples_rclpy_pointcloud_publisher/examples_rclpy_pointcloud_publisher.egg-info/entry_points.txt
[3.540s] writing requirements to ../../../../../build/examples_rclpy_pointcloud_publisher/examples_rclpy_pointcloud_publisher.egg-info/requires.txt
[3.540s] writing top-level names to ../../../../../build/examples_rclpy_pointcloud_publisher/examples_rclpy_pointcloud_publisher.egg-info/top_level.txt
[3.544s] reading manifest file '../../../../../build/examples_rclpy_pointcloud_publisher/examples_rclpy_pointcloud_publisher.egg-info/SOURCES.txt'
[3.546s] writing manifest file '../../../../../build/examples_rclpy_pointcloud_publisher/examples_rclpy_pointcloud_publisher.egg-info/SOURCES.txt'
[3.547s] running build
[3.547s] running build_py
[3.548s] running install
[3.548s] running install_lib
[3.550s] running install_data
[3.551s] running install_egg_info
[3.555s] removing '/home/matin/ros2_ws/install/examples_rclpy_pointcloud_publisher/lib/python3.10/site-packages/examples_rclpy_pointcloud_publisher-0.15.1-py3.10.egg-info' (and everything under it)
[3.555s] Copying ../../../../../build/examples_rclpy_pointcloud_publisher/examples_rclpy_pointcloud_publisher.egg-info to /home/matin/ros2_ws/install/examples_rclpy_pointcloud_publisher/lib/python3.10/site-packages/examples_rclpy_pointcloud_publisher-0.15.1-py3.10.egg-info
[3.557s] running install_scripts
[3.582s] Installing pointcloud_publisher script to /home/matin/ros2_ws/install/examples_rclpy_pointcloud_publisher/lib/examples_rclpy_pointcloud_publisher
[3.583s] writing list of installed files to '/home/matin/ros2_ws/build/examples_rclpy_pointcloud_publisher/install.log'
[3.633s] Invoked command in '/home/matin/ros2_ws/src/examples/rclpy/topics/pointcloud_publisher' returned '0': CONDA_PROMPT_MODIFIER=(SpaceConcordia) PYTHONPATH=/home/matin/ros2_ws/build/examples_rclpy_pointcloud_publisher/prefix_override:/home/matin/ros2_ws/install/examples_rclpy_pointcloud_publisher/lib/python3.10/site-packages:${PYTHONPATH} /usr/bin/python3 setup.py egg_info --egg-base ../../../../../build/examples_rclpy_pointcloud_publisher build --build-base /home/matin/ros2_ws/build/examples_rclpy_pointcloud_publisher/build install --record /home/matin/ros2_ws/build/examples_rclpy_pointcloud_publisher/install.log --single-version-externally-managed
