[0.304s] Invoking command in '/home/matin/ros2_ws/build/examples_rclcpp_wait_set': CMAKE_PREFIX_PATH=/opt/ros/humble CONDA_PROMPT_MODIFIER=(SpaceConcordia) /usr/bin/cmake /home/matin/ros2_ws/src/examples/rclcpp/wait_set -DCMAKE_INSTALL_PREFIX=/home/matin/ros2_ws/install/examples_rclcpp_wait_set
[0.456s] -- Found ament_cmake: 1.3.7 (/opt/ros/humble/share/ament_cmake/cmake)
[0.616s] -- Override CMake install command with custom implementation using symlinks instead of copying resources
[0.628s] -- Found example_interfaces: 0.9.3 (/opt/ros/humble/share/example_interfaces/cmake)
[0.790s] -- Found rosidl_generator_c: 3.1.5 (/opt/ros/humble/share/rosidl_generator_c/cmake)
[0.793s] -- Found rosidl_adapter: 3.1.5 (/opt/ros/humble/share/rosidl_adapter/cmake)
[0.807s] -- Found rosidl_generator_cpp: 3.1.5 (/opt/ros/humble/share/rosidl_generator_cpp/cmake)
[0.836s] -- Using all available rosidl_typesupport_c: rosidl_typesupport_fastrtps_c;rosidl_typesupport_introspection_c
[0.872s] -- Using all available rosidl_typesupport_cpp: rosidl_typesupport_fastrtps_cpp;rosidl_typesupport_introspection_cpp
[1.408s] -- Found rclcpp: 16.0.8 (/opt/ros/humble/share/rclcpp/cmake)
[1.586s] -- Found rmw_implementation_cmake: 6.1.1 (/opt/ros/humble/share/rmw_implementation_cmake/cmake)
[1.587s] -- Found rmw_fastrtps_cpp: 6.2.6 (/opt/ros/humble/share/rmw_fastrtps_cpp/cmake)
[4.480s] -- Using RMW implementation 'rmw_fastrtps_cpp' as default
[4.776s] -- Found rclcpp_components: 16.0.8 (/opt/ros/humble/share/rclcpp_components/cmake)
[4.898s] -- Found ament_lint_auto: 0.12.10 (/opt/ros/humble/share/ament_lint_auto/cmake)
[4.990s] -- Added test 'copyright' to check source files copyright and LICENSE
[4.992s] -- Added test 'cppcheck' to perform static code analysis on C / C++ code
[4.993s] -- Configured cppcheck include dirs: /home/matin/ros2_ws/src/examples/rclcpp/wait_set/include
[4.993s] -- Configured cppcheck exclude dirs and/or files: 
[4.995s] -- Added test 'cpplint' to check C / C++ code against the Google style
[4.995s] -- Configured cpplint exclude dirs and/or files: 
[4.996s] -- Added test 'lint_cmake' to check CMake code style
[4.998s] -- Added test 'uncrustify' to check C / C++ code style
[4.998s] -- Configured uncrustify additional arguments: 
[4.998s] -- Added test 'xmllint' to check XML markup files
[5.000s] -- Configuring done
[5.066s] -- Generating done
[5.071s] -- Build files have been written to: /home/matin/ros2_ws/build/examples_rclcpp_wait_set
[5.305s] Invoked command in '/home/matin/ros2_ws/build/examples_rclcpp_wait_set' returned '0': CMAKE_PREFIX_PATH=/opt/ros/humble CONDA_PROMPT_MODIFIER=(SpaceConcordia) /usr/bin/cmake /home/matin/ros2_ws/src/examples/rclcpp/wait_set -DCMAKE_INSTALL_PREFIX=/home/matin/ros2_ws/install/examples_rclcpp_wait_set
[5.309s] Invoking command in '/home/matin/ros2_ws/build/examples_rclcpp_wait_set': CMAKE_PREFIX_PATH=/opt/ros/humble CONDA_PROMPT_MODIFIER=(SpaceConcordia) /usr/bin/cmake --build /home/matin/ros2_ws/build/examples_rclcpp_wait_set -- -j8 -l8
[5.394s] [35m[1mConsolidate compiler generated dependencies of target talker[0m
[5.398s] [35m[1mConsolidate compiler generated dependencies of target wait_set_talker[0m
[5.419s] [35m[1mConsolidate compiler generated dependencies of target wait_set[0m
[5.421s] [35m[1mConsolidate compiler generated dependencies of target static_wait_set[0m
[5.427s] [35m[1mConsolidate compiler generated dependencies of target listener[0m
[5.444s] [35m[1mConsolidate compiler generated dependencies of target wait_set_listener[0m
[5.448s] [35m[1mConsolidate compiler generated dependencies of target thread_safe_wait_set[0m
[5.465s] [35m[1mConsolidate compiler generated dependencies of target wait_set_topics_and_timer[0m
[5.504s] [  8%] Built target talker
[5.521s] [ 16%] Built target wait_set_talker
[5.523s] [ 25%] Built target listener
[5.525s] [ 33%] Built target static_wait_set
[5.536s] [ 41%] Built target wait_set
[5.541s] [ 50%] Built target wait_set_listener
[5.554s] [ 58%] Built target thread_safe_wait_set
[5.555s] [ 66%] Built target wait_set_topics_and_timer
[5.570s] [35m[1mConsolidate compiler generated dependencies of target wait_set_random_order[0m
[5.592s] [35m[1mConsolidate compiler generated dependencies of target wait_set_topics_with_different_rates[0m
[5.608s] [35m[1mConsolidate compiler generated dependencies of target wait_set_composed[0m
[5.611s] [35m[1mConsolidate compiler generated dependencies of target executor_random_order[0m
[5.673s] [ 75%] Built target wait_set_random_order
[5.683s] [ 83%] Built target wait_set_topics_with_different_rates
[5.688s] [ 91%] Built target executor_random_order
[5.700s] [100%] Built target wait_set_composed
[5.726s] Invoked command in '/home/matin/ros2_ws/build/examples_rclcpp_wait_set' returned '0': CMAKE_PREFIX_PATH=/opt/ros/humble CONDA_PROMPT_MODIFIER=(SpaceConcordia) /usr/bin/cmake --build /home/matin/ros2_ws/build/examples_rclcpp_wait_set -- -j8 -l8
[6.094s] Invoking command in '/home/matin/ros2_ws/build/examples_rclcpp_wait_set': CMAKE_PREFIX_PATH=/opt/ros/humble CONDA_PROMPT_MODIFIER=(SpaceConcordia) /usr/bin/cmake --install /home/matin/ros2_ws/build/examples_rclcpp_wait_set
[6.106s] -- Install configuration: ""
[6.109s] -- Execute custom install script
[6.109s] -- Up-to-date symlink: /home/matin/ros2_ws/install/examples_rclcpp_wait_set/lib/examples_rclcpp_wait_set/wait_set_talker
[6.109s] -- Up-to-date symlink: /home/matin/ros2_ws/install/examples_rclcpp_wait_set/lib/examples_rclcpp_wait_set/wait_set_listener
[6.110s] -- Up-to-date symlink: /home/matin/ros2_ws/install/examples_rclcpp_wait_set/lib/libtalker.so
[6.110s] -- Up-to-date symlink: /home/matin/ros2_ws/install/examples_rclcpp_wait_set/lib/liblistener.so
[6.111s] -- Up-to-date symlink: /home/matin/ros2_ws/install/examples_rclcpp_wait_set/lib/examples_rclcpp_wait_set/wait_set
[6.112s] -- Up-to-date symlink: /home/matin/ros2_ws/install/examples_rclcpp_wait_set/lib/examples_rclcpp_wait_set/static_wait_set
[6.113s] -- Up-to-date symlink: /home/matin/ros2_ws/install/examples_rclcpp_wait_set/lib/examples_rclcpp_wait_set/thread_safe_wait_set
[6.114s] -- Up-to-date symlink: /home/matin/ros2_ws/install/examples_rclcpp_wait_set/lib/examples_rclcpp_wait_set/wait_set_topics_and_timer
[6.114s] -- Up-to-date symlink: /home/matin/ros2_ws/install/examples_rclcpp_wait_set/lib/examples_rclcpp_wait_set/wait_set_random_order
[6.115s] -- Up-to-date symlink: /home/matin/ros2_ws/install/examples_rclcpp_wait_set/lib/examples_rclcpp_wait_set/executor_random_order
[6.115s] -- Up-to-date symlink: /home/matin/ros2_ws/install/examples_rclcpp_wait_set/lib/examples_rclcpp_wait_set/wait_set_topics_with_different_rates
[6.115s] -- Up-to-date symlink: /home/matin/ros2_ws/install/examples_rclcpp_wait_set/lib/examples_rclcpp_wait_set/wait_set_composed
[6.115s] -- Up-to-date symlink: /home/matin/ros2_ws/install/examples_rclcpp_wait_set/share/ament_index/resource_index/package_run_dependencies/examples_rclcpp_wait_set
[6.115s] -- Up-to-date symlink: /home/matin/ros2_ws/install/examples_rclcpp_wait_set/share/ament_index/resource_index/parent_prefix_path/examples_rclcpp_wait_set
[6.116s] -- Up-to-date symlink: /home/matin/ros2_ws/install/examples_rclcpp_wait_set/share/examples_rclcpp_wait_set/environment/ament_prefix_path.sh
[6.116s] -- Up-to-date symlink: /home/matin/ros2_ws/install/examples_rclcpp_wait_set/share/examples_rclcpp_wait_set/environment/ament_prefix_path.dsv
[6.118s] -- Up-to-date symlink: /home/matin/ros2_ws/install/examples_rclcpp_wait_set/share/examples_rclcpp_wait_set/environment/path.sh
[6.118s] -- Up-to-date symlink: /home/matin/ros2_ws/install/examples_rclcpp_wait_set/share/examples_rclcpp_wait_set/environment/path.dsv
[6.119s] -- Up-to-date symlink: /home/matin/ros2_ws/install/examples_rclcpp_wait_set/share/examples_rclcpp_wait_set/local_setup.bash
[6.120s] -- Up-to-date symlink: /home/matin/ros2_ws/install/examples_rclcpp_wait_set/share/examples_rclcpp_wait_set/local_setup.sh
[6.120s] -- Up-to-date symlink: /home/matin/ros2_ws/install/examples_rclcpp_wait_set/share/examples_rclcpp_wait_set/local_setup.zsh
[6.121s] -- Up-to-date symlink: /home/matin/ros2_ws/install/examples_rclcpp_wait_set/share/examples_rclcpp_wait_set/local_setup.dsv
[6.122s] -- Symlinking: /home/matin/ros2_ws/install/examples_rclcpp_wait_set/share/examples_rclcpp_wait_set/package.dsv
[6.140s] -- Up-to-date symlink: /home/matin/ros2_ws/install/examples_rclcpp_wait_set/share/ament_index/resource_index/packages/examples_rclcpp_wait_set
[6.140s] -- Up-to-date symlink: /home/matin/ros2_ws/install/examples_rclcpp_wait_set/share/ament_index/resource_index/rclcpp_components/examples_rclcpp_wait_set
[6.141s] -- Up-to-date symlink: /home/matin/ros2_ws/install/examples_rclcpp_wait_set/share/examples_rclcpp_wait_set/cmake/examples_rclcpp_wait_setConfig.cmake
[6.141s] -- Up-to-date symlink: /home/matin/ros2_ws/install/examples_rclcpp_wait_set/share/examples_rclcpp_wait_set/cmake/examples_rclcpp_wait_setConfig-version.cmake
[6.141s] -- Up-to-date symlink: /home/matin/ros2_ws/install/examples_rclcpp_wait_set/share/examples_rclcpp_wait_set/package.xml
[6.671s] Invoked command in '/home/matin/ros2_ws/build/examples_rclcpp_wait_set' returned '0': CMAKE_PREFIX_PATH=/opt/ros/humble CONDA_PROMPT_MODIFIER=(SpaceConcordia) /usr/bin/cmake --install /home/matin/ros2_ws/build/examples_rclcpp_wait_set
