[0.449s] Invoking command in '/home/matin/ros2_ws/build/examples_rclcpp_async_client': CMAKE_PREFIX_PATH=/opt/ros/humble CONDA_PROMPT_MODIFIER=(SpaceConcordia) /usr/bin/cmake /home/matin/ros2_ws/src/examples/rclcpp/services/async_client -DAMENT_CMAKE_SYMLINK_INSTALL=1 -DCMAKE_INSTALL_PREFIX=/home/matin/ros2_ws/install/examples_rclcpp_async_client
[0.620s] -- The C compiler identification is GNU 11.4.0
[0.961s] -- The CXX compiler identification is GNU 11.4.0
[1.152s] -- Detecting C compiler ABI info
[1.335s] -- Detecting C compiler ABI info - done
[1.360s] -- Check for working C compiler: /usr/bin/cc - skipped
[1.360s] -- Detecting C compile features
[1.361s] -- Detecting C compile features - done
[1.373s] -- Detecting CXX compiler ABI info
[1.572s] -- Detecting CXX compiler ABI info - done
[1.588s] -- Check for working CXX compiler: /usr/bin/c++ - skipped
[1.589s] -- Detecting CXX compile features
[1.590s] -- Detecting CXX compile features - done
[1.594s] -- Found ament_cmake: 1.3.7 (/opt/ros/humble/share/ament_cmake/cmake)
[1.971s] -- Found Python3: /usr/bin/python3.10 (found version "3.10.12") found components: Interpreter 
[2.112s] -- Override CMake install command with custom implementation using symlinks instead of copying resources
[2.145s] -- Found example_interfaces: 0.9.3 (/opt/ros/humble/share/example_interfaces/cmake)
[2.394s] -- Found rosidl_generator_c: 3.1.5 (/opt/ros/humble/share/rosidl_generator_c/cmake)
[2.411s] -- Found rosidl_adapter: 3.1.5 (/opt/ros/humble/share/rosidl_adapter/cmake)
[2.427s] -- Found rosidl_generator_cpp: 3.1.5 (/opt/ros/humble/share/rosidl_generator_cpp/cmake)
[2.460s] -- Using all available rosidl_typesupport_c: rosidl_typesupport_fastrtps_c;rosidl_typesupport_introspection_c
[2.502s] -- Using all available rosidl_typesupport_cpp: rosidl_typesupport_fastrtps_cpp;rosidl_typesupport_introspection_cpp
[2.922s] -- Found rclcpp: 16.0.8 (/opt/ros/humble/share/rclcpp/cmake)
[3.082s] -- Found rmw_implementation_cmake: 6.1.1 (/opt/ros/humble/share/rmw_implementation_cmake/cmake)
[3.088s] -- Found rmw_fastrtps_cpp: 6.2.6 (/opt/ros/humble/share/rmw_fastrtps_cpp/cmake)
[3.996s] -- Found OpenSSL: /usr/lib/x86_64-linux-gnu/libcrypto.so (found version "3.0.2")  
[4.704s] -- Found FastRTPS: /opt/ros/humble/include  
[6.031s] -- Using RMW implementation 'rmw_fastrtps_cpp' as default
[6.051s] -- Looking for pthread.h
[6.301s] -- Looking for pthread.h - found
[6.303s] -- Performing Test CMAKE_HAVE_LIBC_PTHREAD
[6.536s] -- Performing Test CMAKE_HAVE_LIBC_PTHREAD - Success
[6.538s] -- Found Threads: TRUE  
[7.024s] -- Found ament_lint_auto: 0.12.10 (/opt/ros/humble/share/ament_lint_auto/cmake)
[7.233s] -- Added test 'copyright' to check source files copyright and LICENSE
[7.236s] -- Added test 'cppcheck' to perform static code analysis on C / C++ code
[7.237s] -- Configured cppcheck include dirs: 
[7.238s] -- Configured cppcheck exclude dirs and/or files: 
[7.246s] -- Added test 'cpplint' to check C / C++ code against the Google style
[7.247s] -- Configured cpplint exclude dirs and/or files: 
[7.249s] -- Added test 'lint_cmake' to check CMake code style
[7.251s] -- Added test 'uncrustify' to check C / C++ code style
[7.252s] -- Configured uncrustify additional arguments: 
[7.254s] -- Added test 'xmllint' to check XML markup files
[7.257s] -- Configuring done
[7.284s] -- Generating done
[7.288s] -- Build files have been written to: /home/matin/ros2_ws/build/examples_rclcpp_async_client
[7.324s] Invoked command in '/home/matin/ros2_ws/build/examples_rclcpp_async_client' returned '0': CMAKE_PREFIX_PATH=/opt/ros/humble CONDA_PROMPT_MODIFIER=(SpaceConcordia) /usr/bin/cmake /home/matin/ros2_ws/src/examples/rclcpp/services/async_client -DAMENT_CMAKE_SYMLINK_INSTALL=1 -DCMAKE_INSTALL_PREFIX=/home/matin/ros2_ws/install/examples_rclcpp_async_client
[7.325s] Invoking command in '/home/matin/ros2_ws/build/examples_rclcpp_async_client': CMAKE_PREFIX_PATH=/opt/ros/humble CONDA_PROMPT_MODIFIER=(SpaceConcordia) /usr/bin/cmake --build /home/matin/ros2_ws/build/examples_rclcpp_async_client -- -j8 -l8
[7.591s] [ 50%] [32mBuilding CXX object CMakeFiles/client_main.dir/main.cpp.o[0m
[50.046s] [100%] [32m[1mLinking CXX executable client_main[0m
[50.703s] [100%] Built target client_main
[51.288s] Invoked command in '/home/matin/ros2_ws/build/examples_rclcpp_async_client' returned '0': CMAKE_PREFIX_PATH=/opt/ros/humble CONDA_PROMPT_MODIFIER=(SpaceConcordia) /usr/bin/cmake --build /home/matin/ros2_ws/build/examples_rclcpp_async_client -- -j8 -l8
[51.956s] Invoking command in '/home/matin/ros2_ws/build/examples_rclcpp_async_client': CMAKE_PREFIX_PATH=/opt/ros/humble CONDA_PROMPT_MODIFIER=(SpaceConcordia) /usr/bin/cmake --install /home/matin/ros2_ws/build/examples_rclcpp_async_client
[52.023s] -- Install configuration: ""
[52.023s] -- Execute custom install script
[52.023s] -- Symlinking: /home/matin/ros2_ws/install/examples_rclcpp_async_client/lib/examples_rclcpp_async_client/client_main
[52.082s] -- Symlinking: /home/matin/ros2_ws/install/examples_rclcpp_async_client/share/ament_index/resource_index/package_run_dependencies/examples_rclcpp_async_client
[52.130s] -- Symlinking: /home/matin/ros2_ws/install/examples_rclcpp_async_client/share/ament_index/resource_index/parent_prefix_path/examples_rclcpp_async_client
[52.186s] -- Symlinking: /home/matin/ros2_ws/install/examples_rclcpp_async_client/share/examples_rclcpp_async_client/environment/ament_prefix_path.sh
[52.217s] -- Symlinking: /home/matin/ros2_ws/install/examples_rclcpp_async_client/share/examples_rclcpp_async_client/environment/ament_prefix_path.dsv
[52.252s] -- Symlinking: /home/matin/ros2_ws/install/examples_rclcpp_async_client/share/examples_rclcpp_async_client/environment/path.sh
[52.280s] -- Symlinking: /home/matin/ros2_ws/install/examples_rclcpp_async_client/share/examples_rclcpp_async_client/environment/path.dsv
[52.296s] -- Symlinking: /home/matin/ros2_ws/install/examples_rclcpp_async_client/share/examples_rclcpp_async_client/local_setup.bash
[52.311s] -- Symlinking: /home/matin/ros2_ws/install/examples_rclcpp_async_client/share/examples_rclcpp_async_client/local_setup.sh
[52.333s] -- Symlinking: /home/matin/ros2_ws/install/examples_rclcpp_async_client/share/examples_rclcpp_async_client/local_setup.zsh
[52.349s] -- Symlinking: /home/matin/ros2_ws/install/examples_rclcpp_async_client/share/examples_rclcpp_async_client/local_setup.dsv
[52.376s] -- Symlinking: /home/matin/ros2_ws/install/examples_rclcpp_async_client/share/examples_rclcpp_async_client/package.dsv
[52.419s] -- Symlinking: /home/matin/ros2_ws/install/examples_rclcpp_async_client/share/ament_index/resource_index/packages/examples_rclcpp_async_client
[52.479s] -- Symlinking: /home/matin/ros2_ws/install/examples_rclcpp_async_client/share/examples_rclcpp_async_client/cmake/examples_rclcpp_async_clientConfig.cmake
[52.500s] -- Symlinking: /home/matin/ros2_ws/install/examples_rclcpp_async_client/share/examples_rclcpp_async_client/cmake/examples_rclcpp_async_clientConfig-version.cmake
[52.522s] -- Symlinking: /home/matin/ros2_ws/install/examples_rclcpp_async_client/share/examples_rclcpp_async_client/package.xml
[52.590s] Invoked command in '/home/matin/ros2_ws/build/examples_rclcpp_async_client' returned '0': CMAKE_PREFIX_PATH=/opt/ros/humble CONDA_PROMPT_MODIFIER=(SpaceConcordia) /usr/bin/cmake --install /home/matin/ros2_ws/build/examples_rclcpp_async_client
