[3.373s] Invoking command in '/home/matin/ros2_ws/build/examples_rclpy_minimal_client': CONDA_PROMPT_MODIFIER=(SpaceConcordia) PYTHONPATH=/home/matin/ros2_ws/build/examples_rclpy_minimal_client/prefix_override:/home/matin/ros2_ws/install/examples_rclpy_minimal_client/lib/python3.10/site-packages:${PYTHONPATH} /usr/bin/python3 setup.py develop --uninstall --editable --build-directory /home/matin/ros2_ws/build/examples_rclpy_minimal_client/build
[4.082s] running develop
[4.083s] Removing /home/matin/ros2_ws/install/examples_rclpy_minimal_client/lib/python3.10/site-packages/examples-rclpy-minimal-client.egg-link (link to .)
[4.089s] /usr/lib/python3/dist-packages/setuptools/command/easy_install.py:158: EasyInstallDeprecationWarning: easy_install command is deprecated. Use build and pip and other standards-based tools.
[4.089s]   warnings.warn(
[4.090s] /usr/lib/python3/dist-packages/setuptools/command/install.py:34: SetuptoolsDeprecationWarning: setup.py install is deprecated. Use build and pip and other standards-based tools.
[4.090s]   warnings.warn(
[4.094s] Invoked command in '/home/matin/ros2_ws/build/examples_rclpy_minimal_client' returned '0': CONDA_PROMPT_MODIFIER=(SpaceConcordia) PYTHONPATH=/home/matin/ros2_ws/build/examples_rclpy_minimal_client/prefix_override:/home/matin/ros2_ws/install/examples_rclpy_minimal_client/lib/python3.10/site-packages:${PYTHONPATH} /usr/bin/python3 setup.py develop --uninstall --editable --build-directory /home/matin/ros2_ws/build/examples_rclpy_minimal_client/build
[4.096s] Invoking command in '/home/matin/ros2_ws/src/examples/rclpy/services/minimal_client': CONDA_PROMPT_MODIFIER=(SpaceConcordia) PYTHONPATH=/home/matin/ros2_ws/build/examples_rclpy_minimal_client/prefix_override:/home/matin/ros2_ws/install/examples_rclpy_minimal_client/lib/python3.10/site-packages:${PYTHONPATH} /usr/bin/python3 setup.py egg_info --egg-base ../../../../../build/examples_rclpy_minimal_client build --build-base /home/matin/ros2_ws/build/examples_rclpy_minimal_client/build install --record /home/matin/ros2_ws/build/examples_rclpy_minimal_client/install.log --single-version-externally-managed
[4.529s] running egg_info
[4.531s] writing ../../../../../build/examples_rclpy_minimal_client/examples_rclpy_minimal_client.egg-info/PKG-INFO
[4.531s] writing dependency_links to ../../../../../build/examples_rclpy_minimal_client/examples_rclpy_minimal_client.egg-info/dependency_links.txt
[4.532s] writing entry points to ../../../../../build/examples_rclpy_minimal_client/examples_rclpy_minimal_client.egg-info/entry_points.txt
[4.532s] writing requirements to ../../../../../build/examples_rclpy_minimal_client/examples_rclpy_minimal_client.egg-info/requires.txt
[4.533s] writing top-level names to ../../../../../build/examples_rclpy_minimal_client/examples_rclpy_minimal_client.egg-info/top_level.txt
[4.540s] reading manifest file '../../../../../build/examples_rclpy_minimal_client/examples_rclpy_minimal_client.egg-info/SOURCES.txt'
[4.542s] writing manifest file '../../../../../build/examples_rclpy_minimal_client/examples_rclpy_minimal_client.egg-info/SOURCES.txt'
[4.545s] running build
[4.546s] running build_py
[4.546s] creating /home/matin/ros2_ws/build/examples_rclpy_minimal_client/build
[4.546s] creating /home/matin/ros2_ws/build/examples_rclpy_minimal_client/build/lib
[4.546s] creating /home/matin/ros2_ws/build/examples_rclpy_minimal_client/build/lib/examples_rclpy_minimal_client
[4.546s] copying examples_rclpy_minimal_client/client.py -> /home/matin/ros2_ws/build/examples_rclpy_minimal_client/build/lib/examples_rclpy_minimal_client
[4.547s] copying examples_rclpy_minimal_client/client_async_callback.py -> /home/matin/ros2_ws/build/examples_rclpy_minimal_client/build/lib/examples_rclpy_minimal_client
[4.547s] copying examples_rclpy_minimal_client/__init__.py -> /home/matin/ros2_ws/build/examples_rclpy_minimal_client/build/lib/examples_rclpy_minimal_client
[4.547s] copying examples_rclpy_minimal_client/client_async_member_function.py -> /home/matin/ros2_ws/build/examples_rclpy_minimal_client/build/lib/examples_rclpy_minimal_client
[4.548s] copying examples_rclpy_minimal_client/client_async.py -> /home/matin/ros2_ws/build/examples_rclpy_minimal_client/build/lib/examples_rclpy_minimal_client
[4.548s] running install
[4.549s] /usr/lib/python3/dist-packages/setuptools/command/install.py:34: SetuptoolsDeprecationWarning: setup.py install is deprecated. Use build and pip and other standards-based tools.
[4.549s]   warnings.warn(
[4.551s] running install_lib
[4.554s] creating /home/matin/ros2_ws/install/examples_rclpy_minimal_client/lib/python3.10/site-packages/examples_rclpy_minimal_client
[4.554s] copying /home/matin/ros2_ws/build/examples_rclpy_minimal_client/build/lib/examples_rclpy_minimal_client/client.py -> /home/matin/ros2_ws/install/examples_rclpy_minimal_client/lib/python3.10/site-packages/examples_rclpy_minimal_client
[4.555s] copying /home/matin/ros2_ws/build/examples_rclpy_minimal_client/build/lib/examples_rclpy_minimal_client/client_async_callback.py -> /home/matin/ros2_ws/install/examples_rclpy_minimal_client/lib/python3.10/site-packages/examples_rclpy_minimal_client
[4.555s] copying /home/matin/ros2_ws/build/examples_rclpy_minimal_client/build/lib/examples_rclpy_minimal_client/__init__.py -> /home/matin/ros2_ws/install/examples_rclpy_minimal_client/lib/python3.10/site-packages/examples_rclpy_minimal_client
[4.555s] copying /home/matin/ros2_ws/build/examples_rclpy_minimal_client/build/lib/examples_rclpy_minimal_client/client_async_member_function.py -> /home/matin/ros2_ws/install/examples_rclpy_minimal_client/lib/python3.10/site-packages/examples_rclpy_minimal_client
[4.556s] copying /home/matin/ros2_ws/build/examples_rclpy_minimal_client/build/lib/examples_rclpy_minimal_client/client_async.py -> /home/matin/ros2_ws/install/examples_rclpy_minimal_client/lib/python3.10/site-packages/examples_rclpy_minimal_client
[4.556s] byte-compiling /home/matin/ros2_ws/install/examples_rclpy_minimal_client/lib/python3.10/site-packages/examples_rclpy_minimal_client/client.py to client.cpython-310.pyc
[4.556s] byte-compiling /home/matin/ros2_ws/install/examples_rclpy_minimal_client/lib/python3.10/site-packages/examples_rclpy_minimal_client/client_async_callback.py to client_async_callback.cpython-310.pyc
[4.557s] byte-compiling /home/matin/ros2_ws/install/examples_rclpy_minimal_client/lib/python3.10/site-packages/examples_rclpy_minimal_client/__init__.py to __init__.cpython-310.pyc
[4.557s] byte-compiling /home/matin/ros2_ws/install/examples_rclpy_minimal_client/lib/python3.10/site-packages/examples_rclpy_minimal_client/client_async_member_function.py to client_async_member_function.cpython-310.pyc
[4.558s] byte-compiling /home/matin/ros2_ws/install/examples_rclpy_minimal_client/lib/python3.10/site-packages/examples_rclpy_minimal_client/client_async.py to client_async.cpython-310.pyc
[4.558s] running install_data
[4.559s] running install_egg_info
[4.562s] Copying ../../../../../build/examples_rclpy_minimal_client/examples_rclpy_minimal_client.egg-info to /home/matin/ros2_ws/install/examples_rclpy_minimal_client/lib/python3.10/site-packages/examples_rclpy_minimal_client-0.15.1-py3.10.egg-info
[4.563s] running install_scripts
[4.611s] Installing client script to /home/matin/ros2_ws/install/examples_rclpy_minimal_client/lib/examples_rclpy_minimal_client
[4.613s] Installing client_async script to /home/matin/ros2_ws/install/examples_rclpy_minimal_client/lib/examples_rclpy_minimal_client
[4.613s] Installing client_async_callback script to /home/matin/ros2_ws/install/examples_rclpy_minimal_client/lib/examples_rclpy_minimal_client
[4.613s] Installing client_async_member_function script to /home/matin/ros2_ws/install/examples_rclpy_minimal_client/lib/examples_rclpy_minimal_client
[4.614s] writing list of installed files to '/home/matin/ros2_ws/build/examples_rclpy_minimal_client/install.log'
[4.676s] Invoked command in '/home/matin/ros2_ws/src/examples/rclpy/services/minimal_client' returned '0': CONDA_PROMPT_MODIFIER=(SpaceConcordia) PYTHONPATH=/home/matin/ros2_ws/build/examples_rclpy_minimal_client/prefix_override:/home/matin/ros2_ws/install/examples_rclpy_minimal_client/lib/python3.10/site-packages:${PYTHONPATH} /usr/bin/python3 setup.py egg_info --egg-base ../../../../../build/examples_rclpy_minimal_client build --build-base /home/matin/ros2_ws/build/examples_rclpy_minimal_client/build install --record /home/matin/ros2_ws/build/examples_rclpy_minimal_client/install.log --single-version-externally-managed
