[0.422s] Invoking command in '/home/matin/ros2_ws/build/examples_rclcpp_minimal_timer': CMAKE_PREFIX_PATH=/opt/ros/humble CONDA_PROMPT_MODIFIER=(SpaceConcordia) /usr/bin/cmake /home/matin/ros2_ws/src/examples/rclcpp/timers/minimal_timer -DCMAKE_INSTALL_PREFIX=/home/matin/ros2_ws/install/examples_rclcpp_minimal_timer
[0.440s] -- Found ament_cmake: 1.3.7 (/opt/ros/humble/share/ament_cmake/cmake)
[0.725s] -- Override CMake install command with custom implementation using symlinks instead of copying resources
[0.736s] -- Found rclcpp: 16.0.8 (/opt/ros/humble/share/rclcpp/cmake)
[0.869s] -- Found rosidl_generator_c: 3.1.5 (/opt/ros/humble/share/rosidl_generator_c/cmake)
[0.875s] -- Found rosidl_adapter: 3.1.5 (/opt/ros/humble/share/rosidl_adapter/cmake)
[0.896s] -- Found rosidl_generator_cpp: 3.1.5 (/opt/ros/humble/share/rosidl_generator_cpp/cmake)
[0.925s] -- Using all available rosidl_typesupport_c: rosidl_typesupport_fastrtps_c;rosidl_typesupport_introspection_c
[0.958s] -- Using all available rosidl_typesupport_cpp: rosidl_typesupport_fastrtps_cpp;rosidl_typesupport_introspection_cpp
[1.116s] -- Found rmw_implementation_cmake: 6.1.1 (/opt/ros/humble/share/rmw_implementation_cmake/cmake)
[1.117s] -- Found rmw_fastrtps_cpp: 6.2.6 (/opt/ros/humble/share/rmw_fastrtps_cpp/cmake)
[4.613s] -- Using RMW implementation 'rmw_fastrtps_cpp' as default
[4.906s] -- Found ament_lint_auto: 0.12.10 (/opt/ros/humble/share/ament_lint_auto/cmake)
[5.010s] -- Added test 'copyright' to check source files copyright and LICENSE
[5.012s] -- Added test 'cppcheck' to perform static code analysis on C / C++ code
[5.013s] -- Configured cppcheck include dirs: 
[5.013s] -- Configured cppcheck exclude dirs and/or files: 
[5.014s] -- Added test 'cpplint' to check C / C++ code against the Google style
[5.014s] -- Configured cpplint exclude dirs and/or files: 
[5.015s] -- Added test 'lint_cmake' to check CMake code style
[5.016s] -- Added test 'uncrustify' to check C / C++ code style
[5.016s] -- Configured uncrustify additional arguments: 
[5.016s] -- Added test 'xmllint' to check XML markup files
[5.017s] -- Configuring done
[5.034s] -- Generating done
[5.036s] -- Build files have been written to: /home/matin/ros2_ws/build/examples_rclcpp_minimal_timer
[5.448s] Invoked command in '/home/matin/ros2_ws/build/examples_rclcpp_minimal_timer' returned '0': CMAKE_PREFIX_PATH=/opt/ros/humble CONDA_PROMPT_MODIFIER=(SpaceConcordia) /usr/bin/cmake /home/matin/ros2_ws/src/examples/rclcpp/timers/minimal_timer -DCMAKE_INSTALL_PREFIX=/home/matin/ros2_ws/install/examples_rclcpp_minimal_timer
[5.452s] Invoking command in '/home/matin/ros2_ws/build/examples_rclcpp_minimal_timer': CMAKE_PREFIX_PATH=/opt/ros/humble CONDA_PROMPT_MODIFIER=(SpaceConcordia) /usr/bin/cmake --build /home/matin/ros2_ws/build/examples_rclcpp_minimal_timer -- -j8 -l8
[5.577s] [35m[1mConsolidate compiler generated dependencies of target timer_member_function[0m
[5.597s] [35m[1mConsolidate compiler generated dependencies of target timer_lambda[0m
[5.661s] [ 50%] Built target timer_member_function
[5.679s] [100%] Built target timer_lambda
[5.707s] Invoked command in '/home/matin/ros2_ws/build/examples_rclcpp_minimal_timer' returned '0': CMAKE_PREFIX_PATH=/opt/ros/humble CONDA_PROMPT_MODIFIER=(SpaceConcordia) /usr/bin/cmake --build /home/matin/ros2_ws/build/examples_rclcpp_minimal_timer -- -j8 -l8
[5.848s] Invoking command in '/home/matin/ros2_ws/build/examples_rclcpp_minimal_timer': CMAKE_PREFIX_PATH=/opt/ros/humble CONDA_PROMPT_MODIFIER=(SpaceConcordia) /usr/bin/cmake --install /home/matin/ros2_ws/build/examples_rclcpp_minimal_timer
[5.862s] -- Install configuration: ""
[5.864s] -- Execute custom install script
[5.864s] -- Up-to-date symlink: /home/matin/ros2_ws/install/examples_rclcpp_minimal_timer/lib/examples_rclcpp_minimal_timer/timer_lambda
[5.866s] -- Up-to-date symlink: /home/matin/ros2_ws/install/examples_rclcpp_minimal_timer/lib/examples_rclcpp_minimal_timer/timer_member_function
[5.867s] -- Up-to-date symlink: /home/matin/ros2_ws/install/examples_rclcpp_minimal_timer/share/ament_index/resource_index/package_run_dependencies/examples_rclcpp_minimal_timer
[5.868s] -- Up-to-date symlink: /home/matin/ros2_ws/install/examples_rclcpp_minimal_timer/share/ament_index/resource_index/parent_prefix_path/examples_rclcpp_minimal_timer
[5.882s] -- Up-to-date symlink: /home/matin/ros2_ws/install/examples_rclcpp_minimal_timer/share/examples_rclcpp_minimal_timer/environment/ament_prefix_path.sh
[5.883s] -- Up-to-date symlink: /home/matin/ros2_ws/install/examples_rclcpp_minimal_timer/share/examples_rclcpp_minimal_timer/environment/ament_prefix_path.dsv
[5.883s] -- Up-to-date symlink: /home/matin/ros2_ws/install/examples_rclcpp_minimal_timer/share/examples_rclcpp_minimal_timer/environment/path.sh
[5.883s] -- Up-to-date symlink: /home/matin/ros2_ws/install/examples_rclcpp_minimal_timer/share/examples_rclcpp_minimal_timer/environment/path.dsv
[5.884s] -- Up-to-date symlink: /home/matin/ros2_ws/install/examples_rclcpp_minimal_timer/share/examples_rclcpp_minimal_timer/local_setup.bash
[5.884s] -- Up-to-date symlink: /home/matin/ros2_ws/install/examples_rclcpp_minimal_timer/share/examples_rclcpp_minimal_timer/local_setup.sh
[5.884s] -- Up-to-date symlink: /home/matin/ros2_ws/install/examples_rclcpp_minimal_timer/share/examples_rclcpp_minimal_timer/local_setup.zsh
[5.885s] -- Up-to-date symlink: /home/matin/ros2_ws/install/examples_rclcpp_minimal_timer/share/examples_rclcpp_minimal_timer/local_setup.dsv
[5.885s] -- Symlinking: /home/matin/ros2_ws/install/examples_rclcpp_minimal_timer/share/examples_rclcpp_minimal_timer/package.dsv
[5.885s] -- Up-to-date symlink: /home/matin/ros2_ws/install/examples_rclcpp_minimal_timer/share/ament_index/resource_index/packages/examples_rclcpp_minimal_timer
[5.889s] -- Up-to-date symlink: /home/matin/ros2_ws/install/examples_rclcpp_minimal_timer/share/examples_rclcpp_minimal_timer/cmake/examples_rclcpp_minimal_timerConfig.cmake
[5.889s] -- Up-to-date symlink: /home/matin/ros2_ws/install/examples_rclcpp_minimal_timer/share/examples_rclcpp_minimal_timer/cmake/examples_rclcpp_minimal_timerConfig-version.cmake
[5.890s] -- Up-to-date symlink: /home/matin/ros2_ws/install/examples_rclcpp_minimal_timer/share/examples_rclcpp_minimal_timer/package.xml
[6.026s] Invoked command in '/home/matin/ros2_ws/build/examples_rclcpp_minimal_timer' returned '0': CMAKE_PREFIX_PATH=/opt/ros/humble CONDA_PROMPT_MODIFIER=(SpaceConcordia) /usr/bin/cmake --install /home/matin/ros2_ws/build/examples_rclcpp_minimal_timer
