[5.726s] Invoking command in '/home/matin/ros2_ws/build/examples_rclpy_executors': CONDA_PROMPT_MODIFIER=(SpaceConcordia) PYTHONPATH=/home/matin/ros2_ws/build/examples_rclpy_executors/prefix_override:/home/matin/ros2_ws/install/examples_rclpy_executors/lib/python3.10/site-packages:${PYTHONPATH} /usr/bin/python3 setup.py develop --uninstall --editable --build-directory /home/matin/ros2_ws/build/examples_rclpy_executors/build
[6.285s] running develop
[6.286s] /usr/lib/python3/dist-packages/setuptools/command/easy_install.py:158: EasyInstallDeprecationWarning: easy_install command is deprecated. Use build and pip and other standards-based tools.
[6.287s]   warnings.warn(
[6.289s] /usr/lib/python3/dist-packages/setuptools/command/install.py:34: SetuptoolsDeprecationWarning: setup.py install is deprecated. Use build and pip and other standards-based tools.
[6.290s]   warnings.warn(
[6.609s] Removing /home/matin/ros2_ws/install/examples_rclpy_executors/lib/python3.10/site-packages/examples-rclpy-executors.egg-link (link to .)
[7.227s] Invoked command in '/home/matin/ros2_ws/build/examples_rclpy_executors' returned '0': CONDA_PROMPT_MODIFIER=(SpaceConcordia) PYTHONPATH=/home/matin/ros2_ws/build/examples_rclpy_executors/prefix_override:/home/matin/ros2_ws/install/examples_rclpy_executors/lib/python3.10/site-packages:${PYTHONPATH} /usr/bin/python3 setup.py develop --uninstall --editable --build-directory /home/matin/ros2_ws/build/examples_rclpy_executors/build
[7.229s] Invoking command in '/home/matin/ros2_ws/src/examples/rclpy/executors': CONDA_PROMPT_MODIFIER=(SpaceConcordia) PYTHONPATH=/home/matin/ros2_ws/build/examples_rclpy_executors/prefix_override:/home/matin/ros2_ws/install/examples_rclpy_executors/lib/python3.10/site-packages:${PYTHONPATH} /usr/bin/python3 setup.py egg_info --egg-base ../../../../build/examples_rclpy_executors build --build-base /home/matin/ros2_ws/build/examples_rclpy_executors/build install --record /home/matin/ros2_ws/build/examples_rclpy_executors/install.log --single-version-externally-managed
[7.557s] running egg_info
[7.558s] writing ../../../../build/examples_rclpy_executors/examples_rclpy_executors.egg-info/PKG-INFO
[7.559s] writing dependency_links to ../../../../build/examples_rclpy_executors/examples_rclpy_executors.egg-info/dependency_links.txt
[7.560s] writing entry points to ../../../../build/examples_rclpy_executors/examples_rclpy_executors.egg-info/entry_points.txt
[7.560s] writing requirements to ../../../../build/examples_rclpy_executors/examples_rclpy_executors.egg-info/requires.txt
[7.561s] writing top-level names to ../../../../build/examples_rclpy_executors/examples_rclpy_executors.egg-info/top_level.txt
[7.561s] reading manifest file '../../../../build/examples_rclpy_executors/examples_rclpy_executors.egg-info/SOURCES.txt'
[7.561s] writing manifest file '../../../../build/examples_rclpy_executors/examples_rclpy_executors.egg-info/SOURCES.txt'
[7.562s] running build
[7.562s] running build_py
[7.563s] creating /home/matin/ros2_ws/build/examples_rclpy_executors/build
[7.564s] creating /home/matin/ros2_ws/build/examples_rclpy_executors/build/lib
[7.564s] creating /home/matin/ros2_ws/build/examples_rclpy_executors/build/lib/examples_rclpy_executors
[7.565s] copying examples_rclpy_executors/listener.py -> /home/matin/ros2_ws/build/examples_rclpy_executors/build/lib/examples_rclpy_executors
[7.566s] copying examples_rclpy_executors/__init__.py -> /home/matin/ros2_ws/build/examples_rclpy_executors/build/lib/examples_rclpy_executors
[7.567s] copying examples_rclpy_executors/composed.py -> /home/matin/ros2_ws/build/examples_rclpy_executors/build/lib/examples_rclpy_executors
[7.567s] copying examples_rclpy_executors/custom_callback_group.py -> /home/matin/ros2_ws/build/examples_rclpy_executors/build/lib/examples_rclpy_executors
[7.568s] copying examples_rclpy_executors/talker.py -> /home/matin/ros2_ws/build/examples_rclpy_executors/build/lib/examples_rclpy_executors
[7.568s] copying examples_rclpy_executors/custom_executor.py -> /home/matin/ros2_ws/build/examples_rclpy_executors/build/lib/examples_rclpy_executors
[7.568s] copying examples_rclpy_executors/callback_group.py -> /home/matin/ros2_ws/build/examples_rclpy_executors/build/lib/examples_rclpy_executors
[7.569s] running install
[7.569s] running install_lib
[7.569s] /usr/lib/python3/dist-packages/setuptools/command/install.py:34: SetuptoolsDeprecationWarning: setup.py install is deprecated. Use build and pip and other standards-based tools.
[7.570s]   warnings.warn(
[7.570s] creating /home/matin/ros2_ws/install/examples_rclpy_executors/lib/python3.10/site-packages/examples_rclpy_executors
[7.570s] copying /home/matin/ros2_ws/build/examples_rclpy_executors/build/lib/examples_rclpy_executors/listener.py -> /home/matin/ros2_ws/install/examples_rclpy_executors/lib/python3.10/site-packages/examples_rclpy_executors
[7.571s] copying /home/matin/ros2_ws/build/examples_rclpy_executors/build/lib/examples_rclpy_executors/__init__.py -> /home/matin/ros2_ws/install/examples_rclpy_executors/lib/python3.10/site-packages/examples_rclpy_executors
[7.572s] copying /home/matin/ros2_ws/build/examples_rclpy_executors/build/lib/examples_rclpy_executors/composed.py -> /home/matin/ros2_ws/install/examples_rclpy_executors/lib/python3.10/site-packages/examples_rclpy_executors
[7.572s] copying /home/matin/ros2_ws/build/examples_rclpy_executors/build/lib/examples_rclpy_executors/custom_callback_group.py -> /home/matin/ros2_ws/install/examples_rclpy_executors/lib/python3.10/site-packages/examples_rclpy_executors
[7.572s] copying /home/matin/ros2_ws/build/examples_rclpy_executors/build/lib/examples_rclpy_executors/talker.py -> /home/matin/ros2_ws/install/examples_rclpy_executors/lib/python3.10/site-packages/examples_rclpy_executors
[7.573s] copying /home/matin/ros2_ws/build/examples_rclpy_executors/build/lib/examples_rclpy_executors/custom_executor.py -> /home/matin/ros2_ws/install/examples_rclpy_executors/lib/python3.10/site-packages/examples_rclpy_executors
[7.574s] copying /home/matin/ros2_ws/build/examples_rclpy_executors/build/lib/examples_rclpy_executors/callback_group.py -> /home/matin/ros2_ws/install/examples_rclpy_executors/lib/python3.10/site-packages/examples_rclpy_executors
[7.574s] byte-compiling /home/matin/ros2_ws/install/examples_rclpy_executors/lib/python3.10/site-packages/examples_rclpy_executors/listener.py to listener.cpython-310.pyc
[7.575s] byte-compiling /home/matin/ros2_ws/install/examples_rclpy_executors/lib/python3.10/site-packages/examples_rclpy_executors/__init__.py to __init__.cpython-310.pyc
[7.575s] byte-compiling /home/matin/ros2_ws/install/examples_rclpy_executors/lib/python3.10/site-packages/examples_rclpy_executors/composed.py to composed.cpython-310.pyc
[7.575s] byte-compiling /home/matin/ros2_ws/install/examples_rclpy_executors/lib/python3.10/site-packages/examples_rclpy_executors/custom_callback_group.py to custom_callback_group.cpython-310.pyc
[7.576s] byte-compiling /home/matin/ros2_ws/install/examples_rclpy_executors/lib/python3.10/site-packages/examples_rclpy_executors/talker.py to talker.cpython-310.pyc
[7.577s] byte-compiling /home/matin/ros2_ws/install/examples_rclpy_executors/lib/python3.10/site-packages/examples_rclpy_executors/custom_executor.py to custom_executor.cpython-310.pyc
[7.577s] byte-compiling /home/matin/ros2_ws/install/examples_rclpy_executors/lib/python3.10/site-packages/examples_rclpy_executors/callback_group.py to callback_group.cpython-310.pyc
[7.577s] running install_data
[7.578s] running install_egg_info
[7.578s] Copying ../../../../build/examples_rclpy_executors/examples_rclpy_executors.egg-info to /home/matin/ros2_ws/install/examples_rclpy_executors/lib/python3.10/site-packages/examples_rclpy_executors-0.15.1-py3.10.egg-info
[7.579s] running install_scripts
[7.601s] Installing callback_group script to /home/matin/ros2_ws/install/examples_rclpy_executors/lib/examples_rclpy_executors
[7.602s] Installing composed script to /home/matin/ros2_ws/install/examples_rclpy_executors/lib/examples_rclpy_executors
[7.602s] Installing custom_callback_group script to /home/matin/ros2_ws/install/examples_rclpy_executors/lib/examples_rclpy_executors
[7.603s] Installing custom_executor script to /home/matin/ros2_ws/install/examples_rclpy_executors/lib/examples_rclpy_executors
[7.603s] Installing listener script to /home/matin/ros2_ws/install/examples_rclpy_executors/lib/examples_rclpy_executors
[7.603s] Installing talker script to /home/matin/ros2_ws/install/examples_rclpy_executors/lib/examples_rclpy_executors
[7.604s] writing list of installed files to '/home/matin/ros2_ws/build/examples_rclpy_executors/install.log'
[8.068s] Invoked command in '/home/matin/ros2_ws/src/examples/rclpy/executors' returned '0': CONDA_PROMPT_MODIFIER=(SpaceConcordia) PYTHONPATH=/home/matin/ros2_ws/build/examples_rclpy_executors/prefix_override:/home/matin/ros2_ws/install/examples_rclpy_executors/lib/python3.10/site-packages:${PYTHONPATH} /usr/bin/python3 setup.py egg_info --egg-base ../../../../build/examples_rclpy_executors build --build-base /home/matin/ros2_ws/build/examples_rclpy_executors/build install --record /home/matin/ros2_ws/build/examples_rclpy_executors/install.log --single-version-externally-managed
