[0.280s] Invoking command in '/home/matin/ros2_ws/build/examples_rclcpp_minimal_action_server': CMAKE_PREFIX_PATH=/opt/ros/humble CONDA_PROMPT_MODIFIER=(SpaceConcordia) /usr/bin/cmake --build /home/matin/ros2_ws/build/examples_rclcpp_minimal_action_server -- -j8 -l8
[0.419s] [ 50%] Built target action_server_member_functions
[0.420s] [100%] Built target action_server_not_composable
[0.444s] Invoked command in '/home/matin/ros2_ws/build/examples_rclcpp_minimal_action_server' returned '0': CMAKE_PREFIX_PATH=/opt/ros/humble CONDA_PROMPT_MODIFIER=(SpaceConcordia) /usr/bin/cmake --build /home/matin/ros2_ws/build/examples_rclcpp_minimal_action_server -- -j8 -l8
[0.521s] Invoking command in '/home/matin/ros2_ws/build/examples_rclcpp_minimal_action_server': CMAKE_PREFIX_PATH=/opt/ros/humble CONDA_PROMPT_MODIFIER=(SpaceConcordia) /usr/bin/cmake --install /home/matin/ros2_ws/build/examples_rclcpp_minimal_action_server
[0.531s] -- Install configuration: ""
[0.531s] -- Execute custom install script
[0.538s] -- Up-to-date symlink: /home/matin/ros2_ws/install/examples_rclcpp_minimal_action_server/lib/examples_rclcpp_minimal_action_server/action_server_not_composable
[0.539s] -- Up-to-date symlink: /home/matin/ros2_ws/install/examples_rclcpp_minimal_action_server/lib/examples_rclcpp_minimal_action_server/action_server_member_functions
[0.539s] -- Up-to-date symlink: /home/matin/ros2_ws/install/examples_rclcpp_minimal_action_server/share/ament_index/resource_index/package_run_dependencies/examples_rclcpp_minimal_action_server
[0.540s] -- Up-to-date symlink: /home/matin/ros2_ws/install/examples_rclcpp_minimal_action_server/share/ament_index/resource_index/parent_prefix_path/examples_rclcpp_minimal_action_server
[0.540s] -- Up-to-date symlink: /home/matin/ros2_ws/install/examples_rclcpp_minimal_action_server/share/examples_rclcpp_minimal_action_server/environment/ament_prefix_path.sh
[0.541s] -- Up-to-date symlink: /home/matin/ros2_ws/install/examples_rclcpp_minimal_action_server/share/examples_rclcpp_minimal_action_server/environment/ament_prefix_path.dsv
[0.541s] -- Up-to-date symlink: /home/matin/ros2_ws/install/examples_rclcpp_minimal_action_server/share/examples_rclcpp_minimal_action_server/environment/path.sh
[0.541s] -- Up-to-date symlink: /home/matin/ros2_ws/install/examples_rclcpp_minimal_action_server/share/examples_rclcpp_minimal_action_server/environment/path.dsv
[0.543s] -- Up-to-date symlink: /home/matin/ros2_ws/install/examples_rclcpp_minimal_action_server/share/examples_rclcpp_minimal_action_server/local_setup.bash
[0.543s] -- Up-to-date symlink: /home/matin/ros2_ws/install/examples_rclcpp_minimal_action_server/share/examples_rclcpp_minimal_action_server/local_setup.sh
[0.544s] -- Up-to-date symlink: /home/matin/ros2_ws/install/examples_rclcpp_minimal_action_server/share/examples_rclcpp_minimal_action_server/local_setup.zsh
[0.546s] -- Up-to-date symlink: /home/matin/ros2_ws/install/examples_rclcpp_minimal_action_server/share/examples_rclcpp_minimal_action_server/local_setup.dsv
[0.546s] -- Symlinking: /home/matin/ros2_ws/install/examples_rclcpp_minimal_action_server/share/examples_rclcpp_minimal_action_server/package.dsv
[0.561s] -- Up-to-date symlink: /home/matin/ros2_ws/install/examples_rclcpp_minimal_action_server/share/ament_index/resource_index/packages/examples_rclcpp_minimal_action_server
[0.561s] -- Up-to-date symlink: /home/matin/ros2_ws/install/examples_rclcpp_minimal_action_server/share/examples_rclcpp_minimal_action_server/cmake/examples_rclcpp_minimal_action_serverConfig.cmake
[0.561s] -- Up-to-date symlink: /home/matin/ros2_ws/install/examples_rclcpp_minimal_action_server/share/examples_rclcpp_minimal_action_server/cmake/examples_rclcpp_minimal_action_serverConfig-version.cmake
[0.561s] -- Up-to-date symlink: /home/matin/ros2_ws/install/examples_rclcpp_minimal_action_server/share/examples_rclcpp_minimal_action_server/package.xml
[0.702s] Invoked command in '/home/matin/ros2_ws/build/examples_rclcpp_minimal_action_server' returned '0': CMAKE_PREFIX_PATH=/opt/ros/humble CONDA_PROMPT_MODIFIER=(SpaceConcordia) /usr/bin/cmake --install /home/matin/ros2_ws/build/examples_rclcpp_minimal_action_server
