[0.445s] Invoking command in '/home/matin/ros2_ws/build/examples_rclcpp_async_client': CMAKE_PREFIX_PATH=/opt/ros/humble CONDA_PROMPT_MODIFIER=(SpaceConcordia) /usr/bin/cmake /home/matin/ros2_ws/src/examples/rclcpp/services/async_client -DCMAKE_INSTALL_PREFIX=/home/matin/ros2_ws/install/examples_rclcpp_async_client
[0.553s] -- Found ament_cmake: 1.3.7 (/opt/ros/humble/share/ament_cmake/cmake)
[0.750s] -- Override CMake install command with custom implementation using symlinks instead of copying resources
[0.774s] -- Found example_interfaces: 0.9.3 (/opt/ros/humble/share/example_interfaces/cmake)
[0.949s] -- Found rosidl_generator_c: 3.1.5 (/opt/ros/humble/share/rosidl_generator_c/cmake)
[0.954s] -- Found rosidl_adapter: 3.1.5 (/opt/ros/humble/share/rosidl_adapter/cmake)
[0.973s] -- Found rosidl_generator_cpp: 3.1.5 (/opt/ros/humble/share/rosidl_generator_cpp/cmake)
[1.006s] -- Using all available rosidl_typesupport_c: rosidl_typesupport_fastrtps_c;rosidl_typesupport_introspection_c
[1.045s] -- Using all available rosidl_typesupport_cpp: rosidl_typesupport_fastrtps_cpp;rosidl_typesupport_introspection_cpp
[1.393s] -- Found rclcpp: 16.0.8 (/opt/ros/humble/share/rclcpp/cmake)
[1.536s] -- Found rmw_implementation_cmake: 6.1.1 (/opt/ros/humble/share/rmw_implementation_cmake/cmake)
[1.539s] -- Found rmw_fastrtps_cpp: 6.2.6 (/opt/ros/humble/share/rmw_fastrtps_cpp/cmake)
[5.053s] -- Using RMW implementation 'rmw_fastrtps_cpp' as default
[5.916s] -- Found ament_lint_auto: 0.12.10 (/opt/ros/humble/share/ament_lint_auto/cmake)
[6.049s] -- Added test 'copyright' to check source files copyright and LICENSE
[6.050s] -- Added test 'cppcheck' to perform static code analysis on C / C++ code
[6.050s] -- Configured cppcheck include dirs: 
[6.050s] -- Configured cppcheck exclude dirs and/or files: 
[6.051s] -- Added test 'cpplint' to check C / C++ code against the Google style
[6.051s] -- Configured cpplint exclude dirs and/or files: 
[6.052s] -- Added test 'lint_cmake' to check CMake code style
[6.052s] -- Added test 'uncrustify' to check C / C++ code style
[6.052s] -- Configured uncrustify additional arguments: 
[6.053s] -- Added test 'xmllint' to check XML markup files
[6.057s] -- Configuring done
[6.074s] -- Generating done
[6.076s] -- Build files have been written to: /home/matin/ros2_ws/build/examples_rclcpp_async_client
[6.108s] Invoked command in '/home/matin/ros2_ws/build/examples_rclcpp_async_client' returned '0': CMAKE_PREFIX_PATH=/opt/ros/humble CONDA_PROMPT_MODIFIER=(SpaceConcordia) /usr/bin/cmake /home/matin/ros2_ws/src/examples/rclcpp/services/async_client -DCMAKE_INSTALL_PREFIX=/home/matin/ros2_ws/install/examples_rclcpp_async_client
[6.113s] Invoking command in '/home/matin/ros2_ws/build/examples_rclcpp_async_client': CMAKE_PREFIX_PATH=/opt/ros/humble CONDA_PROMPT_MODIFIER=(SpaceConcordia) /usr/bin/cmake --build /home/matin/ros2_ws/build/examples_rclcpp_async_client -- -j8 -l8
[6.196s] [35m[1mConsolidate compiler generated dependencies of target client_main[0m
[6.221s] [100%] Built target client_main
[6.394s] Invoked command in '/home/matin/ros2_ws/build/examples_rclcpp_async_client' returned '0': CMAKE_PREFIX_PATH=/opt/ros/humble CONDA_PROMPT_MODIFIER=(SpaceConcordia) /usr/bin/cmake --build /home/matin/ros2_ws/build/examples_rclcpp_async_client -- -j8 -l8
[6.933s] Invoking command in '/home/matin/ros2_ws/build/examples_rclcpp_async_client': CMAKE_PREFIX_PATH=/opt/ros/humble CONDA_PROMPT_MODIFIER=(SpaceConcordia) /usr/bin/cmake --install /home/matin/ros2_ws/build/examples_rclcpp_async_client
[7.137s] -- Install configuration: ""
[7.138s] -- Execute custom install script
[7.139s] -- Up-to-date symlink: /home/matin/ros2_ws/install/examples_rclcpp_async_client/lib/examples_rclcpp_async_client/client_main
[7.139s] -- Up-to-date symlink: /home/matin/ros2_ws/install/examples_rclcpp_async_client/share/ament_index/resource_index/package_run_dependencies/examples_rclcpp_async_client
[7.139s] -- Up-to-date symlink: /home/matin/ros2_ws/install/examples_rclcpp_async_client/share/ament_index/resource_index/parent_prefix_path/examples_rclcpp_async_client
[7.140s] -- Up-to-date symlink: /home/matin/ros2_ws/install/examples_rclcpp_async_client/share/examples_rclcpp_async_client/environment/ament_prefix_path.sh
[7.141s] -- Up-to-date symlink: /home/matin/ros2_ws/install/examples_rclcpp_async_client/share/examples_rclcpp_async_client/environment/ament_prefix_path.dsv
[7.141s] -- Up-to-date symlink: /home/matin/ros2_ws/install/examples_rclcpp_async_client/share/examples_rclcpp_async_client/environment/path.sh
[7.142s] -- Up-to-date symlink: /home/matin/ros2_ws/install/examples_rclcpp_async_client/share/examples_rclcpp_async_client/environment/path.dsv
[7.143s] -- Up-to-date symlink: /home/matin/ros2_ws/install/examples_rclcpp_async_client/share/examples_rclcpp_async_client/local_setup.bash
[7.144s] -- Up-to-date symlink: /home/matin/ros2_ws/install/examples_rclcpp_async_client/share/examples_rclcpp_async_client/local_setup.sh
[7.144s] -- Up-to-date symlink: /home/matin/ros2_ws/install/examples_rclcpp_async_client/share/examples_rclcpp_async_client/local_setup.zsh
[7.145s] -- Up-to-date symlink: /home/matin/ros2_ws/install/examples_rclcpp_async_client/share/examples_rclcpp_async_client/local_setup.dsv
[7.146s] -- Symlinking: /home/matin/ros2_ws/install/examples_rclcpp_async_client/share/examples_rclcpp_async_client/package.dsv
[7.146s] -- Up-to-date symlink: /home/matin/ros2_ws/install/examples_rclcpp_async_client/share/ament_index/resource_index/packages/examples_rclcpp_async_client
[7.147s] -- Up-to-date symlink: /home/matin/ros2_ws/install/examples_rclcpp_async_client/share/examples_rclcpp_async_client/cmake/examples_rclcpp_async_clientConfig.cmake
[7.148s] -- Up-to-date symlink: /home/matin/ros2_ws/install/examples_rclcpp_async_client/share/examples_rclcpp_async_client/cmake/examples_rclcpp_async_clientConfig-version.cmake
[7.149s] -- Up-to-date symlink: /home/matin/ros2_ws/install/examples_rclcpp_async_client/share/examples_rclcpp_async_client/package.xml
[7.153s] Invoked command in '/home/matin/ros2_ws/build/examples_rclcpp_async_client' returned '0': CMAKE_PREFIX_PATH=/opt/ros/humble CONDA_PROMPT_MODIFIER=(SpaceConcordia) /usr/bin/cmake --install /home/matin/ros2_ws/build/examples_rclcpp_async_client
