[3.260s] Invoking command in '/home/matin/ros2_ws/build/examples_rclpy_minimal_publisher': CONDA_PROMPT_MODIFIER=(SpaceConcordia) PYTHONPATH=/home/matin/ros2_ws/build/examples_rclpy_minimal_publisher/prefix_override:/home/matin/ros2_ws/install/examples_rclpy_minimal_publisher/lib/python3.10/site-packages:${PYTHONPATH} /usr/bin/python3 setup.py develop --editable --build-directory /home/matin/ros2_ws/build/examples_rclpy_minimal_publisher/build --no-deps install_data
[3.881s] running develop
[3.882s] /usr/lib/python3/dist-packages/setuptools/command/easy_install.py:158: EasyInstallDeprecationWarning: easy_install command is deprecated. Use build and pip and other standards-based tools.
[3.882s]   warnings.warn(
[3.886s] /usr/lib/python3/dist-packages/setuptools/command/install.py:34: SetuptoolsDeprecationWarning: setup.py install is deprecated. Use build and pip and other standards-based tools.
[3.886s]   warnings.warn(
[4.283s] running egg_info
[4.283s] creating examples_rclpy_minimal_publisher.egg-info
[4.285s] writing examples_rclpy_minimal_publisher.egg-info/PKG-INFO
[4.286s] writing dependency_links to examples_rclpy_minimal_publisher.egg-info/dependency_links.txt
[4.286s] writing entry points to examples_rclpy_minimal_publisher.egg-info/entry_points.txt
[4.287s] writing requirements to examples_rclpy_minimal_publisher.egg-info/requires.txt
[4.288s] writing top-level names to examples_rclpy_minimal_publisher.egg-info/top_level.txt
[4.289s] writing manifest file 'examples_rclpy_minimal_publisher.egg-info/SOURCES.txt'
[4.302s] reading manifest file 'examples_rclpy_minimal_publisher.egg-info/SOURCES.txt'
[4.304s] writing manifest file 'examples_rclpy_minimal_publisher.egg-info/SOURCES.txt'
[4.308s] running build_ext
[4.309s] Creating /home/matin/ros2_ws/install/examples_rclpy_minimal_publisher/lib/python3.10/site-packages/examples-rclpy-minimal-publisher.egg-link (link to .)
[4.311s] Installing publisher_local_function script to /home/matin/ros2_ws/install/examples_rclpy_minimal_publisher/lib/examples_rclpy_minimal_publisher
[4.312s] Installing publisher_member_function script to /home/matin/ros2_ws/install/examples_rclpy_minimal_publisher/lib/examples_rclpy_minimal_publisher
[4.313s] Installing publisher_old_school script to /home/matin/ros2_ws/install/examples_rclpy_minimal_publisher/lib/examples_rclpy_minimal_publisher
[4.314s] 
[4.314s] Installed /home/matin/ros2_ws/build/examples_rclpy_minimal_publisher
[4.315s] running install_data
[4.315s] creating /home/matin/ros2_ws/install/examples_rclpy_minimal_publisher/share/ament_index
[4.316s] creating /home/matin/ros2_ws/install/examples_rclpy_minimal_publisher/share/ament_index/resource_index
[4.317s] creating /home/matin/ros2_ws/install/examples_rclpy_minimal_publisher/share/ament_index/resource_index/packages
[4.318s] copying resource/examples_rclpy_minimal_publisher -> /home/matin/ros2_ws/install/examples_rclpy_minimal_publisher/share/ament_index/resource_index/packages
[4.319s] copying package.xml -> /home/matin/ros2_ws/install/examples_rclpy_minimal_publisher/share/examples_rclpy_minimal_publisher
[4.410s] Invoked command in '/home/matin/ros2_ws/build/examples_rclpy_minimal_publisher' returned '0': CONDA_PROMPT_MODIFIER=(SpaceConcordia) PYTHONPATH=/home/matin/ros2_ws/build/examples_rclpy_minimal_publisher/prefix_override:/home/matin/ros2_ws/install/examples_rclpy_minimal_publisher/lib/python3.10/site-packages:${PYTHONPATH} /usr/bin/python3 setup.py develop --editable --build-directory /home/matin/ros2_ws/build/examples_rclpy_minimal_publisher/build --no-deps install_data
