[0.080s] Invoking command in '/home/matin/ros2_ws/build/my_cpp_pkg': CMAKE_PREFIX_PATH=${CMAKE_PREFIX_PATH}:/home/matin/ros2_ws/install/my_py_pkg:/home/matin/ros2_ws/install/launch_testing_examples:/home/matin/ros2_ws/install/examples_rclpy_pointcloud_publisher:/home/matin/ros2_ws/install/examples_rclpy_minimal_subscriber:/home/matin/ros2_ws/install/examples_rclpy_minimal_service:/home/matin/ros2_ws/install/examples_rclpy_minimal_publisher:/home/matin/ros2_ws/install/examples_rclpy_minimal_client:/home/matin/ros2_ws/install/examples_rclpy_minimal_action_server:/home/matin/ros2_ws/install/examples_rclpy_minimal_action_client:/home/matin/ros2_ws/install/examples_rclpy_guard_conditions:/home/matin/ros2_ws/install/examples_rclpy_executors:/opt/ros/humble CONDA_PROMPT_MODIFIER=(SpaceConcordia) /usr/bin/cmake --build /home/matin/ros2_ws/build/my_cpp_pkg -- -j8 -l8
[0.125s] -- Found ament_cmake: 1.3.7 (/opt/ros/humble/share/ament_cmake/cmake)
[0.349s] -- Found rclcpp: 16.0.8 (/opt/ros/humble/share/rclcpp/cmake)
[0.453s] -- Found rosidl_generator_c: 3.1.5 (/opt/ros/humble/share/rosidl_generator_c/cmake)
[0.456s] -- Found rosidl_adapter: 3.1.5 (/opt/ros/humble/share/rosidl_adapter/cmake)
[0.465s] -- Found rosidl_generator_cpp: 3.1.5 (/opt/ros/humble/share/rosidl_generator_cpp/cmake)
[0.479s] -- Using all available rosidl_typesupport_c: rosidl_typesupport_fastrtps_c;rosidl_typesupport_introspection_c
[0.500s] -- Using all available rosidl_typesupport_cpp: rosidl_typesupport_fastrtps_cpp;rosidl_typesupport_introspection_cpp
[0.575s] -- Found rmw_implementation_cmake: 6.1.1 (/opt/ros/humble/share/rmw_implementation_cmake/cmake)
[0.577s] -- Found rmw_fastrtps_cpp: 6.2.6 (/opt/ros/humble/share/rmw_fastrtps_cpp/cmake)
[3.181s] -- Using RMW implementation 'rmw_fastrtps_cpp' as default
[3.387s] [31mCMake Error at /opt/ros/humble/share/ament_cmake_target_dependencies/cmake/ament_target_dependencies.cmake:77 (message):
[3.387s]   ament_target_dependencies() the passed package name 'example_interfaces'
[3.387s]   was not found before
[3.387s] Call Stack (most recent call first):
[3.388s]   CMakeLists.txt:14 (ament_target_dependencies)
[3.388s] 
[3.388s] [0m
[3.388s] -- Configuring incomplete, errors occurred!
[3.388s] See also "/home/matin/ros2_ws/build/my_cpp_pkg/CMakeFiles/CMakeOutput.log".
[3.396s] gmake: *** [Makefile:226: cmake_check_build_system] Error 1
[3.399s] Invoked command in '/home/matin/ros2_ws/build/my_cpp_pkg' returned '2': CMAKE_PREFIX_PATH=${CMAKE_PREFIX_PATH}:/home/matin/ros2_ws/install/my_py_pkg:/home/matin/ros2_ws/install/launch_testing_examples:/home/matin/ros2_ws/install/examples_rclpy_pointcloud_publisher:/home/matin/ros2_ws/install/examples_rclpy_minimal_subscriber:/home/matin/ros2_ws/install/examples_rclpy_minimal_service:/home/matin/ros2_ws/install/examples_rclpy_minimal_publisher:/home/matin/ros2_ws/install/examples_rclpy_minimal_client:/home/matin/ros2_ws/install/examples_rclpy_minimal_action_server:/home/matin/ros2_ws/install/examples_rclpy_minimal_action_client:/home/matin/ros2_ws/install/examples_rclpy_guard_conditions:/home/matin/ros2_ws/install/examples_rclpy_executors:/opt/ros/humble CONDA_PROMPT_MODIFIER=(SpaceConcordia) /usr/bin/cmake --build /home/matin/ros2_ws/build/my_cpp_pkg -- -j8 -l8
