[1.320s] DEBUG:colcon:Command line arguments: ['/usr/bin/colcon', 'build', '--packages-select', 'my_cpp_pkg']
[1.320s] DEBUG:colcon:Parsed command line arguments: Namespace(log_base=None, log_level=None, verb_name='build', build_base='build', install_base='install', merge_install=False, symlink_install=False, test_result_base=None, continue_on_error=False, executor='parallel', parallel_workers=8, event_handlers=None, ignore_user_meta=False, metas=['./colcon.meta'], base_paths=['.'], packages_ignore=None, packages_ignore_regex=None, paths=None, packages_up_to=None, packages_up_to_regex=None, packages_above=None, packages_above_and_dependencies=None, packages_above_depth=None, packages_select_by_dep=None, packages_skip_by_dep=None, packages_skip_up_to=None, packages_select_build_failed=False, packages_skip_build_finished=False, packages_select_test_failures=False, packages_skip_test_passed=False, packages_select=['my_cpp_pkg'], packages_skip=None, packages_select_regex=None, packages_skip_regex=None, packages_start=None, packages_end=None, allow_overriding=[], cmake_args=None, cmake_target=None, cmake_target_skip_unavailable=False, cmake_clean_cache=False, cmake_clean_first=False, cmake_force_configure=False, ament_cmake_args=None, catkin_cmake_args=None, catkin_skip_building_tests=False, verb_parser=<colcon_defaults.argument_parser.defaults.DefaultArgumentsDecorator object at 0x7fa0bdbfe4d0>, verb_extension=<colcon_core.verb.build.BuildVerb object at 0x7fa0bdbfeb60>, main=<bound method BuildVerb.main of <colcon_core.verb.build.BuildVerb object at 0x7fa0bdbfeb60>>)
[1.384s] Level 1:colcon.colcon_core.package_discovery:discover_packages(colcon_meta) check parameters
[1.384s] Level 1:colcon.colcon_core.package_discovery:discover_packages(recursive) check parameters
[1.384s] Level 1:colcon.colcon_core.package_discovery:discover_packages(ignore) check parameters
[1.384s] Level 1:colcon.colcon_core.package_discovery:discover_packages(path) check parameters
[1.384s] Level 1:colcon.colcon_core.package_discovery:discover_packages(colcon_meta) discover
[1.384s] Level 1:colcon.colcon_core.package_discovery:discover_packages(recursive) discover
[1.384s] INFO:colcon.colcon_core.package_discovery:Crawling recursively for packages in '/home/matin/ros2_ws'
[1.384s] Level 1:colcon.colcon_core.package_identification:_identify(.) by extensions ['ignore', 'ignore_ament_install']
[1.384s] Level 1:colcon.colcon_core.package_identification:_identify(.) by extension 'ignore'
[1.384s] Level 1:colcon.colcon_core.package_identification:_identify(.) by extension 'ignore_ament_install'
[1.384s] Level 1:colcon.colcon_core.package_identification:_identify(.) by extensions ['colcon_pkg']
[1.384s] Level 1:colcon.colcon_core.package_identification:_identify(.) by extension 'colcon_pkg'
[1.384s] Level 1:colcon.colcon_core.package_identification:_identify(.) by extensions ['colcon_meta']
[1.384s] Level 1:colcon.colcon_core.package_identification:_identify(.) by extension 'colcon_meta'
[1.385s] Level 1:colcon.colcon_core.package_identification:_identify(.) by extensions ['ros']
[1.385s] Level 1:colcon.colcon_core.package_identification:_identify(.) by extension 'ros'
[1.402s] Level 1:colcon.colcon_core.package_identification:_identify(.) by extensions ['cmake', 'python']
[1.403s] Level 1:colcon.colcon_core.package_identification:_identify(.) by extension 'cmake'
[1.403s] Level 1:colcon.colcon_core.package_identification:_identify(.) by extension 'python'
[1.403s] Level 1:colcon.colcon_core.package_identification:_identify(.) by extensions ['python_setup_py']
[1.403s] Level 1:colcon.colcon_core.package_identification:_identify(.) by extension 'python_setup_py'
[1.403s] Level 1:colcon.colcon_core.package_identification:_identify(build) by extensions ['ignore', 'ignore_ament_install']
[1.403s] Level 1:colcon.colcon_core.package_identification:_identify(build) by extension 'ignore'
[1.403s] Level 1:colcon.colcon_core.package_identification:_identify(build) ignored
[1.403s] Level 1:colcon.colcon_core.package_identification:_identify(install) by extensions ['ignore', 'ignore_ament_install']
[1.403s] Level 1:colcon.colcon_core.package_identification:_identify(install) by extension 'ignore'
[1.403s] Level 1:colcon.colcon_core.package_identification:_identify(install) ignored
[1.404s] Level 1:colcon.colcon_core.package_identification:_identify(log) by extensions ['ignore', 'ignore_ament_install']
[1.404s] Level 1:colcon.colcon_core.package_identification:_identify(log) by extension 'ignore'
[1.404s] Level 1:colcon.colcon_core.package_identification:_identify(log) ignored
[1.404s] Level 1:colcon.colcon_core.package_identification:_identify(src) by extensions ['ignore', 'ignore_ament_install']
[1.404s] Level 1:colcon.colcon_core.package_identification:_identify(src) by extension 'ignore'
[1.404s] Level 1:colcon.colcon_core.package_identification:_identify(src) by extension 'ignore_ament_install'
[1.404s] Level 1:colcon.colcon_core.package_identification:_identify(src) by extensions ['colcon_pkg']
[1.404s] Level 1:colcon.colcon_core.package_identification:_identify(src) by extension 'colcon_pkg'
[1.404s] Level 1:colcon.colcon_core.package_identification:_identify(src) by extensions ['colcon_meta']
[1.404s] Level 1:colcon.colcon_core.package_identification:_identify(src) by extension 'colcon_meta'
[1.404s] Level 1:colcon.colcon_core.package_identification:_identify(src) by extensions ['ros']
[1.405s] Level 1:colcon.colcon_core.package_identification:_identify(src) by extension 'ros'
[1.405s] Level 1:colcon.colcon_core.package_identification:_identify(src) by extensions ['cmake', 'python']
[1.405s] Level 1:colcon.colcon_core.package_identification:_identify(src) by extension 'cmake'
[1.405s] Level 1:colcon.colcon_core.package_identification:_identify(src) by extension 'python'
[1.405s] Level 1:colcon.colcon_core.package_identification:_identify(src) by extensions ['python_setup_py']
[1.405s] Level 1:colcon.colcon_core.package_identification:_identify(src) by extension 'python_setup_py'
[1.406s] Level 1:colcon.colcon_core.package_identification:_identify(src/my_cpp_pkg) by extensions ['ignore', 'ignore_ament_install']
[1.406s] Level 1:colcon.colcon_core.package_identification:_identify(src/my_cpp_pkg) by extension 'ignore'
[1.406s] Level 1:colcon.colcon_core.package_identification:_identify(src/my_cpp_pkg) by extension 'ignore_ament_install'
[1.406s] Level 1:colcon.colcon_core.package_identification:_identify(src/my_cpp_pkg) by extensions ['colcon_pkg']
[1.406s] Level 1:colcon.colcon_core.package_identification:_identify(src/my_cpp_pkg) by extension 'colcon_pkg'
[1.406s] Level 1:colcon.colcon_core.package_identification:_identify(src/my_cpp_pkg) by extensions ['colcon_meta']
[1.406s] Level 1:colcon.colcon_core.package_identification:_identify(src/my_cpp_pkg) by extension 'colcon_meta'
[1.406s] Level 1:colcon.colcon_core.package_identification:_identify(src/my_cpp_pkg) by extensions ['ros']
[1.407s] Level 1:colcon.colcon_core.package_identification:_identify(src/my_cpp_pkg) by extension 'ros'
[1.411s] DEBUG:colcon.colcon_core.package_identification:Package 'src/my_cpp_pkg' with type 'ros.ament_cmake' and name 'my_cpp_pkg'
[1.411s] Level 1:colcon.colcon_core.package_identification:_identify(src/my_py_pkg) by extensions ['ignore', 'ignore_ament_install']
[1.412s] Level 1:colcon.colcon_core.package_identification:_identify(src/my_py_pkg) by extension 'ignore'
[1.412s] Level 1:colcon.colcon_core.package_identification:_identify(src/my_py_pkg) by extension 'ignore_ament_install'
[1.412s] Level 1:colcon.colcon_core.package_identification:_identify(src/my_py_pkg) by extensions ['colcon_pkg']
[1.412s] Level 1:colcon.colcon_core.package_identification:_identify(src/my_py_pkg) by extension 'colcon_pkg'
[1.412s] Level 1:colcon.colcon_core.package_identification:_identify(src/my_py_pkg) by extensions ['colcon_meta']
[1.412s] Level 1:colcon.colcon_core.package_identification:_identify(src/my_py_pkg) by extension 'colcon_meta'
[1.412s] Level 1:colcon.colcon_core.package_identification:_identify(src/my_py_pkg) by extensions ['ros']
[1.412s] Level 1:colcon.colcon_core.package_identification:_identify(src/my_py_pkg) by extension 'ros'
[1.413s] DEBUG:colcon.colcon_core.package_identification:Package 'src/my_py_pkg' with type 'ros.ament_python' and name 'my_py_pkg'
[1.413s] Level 1:colcon.colcon_core.package_discovery:discover_packages(recursive) using defaults
[1.414s] Level 1:colcon.colcon_core.package_discovery:discover_packages(ignore) discover
[1.414s] Level 1:colcon.colcon_core.package_discovery:discover_packages(ignore) using defaults
[1.414s] Level 1:colcon.colcon_core.package_discovery:discover_packages(path) discover
[1.414s] Level 1:colcon.colcon_core.package_discovery:discover_packages(path) using defaults
[1.494s] INFO:colcon.colcon_core.package_selection:Skipping not selected package 'my_py_pkg' in 'src/my_py_pkg'
[1.525s] Level 1:colcon.colcon_core.package_discovery:discover_packages(prefix_path) check parameters
[1.525s] Level 1:colcon.colcon_core.package_discovery:discover_packages(prefix_path) discover
[1.558s] DEBUG:colcon.colcon_installed_package_information.package_discovery:Found 24 installed packages in /home/matin/ros2_ws/install
[1.577s] DEBUG:colcon.colcon_installed_package_information.package_discovery:Found 270 installed packages in /opt/ros/humble
[1.579s] Level 1:colcon.colcon_core.package_discovery:discover_packages(prefix_path) using defaults
[1.707s] Level 5:colcon.colcon_core.verb:set package 'my_cpp_pkg' build argument 'cmake_args' from command line to 'None'
[1.707s] Level 5:colcon.colcon_core.verb:set package 'my_cpp_pkg' build argument 'cmake_target' from command line to 'None'
[1.707s] Level 5:colcon.colcon_core.verb:set package 'my_cpp_pkg' build argument 'cmake_target_skip_unavailable' from command line to 'False'
[1.707s] Level 5:colcon.colcon_core.verb:set package 'my_cpp_pkg' build argument 'cmake_clean_cache' from command line to 'False'
[1.707s] Level 5:colcon.colcon_core.verb:set package 'my_cpp_pkg' build argument 'cmake_clean_first' from command line to 'False'
[1.707s] Level 5:colcon.colcon_core.verb:set package 'my_cpp_pkg' build argument 'cmake_force_configure' from command line to 'False'
[1.707s] Level 5:colcon.colcon_core.verb:set package 'my_cpp_pkg' build argument 'ament_cmake_args' from command line to 'None'
[1.707s] Level 5:colcon.colcon_core.verb:set package 'my_cpp_pkg' build argument 'catkin_cmake_args' from command line to 'None'
[1.707s] Level 5:colcon.colcon_core.verb:set package 'my_cpp_pkg' build argument 'catkin_skip_building_tests' from command line to 'False'
[1.707s] DEBUG:colcon.colcon_core.verb:Building package 'my_cpp_pkg' with the following arguments: {'ament_cmake_args': None, 'build_base': '/home/matin/ros2_ws/build/my_cpp_pkg', 'catkin_cmake_args': None, 'catkin_skip_building_tests': False, 'cmake_args': None, 'cmake_clean_cache': False, 'cmake_clean_first': False, 'cmake_force_configure': False, 'cmake_target': None, 'cmake_target_skip_unavailable': False, 'install_base': '/home/matin/ros2_ws/install/my_cpp_pkg', 'merge_install': False, 'path': '/home/matin/ros2_ws/src/my_cpp_pkg', 'symlink_install': False, 'test_result_base': None}
[1.723s] INFO:colcon.colcon_core.executor:Executing jobs using 'parallel' executor
[1.738s] DEBUG:colcon.colcon_parallel_executor.executor.parallel:run_until_complete
[1.738s] INFO:colcon.colcon_ros.task.ament_cmake.build:Building ROS package in '/home/matin/ros2_ws/src/my_cpp_pkg' with build type 'ament_cmake'
[1.738s] INFO:colcon.colcon_cmake.task.cmake.build:Building CMake package in '/home/matin/ros2_ws/src/my_cpp_pkg'
[1.758s] INFO:colcon.colcon_core.plugin_system:Skipping extension 'colcon_core.shell.bat': Not used on non-Windows systems
[1.758s] INFO:colcon.colcon_core.shell:Skip shell extension 'powershell' for command environment: Not usable outside of PowerShell
[1.758s] DEBUG:colcon.colcon_core.shell:Skip shell extension 'dsv' for command environment
[1.818s] DEBUG:colcon.colcon_core.event_handler.log_command:Invoking command in '/home/matin/ros2_ws/build/my_cpp_pkg': CMAKE_PREFIX_PATH=${CMAKE_PREFIX_PATH}:/home/matin/ros2_ws/install/my_py_pkg:/home/matin/ros2_ws/install/launch_testing_examples:/home/matin/ros2_ws/install/examples_rclpy_pointcloud_publisher:/home/matin/ros2_ws/install/examples_rclpy_minimal_subscriber:/home/matin/ros2_ws/install/examples_rclpy_minimal_service:/home/matin/ros2_ws/install/examples_rclpy_minimal_publisher:/home/matin/ros2_ws/install/examples_rclpy_minimal_client:/home/matin/ros2_ws/install/examples_rclpy_minimal_action_server:/home/matin/ros2_ws/install/examples_rclpy_minimal_action_client:/home/matin/ros2_ws/install/examples_rclpy_guard_conditions:/home/matin/ros2_ws/install/examples_rclpy_executors:/opt/ros/humble CONDA_PROMPT_MODIFIER=(SpaceConcordia) /usr/bin/cmake --build /home/matin/ros2_ws/build/my_cpp_pkg -- -j8 -l8
[22.080s] DEBUG:colcon.colcon_core.event_handler.log_command:Invoked command in '/home/matin/ros2_ws/build/my_cpp_pkg' returned '0': CMAKE_PREFIX_PATH=${CMAKE_PREFIX_PATH}:/home/matin/ros2_ws/install/my_py_pkg:/home/matin/ros2_ws/install/launch_testing_examples:/home/matin/ros2_ws/install/examples_rclpy_pointcloud_publisher:/home/matin/ros2_ws/install/examples_rclpy_minimal_subscriber:/home/matin/ros2_ws/install/examples_rclpy_minimal_service:/home/matin/ros2_ws/install/examples_rclpy_minimal_publisher:/home/matin/ros2_ws/install/examples_rclpy_minimal_client:/home/matin/ros2_ws/install/examples_rclpy_minimal_action_server:/home/matin/ros2_ws/install/examples_rclpy_minimal_action_client:/home/matin/ros2_ws/install/examples_rclpy_guard_conditions:/home/matin/ros2_ws/install/examples_rclpy_executors:/opt/ros/humble CONDA_PROMPT_MODIFIER=(SpaceConcordia) /usr/bin/cmake --build /home/matin/ros2_ws/build/my_cpp_pkg -- -j8 -l8
[22.123s] DEBUG:colcon.colcon_core.event_handler.log_command:Invoking command in '/home/matin/ros2_ws/build/my_cpp_pkg': CMAKE_PREFIX_PATH=${CMAKE_PREFIX_PATH}:/home/matin/ros2_ws/install/my_py_pkg:/home/matin/ros2_ws/install/launch_testing_examples:/home/matin/ros2_ws/install/examples_rclpy_pointcloud_publisher:/home/matin/ros2_ws/install/examples_rclpy_minimal_subscriber:/home/matin/ros2_ws/install/examples_rclpy_minimal_service:/home/matin/ros2_ws/install/examples_rclpy_minimal_publisher:/home/matin/ros2_ws/install/examples_rclpy_minimal_client:/home/matin/ros2_ws/install/examples_rclpy_minimal_action_server:/home/matin/ros2_ws/install/examples_rclpy_minimal_action_client:/home/matin/ros2_ws/install/examples_rclpy_guard_conditions:/home/matin/ros2_ws/install/examples_rclpy_executors:/opt/ros/humble CONDA_PROMPT_MODIFIER=(SpaceConcordia) /usr/bin/cmake --install /home/matin/ros2_ws/build/my_cpp_pkg
[22.141s] Level 1:colcon.colcon_core.environment:create_environment_scripts_only(my_cpp_pkg)
[22.142s] DEBUG:colcon.colcon_core.event_handler.log_command:Invoked command in '/home/matin/ros2_ws/build/my_cpp_pkg' returned '0': CMAKE_PREFIX_PATH=${CMAKE_PREFIX_PATH}:/home/matin/ros2_ws/install/my_py_pkg:/home/matin/ros2_ws/install/launch_testing_examples:/home/matin/ros2_ws/install/examples_rclpy_pointcloud_publisher:/home/matin/ros2_ws/install/examples_rclpy_minimal_subscriber:/home/matin/ros2_ws/install/examples_rclpy_minimal_service:/home/matin/ros2_ws/install/examples_rclpy_minimal_publisher:/home/matin/ros2_ws/install/examples_rclpy_minimal_client:/home/matin/ros2_ws/install/examples_rclpy_minimal_action_server:/home/matin/ros2_ws/install/examples_rclpy_minimal_action_client:/home/matin/ros2_ws/install/examples_rclpy_guard_conditions:/home/matin/ros2_ws/install/examples_rclpy_executors:/opt/ros/humble CONDA_PROMPT_MODIFIER=(SpaceConcordia) /usr/bin/cmake --install /home/matin/ros2_ws/build/my_cpp_pkg
[22.160s] Level 1:colcon.colcon_core.environment:checking '/home/matin/ros2_ws/install/my_cpp_pkg' for CMake module files
[22.160s] Level 1:colcon.colcon_core.environment:checking '/home/matin/ros2_ws/install/my_cpp_pkg' for CMake config files
[22.161s] Level 1:colcon.colcon_core.shell:create_environment_hook('my_cpp_pkg', 'cmake_prefix_path')
[22.177s] INFO:colcon.colcon_core.shell:Creating environment hook '/home/matin/ros2_ws/install/my_cpp_pkg/share/my_cpp_pkg/hook/cmake_prefix_path.ps1'
[22.178s] INFO:colcon.colcon_core.shell:Creating environment descriptor '/home/matin/ros2_ws/install/my_cpp_pkg/share/my_cpp_pkg/hook/cmake_prefix_path.dsv'
[22.179s] INFO:colcon.colcon_core.shell:Creating environment hook '/home/matin/ros2_ws/install/my_cpp_pkg/share/my_cpp_pkg/hook/cmake_prefix_path.sh'
[22.180s] Level 1:colcon.colcon_core.environment:checking '/home/matin/ros2_ws/install/my_cpp_pkg/lib'
[22.180s] Level 1:colcon.colcon_core.environment:checking '/home/matin/ros2_ws/install/my_cpp_pkg/bin'
[22.180s] Level 1:colcon.colcon_core.environment:checking '/home/matin/ros2_ws/install/my_cpp_pkg/lib/pkgconfig/my_cpp_pkg.pc'
[22.181s] Level 1:colcon.colcon_core.environment:checking '/home/matin/ros2_ws/install/my_cpp_pkg/lib/python3.10/site-packages'
[22.181s] Level 1:colcon.colcon_core.environment:checking '/home/matin/ros2_ws/install/my_cpp_pkg/bin'
[22.198s] INFO:colcon.colcon_core.shell:Creating package script '/home/matin/ros2_ws/install/my_cpp_pkg/share/my_cpp_pkg/package.ps1'
[22.199s] INFO:colcon.colcon_core.shell:Creating package descriptor '/home/matin/ros2_ws/install/my_cpp_pkg/share/my_cpp_pkg/package.dsv'
[22.200s] INFO:colcon.colcon_core.shell:Creating package script '/home/matin/ros2_ws/install/my_cpp_pkg/share/my_cpp_pkg/package.sh'
[22.201s] INFO:colcon.colcon_core.shell:Creating package script '/home/matin/ros2_ws/install/my_cpp_pkg/share/my_cpp_pkg/package.bash'
[22.202s] INFO:colcon.colcon_core.shell:Creating package script '/home/matin/ros2_ws/install/my_cpp_pkg/share/my_cpp_pkg/package.zsh'
[22.203s] Level 1:colcon.colcon_core.environment:create_file_with_runtime_dependencies(/home/matin/ros2_ws/install/my_cpp_pkg/share/colcon-core/packages/my_cpp_pkg)
[22.266s] Level 1:colcon.colcon_core.environment:create_environment_scripts_only(my_cpp_pkg)
[22.281s] Level 1:colcon.colcon_core.environment:checking '/home/matin/ros2_ws/install/my_cpp_pkg' for CMake module files
[22.281s] Level 1:colcon.colcon_core.environment:checking '/home/matin/ros2_ws/install/my_cpp_pkg' for CMake config files
[22.282s] Level 1:colcon.colcon_core.shell:create_environment_hook('my_cpp_pkg', 'cmake_prefix_path')
[22.296s] INFO:colcon.colcon_core.shell:Creating environment hook '/home/matin/ros2_ws/install/my_cpp_pkg/share/my_cpp_pkg/hook/cmake_prefix_path.ps1'
[22.296s] INFO:colcon.colcon_core.shell:Creating environment descriptor '/home/matin/ros2_ws/install/my_cpp_pkg/share/my_cpp_pkg/hook/cmake_prefix_path.dsv'
[22.297s] INFO:colcon.colcon_core.shell:Creating environment hook '/home/matin/ros2_ws/install/my_cpp_pkg/share/my_cpp_pkg/hook/cmake_prefix_path.sh'
[22.298s] Level 1:colcon.colcon_core.environment:checking '/home/matin/ros2_ws/install/my_cpp_pkg/lib'
[22.298s] Level 1:colcon.colcon_core.environment:checking '/home/matin/ros2_ws/install/my_cpp_pkg/bin'
[22.298s] Level 1:colcon.colcon_core.environment:checking '/home/matin/ros2_ws/install/my_cpp_pkg/lib/pkgconfig/my_cpp_pkg.pc'
[22.298s] Level 1:colcon.colcon_core.environment:checking '/home/matin/ros2_ws/install/my_cpp_pkg/lib/python3.10/site-packages'
[22.298s] Level 1:colcon.colcon_core.environment:checking '/home/matin/ros2_ws/install/my_cpp_pkg/bin'
[22.313s] INFO:colcon.colcon_core.shell:Creating package script '/home/matin/ros2_ws/install/my_cpp_pkg/share/my_cpp_pkg/package.ps1'
[22.314s] INFO:colcon.colcon_core.shell:Creating package descriptor '/home/matin/ros2_ws/install/my_cpp_pkg/share/my_cpp_pkg/package.dsv'
[22.315s] INFO:colcon.colcon_core.shell:Creating package script '/home/matin/ros2_ws/install/my_cpp_pkg/share/my_cpp_pkg/package.sh'
[22.315s] INFO:colcon.colcon_core.shell:Creating package script '/home/matin/ros2_ws/install/my_cpp_pkg/share/my_cpp_pkg/package.bash'
[22.316s] INFO:colcon.colcon_core.shell:Creating package script '/home/matin/ros2_ws/install/my_cpp_pkg/share/my_cpp_pkg/package.zsh'
[22.316s] Level 1:colcon.colcon_core.environment:create_file_with_runtime_dependencies(/home/matin/ros2_ws/install/my_cpp_pkg/share/colcon-core/packages/my_cpp_pkg)
[22.317s] DEBUG:colcon.colcon_parallel_executor.executor.parallel:closing loop
[22.318s] DEBUG:colcon.colcon_parallel_executor.executor.parallel:loop closed
[22.319s] DEBUG:colcon.colcon_parallel_executor.executor.parallel:run_until_complete finished with '0'
[22.319s] DEBUG:colcon.colcon_core.event_reactor:joining thread
[22.386s] INFO:colcon.colcon_core.plugin_system:Skipping extension 'colcon_notification.desktop_notification.notify_send': Could not find 'notify-send'
[22.386s] INFO:colcon.colcon_core.plugin_system:Skipping extension 'colcon_notification.desktop_notification.terminal_notifier': Not used on non-Darwin systems
[22.386s] INFO:colcon.colcon_core.plugin_system:Skipping extension 'colcon_notification.desktop_notification.win32': Not used on non-Windows systems
[22.387s] INFO:colcon.colcon_notification.desktop_notification:Sending desktop notification using 'notify2'
[22.387s] DEBUG:colcon.colcon_notification.desktop_notification.notify2:Failed to initialize notify2: org.freedesktop.DBus.Error.FileNotFound: Failed to connect to socket /run/user/1000/bus: No such file or directory
[22.387s] DEBUG:colcon.colcon_core.event_reactor:joined thread
[22.403s] INFO:colcon.colcon_core.shell:Creating prefix script '/home/matin/ros2_ws/install/local_setup.ps1'
[22.404s] INFO:colcon.colcon_core.shell:Creating prefix util module '/home/matin/ros2_ws/install/_local_setup_util_ps1.py'
[22.406s] INFO:colcon.colcon_core.shell:Creating prefix chain script '/home/matin/ros2_ws/install/setup.ps1'
[22.422s] INFO:colcon.colcon_core.shell:Creating prefix script '/home/matin/ros2_ws/install/local_setup.sh'
[22.423s] INFO:colcon.colcon_core.shell:Creating prefix util module '/home/matin/ros2_ws/install/_local_setup_util_sh.py'
[22.424s] INFO:colcon.colcon_core.shell:Creating prefix chain script '/home/matin/ros2_ws/install/setup.sh'
[22.440s] INFO:colcon.colcon_core.shell:Creating prefix script '/home/matin/ros2_ws/install/local_setup.bash'
[22.441s] INFO:colcon.colcon_core.shell:Creating prefix chain script '/home/matin/ros2_ws/install/setup.bash'
[22.460s] INFO:colcon.colcon_core.shell:Creating prefix script '/home/matin/ros2_ws/install/local_setup.zsh'
[22.461s] INFO:colcon.colcon_core.shell:Creating prefix chain script '/home/matin/ros2_ws/install/setup.zsh'
