[0.206s] Invoking command in '/home/matin/ros2_ws/build/examples_rclcpp_minimal_publisher': CMAKE_PREFIX_PATH=/opt/ros/humble CONDA_PROMPT_MODIFIER=(SpaceConcordia) /usr/bin/cmake /home/matin/ros2_ws/src/examples/rclcpp/topics/minimal_publisher -DCMAKE_INSTALL_PREFIX=/home/matin/ros2_ws/install/examples_rclcpp_minimal_publisher
[5.291s] -- Found ament_cmake: 1.3.7 (/opt/ros/humble/share/ament_cmake/cmake)
[5.292s] -- Override CMake install command with custom implementation using symlinks instead of copying resources
[5.302s] -- Found rclcpp: 16.0.8 (/opt/ros/humble/share/rclcpp/cmake)
[5.303s] -- Found rosidl_generator_c: 3.1.5 (/opt/ros/humble/share/rosidl_generator_c/cmake)
[5.303s] -- Found rosidl_adapter: 3.1.5 (/opt/ros/humble/share/rosidl_adapter/cmake)
[5.303s] -- Found rosidl_generator_cpp: 3.1.5 (/opt/ros/humble/share/rosidl_generator_cpp/cmake)
[5.303s] -- Using all available rosidl_typesupport_c: rosidl_typesupport_fastrtps_c;rosidl_typesupport_introspection_c
[5.303s] -- Using all available rosidl_typesupport_cpp: rosidl_typesupport_fastrtps_cpp;rosidl_typesupport_introspection_cpp
[5.303s] -- Found rmw_implementation_cmake: 6.1.1 (/opt/ros/humble/share/rmw_implementation_cmake/cmake)
[5.303s] -- Found rmw_fastrtps_cpp: 6.2.6 (/opt/ros/humble/share/rmw_fastrtps_cpp/cmake)
[5.304s] -- Using RMW implementation 'rmw_fastrtps_cpp' as default
[5.304s] -- Found ament_lint_auto: 0.12.10 (/opt/ros/humble/share/ament_lint_auto/cmake)
[5.304s] -- Added test 'copyright' to check source files copyright and LICENSE
[5.304s] -- Added test 'cppcheck' to perform static code analysis on C / C++ code
[5.304s] -- Configured cppcheck include dirs: 
[5.304s] -- Configured cppcheck exclude dirs and/or files: 
[5.305s] -- Added test 'cpplint' to check C / C++ code against the Google style
[5.305s] -- Configured cpplint exclude dirs and/or files: 
[5.305s] -- Added test 'lint_cmake' to check CMake code style
[5.305s] -- Added test 'uncrustify' to check C / C++ code style
[5.305s] -- Configured uncrustify additional arguments: 
[5.305s] -- Added test 'xmllint' to check XML markup files
[5.306s] -- Configuring done
[5.371s] -- Generating done
[5.394s] -- Build files have been written to: /home/matin/ros2_ws/build/examples_rclcpp_minimal_publisher
[5.421s] Invoked command in '/home/matin/ros2_ws/build/examples_rclcpp_minimal_publisher' returned '0': CMAKE_PREFIX_PATH=/opt/ros/humble CONDA_PROMPT_MODIFIER=(SpaceConcordia) /usr/bin/cmake /home/matin/ros2_ws/src/examples/rclcpp/topics/minimal_publisher -DCMAKE_INSTALL_PREFIX=/home/matin/ros2_ws/install/examples_rclcpp_minimal_publisher
[5.421s] Invoking command in '/home/matin/ros2_ws/build/examples_rclcpp_minimal_publisher': CMAKE_PREFIX_PATH=/opt/ros/humble CONDA_PROMPT_MODIFIER=(SpaceConcordia) /usr/bin/cmake --build /home/matin/ros2_ws/build/examples_rclcpp_minimal_publisher -- -j8 -l8
[5.500s] [35m[1mConsolidate compiler generated dependencies of target publisher_member_function_with_type_adapter[0m
[5.510s] [35m[1mConsolidate compiler generated dependencies of target publisher_lambda[0m
[5.518s] [35m[1mConsolidate compiler generated dependencies of target publisher_member_function_with_unique_network_flow_endpoints[0m
[5.523s] [35m[1mConsolidate compiler generated dependencies of target publisher_member_function[0m
[5.541s] [35m[1mConsolidate compiler generated dependencies of target publisher_wait_for_all_acked[0m
[5.563s] [ 16%] Built target publisher_member_function_with_type_adapter
[5.566s] [ 33%] Built target publisher_lambda
[5.572s] [ 50%] Built target publisher_member_function
[5.583s] [ 66%] Built target publisher_member_function_with_unique_network_flow_endpoints
[5.586s] [ 83%] Built target publisher_wait_for_all_acked
[5.596s] [35m[1mConsolidate compiler generated dependencies of target publisher_not_composable[0m
[5.624s] [100%] Built target publisher_not_composable
[5.645s] Invoked command in '/home/matin/ros2_ws/build/examples_rclcpp_minimal_publisher' returned '0': CMAKE_PREFIX_PATH=/opt/ros/humble CONDA_PROMPT_MODIFIER=(SpaceConcordia) /usr/bin/cmake --build /home/matin/ros2_ws/build/examples_rclcpp_minimal_publisher -- -j8 -l8
[5.785s] Invoking command in '/home/matin/ros2_ws/build/examples_rclcpp_minimal_publisher': CMAKE_PREFIX_PATH=/opt/ros/humble CONDA_PROMPT_MODIFIER=(SpaceConcordia) /usr/bin/cmake --install /home/matin/ros2_ws/build/examples_rclcpp_minimal_publisher
[5.802s] -- Install configuration: ""
[5.802s] -- Execute custom install script
[5.803s] -- Up-to-date symlink: /home/matin/ros2_ws/install/examples_rclcpp_minimal_publisher/lib/examples_rclcpp_minimal_publisher/publisher_lambda
[5.803s] -- Up-to-date symlink: /home/matin/ros2_ws/install/examples_rclcpp_minimal_publisher/lib/examples_rclcpp_minimal_publisher/publisher_member_function
[5.803s] -- Up-to-date symlink: /home/matin/ros2_ws/install/examples_rclcpp_minimal_publisher/lib/examples_rclcpp_minimal_publisher/publisher_member_function_with_type_adapter
[5.804s] -- Up-to-date symlink: /home/matin/ros2_ws/install/examples_rclcpp_minimal_publisher/lib/examples_rclcpp_minimal_publisher/publisher_member_function_with_unique_network_flow_endpoints
[5.804s] -- Up-to-date symlink: /home/matin/ros2_ws/install/examples_rclcpp_minimal_publisher/lib/examples_rclcpp_minimal_publisher/publisher_wait_for_all_acked
[5.804s] -- Up-to-date symlink: /home/matin/ros2_ws/install/examples_rclcpp_minimal_publisher/lib/examples_rclcpp_minimal_publisher/publisher_not_composable
[5.804s] -- Up-to-date symlink: /home/matin/ros2_ws/install/examples_rclcpp_minimal_publisher/share/ament_index/resource_index/package_run_dependencies/examples_rclcpp_minimal_publisher
[5.805s] -- Up-to-date symlink: /home/matin/ros2_ws/install/examples_rclcpp_minimal_publisher/share/ament_index/resource_index/parent_prefix_path/examples_rclcpp_minimal_publisher
[5.805s] -- Up-to-date symlink: /home/matin/ros2_ws/install/examples_rclcpp_minimal_publisher/share/examples_rclcpp_minimal_publisher/environment/ament_prefix_path.sh
[5.805s] -- Up-to-date symlink: /home/matin/ros2_ws/install/examples_rclcpp_minimal_publisher/share/examples_rclcpp_minimal_publisher/environment/ament_prefix_path.dsv
[5.805s] -- Up-to-date symlink: /home/matin/ros2_ws/install/examples_rclcpp_minimal_publisher/share/examples_rclcpp_minimal_publisher/environment/path.sh
[5.805s] -- Up-to-date symlink: /home/matin/ros2_ws/install/examples_rclcpp_minimal_publisher/share/examples_rclcpp_minimal_publisher/environment/path.dsv
[5.806s] -- Up-to-date symlink: /home/matin/ros2_ws/install/examples_rclcpp_minimal_publisher/share/examples_rclcpp_minimal_publisher/local_setup.bash
[5.806s] -- Up-to-date symlink: /home/matin/ros2_ws/install/examples_rclcpp_minimal_publisher/share/examples_rclcpp_minimal_publisher/local_setup.sh
[5.806s] -- Up-to-date symlink: /home/matin/ros2_ws/install/examples_rclcpp_minimal_publisher/share/examples_rclcpp_minimal_publisher/local_setup.zsh
[5.807s] -- Up-to-date symlink: /home/matin/ros2_ws/install/examples_rclcpp_minimal_publisher/share/examples_rclcpp_minimal_publisher/local_setup.dsv
[5.809s] -- Symlinking: /home/matin/ros2_ws/install/examples_rclcpp_minimal_publisher/share/examples_rclcpp_minimal_publisher/package.dsv
[5.825s] -- Up-to-date symlink: /home/matin/ros2_ws/install/examples_rclcpp_minimal_publisher/share/ament_index/resource_index/packages/examples_rclcpp_minimal_publisher
[5.825s] -- Up-to-date symlink: /home/matin/ros2_ws/install/examples_rclcpp_minimal_publisher/share/examples_rclcpp_minimal_publisher/cmake/examples_rclcpp_minimal_publisherConfig.cmake
[5.825s] -- Up-to-date symlink: /home/matin/ros2_ws/install/examples_rclcpp_minimal_publisher/share/examples_rclcpp_minimal_publisher/cmake/examples_rclcpp_minimal_publisherConfig-version.cmake
[5.826s] -- Up-to-date symlink: /home/matin/ros2_ws/install/examples_rclcpp_minimal_publisher/share/examples_rclcpp_minimal_publisher/package.xml
[5.981s] Invoked command in '/home/matin/ros2_ws/build/examples_rclcpp_minimal_publisher' returned '0': CMAKE_PREFIX_PATH=/opt/ros/humble CONDA_PROMPT_MODIFIER=(SpaceConcordia) /usr/bin/cmake --install /home/matin/ros2_ws/build/examples_rclcpp_minimal_publisher
