[0.244s] Invoking command in '/home/matin/ros2_ws/build/examples_rclcpp_minimal_client': CMAKE_PREFIX_PATH=/opt/ros/humble CONDA_PROMPT_MODIFIER=(SpaceConcordia) /usr/bin/cmake /home/matin/ros2_ws/src/examples/rclcpp/services/minimal_client -DCMAKE_INSTALL_PREFIX=/home/matin/ros2_ws/install/examples_rclcpp_minimal_client
[0.352s] -- Found ament_cmake: 1.3.7 (/opt/ros/humble/share/ament_cmake/cmake)
[0.563s] -- Override CMake install command with custom implementation using symlinks instead of copying resources
[0.593s] -- Found example_interfaces: 0.9.3 (/opt/ros/humble/share/example_interfaces/cmake)
[0.783s] -- Found rosidl_generator_c: 3.1.5 (/opt/ros/humble/share/rosidl_generator_c/cmake)
[0.790s] -- Found rosidl_adapter: 3.1.5 (/opt/ros/humble/share/rosidl_adapter/cmake)
[0.806s] -- Found rosidl_generator_cpp: 3.1.5 (/opt/ros/humble/share/rosidl_generator_cpp/cmake)
[0.831s] -- Using all available rosidl_typesupport_c: rosidl_typesupport_fastrtps_c;rosidl_typesupport_introspection_c
[0.863s] -- Using all available rosidl_typesupport_cpp: rosidl_typesupport_fastrtps_cpp;rosidl_typesupport_introspection_cpp
[1.267s] -- Found rclcpp: 16.0.8 (/opt/ros/humble/share/rclcpp/cmake)
[1.406s] -- Found rmw_implementation_cmake: 6.1.1 (/opt/ros/humble/share/rmw_implementation_cmake/cmake)
[1.412s] -- Found rmw_fastrtps_cpp: 6.2.6 (/opt/ros/humble/share/rmw_fastrtps_cpp/cmake)
[4.590s] -- Using RMW implementation 'rmw_fastrtps_cpp' as default
[5.115s] -- Found ament_lint_auto: 0.12.10 (/opt/ros/humble/share/ament_lint_auto/cmake)
[5.376s] -- Added test 'copyright' to check source files copyright and LICENSE
[5.380s] -- Added test 'cppcheck' to perform static code analysis on C / C++ code
[5.381s] -- Configured cppcheck include dirs: 
[5.381s] -- Configured cppcheck exclude dirs and/or files: 
[5.383s] -- Added test 'cpplint' to check C / C++ code against the Google style
[5.383s] -- Configured cpplint exclude dirs and/or files: 
[5.388s] -- Added test 'lint_cmake' to check CMake code style
[5.391s] -- Added test 'uncrustify' to check C / C++ code style
[5.391s] -- Configured uncrustify additional arguments: 
[5.392s] -- Added test 'xmllint' to check XML markup files
[5.419s] -- Configuring done
[5.483s] -- Generating done
[5.498s] -- Build files have been written to: /home/matin/ros2_ws/build/examples_rclcpp_minimal_client
[5.544s] Invoked command in '/home/matin/ros2_ws/build/examples_rclcpp_minimal_client' returned '0': CMAKE_PREFIX_PATH=/opt/ros/humble CONDA_PROMPT_MODIFIER=(SpaceConcordia) /usr/bin/cmake /home/matin/ros2_ws/src/examples/rclcpp/services/minimal_client -DCMAKE_INSTALL_PREFIX=/home/matin/ros2_ws/install/examples_rclcpp_minimal_client
[5.545s] Invoking command in '/home/matin/ros2_ws/build/examples_rclcpp_minimal_client': CMAKE_PREFIX_PATH=/opt/ros/humble CONDA_PROMPT_MODIFIER=(SpaceConcordia) /usr/bin/cmake --build /home/matin/ros2_ws/build/examples_rclcpp_minimal_client -- -j8 -l8
[5.689s] [35m[1mConsolidate compiler generated dependencies of target client_main[0m
[5.689s] [100%] Built target client_main
[5.716s] Invoked command in '/home/matin/ros2_ws/build/examples_rclcpp_minimal_client' returned '0': CMAKE_PREFIX_PATH=/opt/ros/humble CONDA_PROMPT_MODIFIER=(SpaceConcordia) /usr/bin/cmake --build /home/matin/ros2_ws/build/examples_rclcpp_minimal_client -- -j8 -l8
[5.882s] Invoking command in '/home/matin/ros2_ws/build/examples_rclcpp_minimal_client': CMAKE_PREFIX_PATH=/opt/ros/humble CONDA_PROMPT_MODIFIER=(SpaceConcordia) /usr/bin/cmake --install /home/matin/ros2_ws/build/examples_rclcpp_minimal_client
[5.905s] -- Install configuration: ""
[5.905s] -- Execute custom install script
[5.906s] -- Up-to-date symlink: /home/matin/ros2_ws/install/examples_rclcpp_minimal_client/lib/examples_rclcpp_minimal_client/client_main
[5.906s] -- Up-to-date symlink: /home/matin/ros2_ws/install/examples_rclcpp_minimal_client/share/ament_index/resource_index/package_run_dependencies/examples_rclcpp_minimal_client
[5.907s] -- Up-to-date symlink: /home/matin/ros2_ws/install/examples_rclcpp_minimal_client/share/ament_index/resource_index/parent_prefix_path/examples_rclcpp_minimal_client
[5.907s] -- Up-to-date symlink: /home/matin/ros2_ws/install/examples_rclcpp_minimal_client/share/examples_rclcpp_minimal_client/environment/ament_prefix_path.sh
[5.907s] -- Up-to-date symlink: /home/matin/ros2_ws/install/examples_rclcpp_minimal_client/share/examples_rclcpp_minimal_client/environment/ament_prefix_path.dsv
[5.907s] -- Up-to-date symlink: /home/matin/ros2_ws/install/examples_rclcpp_minimal_client/share/examples_rclcpp_minimal_client/environment/path.sh
[5.907s] -- Up-to-date symlink: /home/matin/ros2_ws/install/examples_rclcpp_minimal_client/share/examples_rclcpp_minimal_client/environment/path.dsv
[5.908s] -- Up-to-date symlink: /home/matin/ros2_ws/install/examples_rclcpp_minimal_client/share/examples_rclcpp_minimal_client/local_setup.bash
[5.908s] -- Up-to-date symlink: /home/matin/ros2_ws/install/examples_rclcpp_minimal_client/share/examples_rclcpp_minimal_client/local_setup.sh
[5.908s] -- Up-to-date symlink: /home/matin/ros2_ws/install/examples_rclcpp_minimal_client/share/examples_rclcpp_minimal_client/local_setup.zsh
[5.908s] -- Up-to-date symlink: /home/matin/ros2_ws/install/examples_rclcpp_minimal_client/share/examples_rclcpp_minimal_client/local_setup.dsv
[5.908s] -- Symlinking: /home/matin/ros2_ws/install/examples_rclcpp_minimal_client/share/examples_rclcpp_minimal_client/package.dsv
[5.919s] -- Up-to-date symlink: /home/matin/ros2_ws/install/examples_rclcpp_minimal_client/share/ament_index/resource_index/packages/examples_rclcpp_minimal_client
[5.920s] -- Up-to-date symlink: /home/matin/ros2_ws/install/examples_rclcpp_minimal_client/share/examples_rclcpp_minimal_client/cmake/examples_rclcpp_minimal_clientConfig.cmake
[5.921s] -- Up-to-date symlink: /home/matin/ros2_ws/install/examples_rclcpp_minimal_client/share/examples_rclcpp_minimal_client/cmake/examples_rclcpp_minimal_clientConfig-version.cmake
[5.922s] -- Up-to-date symlink: /home/matin/ros2_ws/install/examples_rclcpp_minimal_client/share/examples_rclcpp_minimal_client/package.xml
[5.934s] Invoked command in '/home/matin/ros2_ws/build/examples_rclcpp_minimal_client' returned '0': CMAKE_PREFIX_PATH=/opt/ros/humble CONDA_PROMPT_MODIFIER=(SpaceConcordia) /usr/bin/cmake --install /home/matin/ros2_ws/build/examples_rclcpp_minimal_client
